info: ::1 - - [20/Feb/2023:03:11:42 +0000] "POST /api/v1/users/login HTTP/1.1" 400 64 "-" "PostmanRuntime/7.31.0"

info: ::1 - - [20/Feb/2023:03:21:21 +0000] "POST /api/v1/users HTTP/1.1" 500 135 "-" "PostmanRuntime/7.31.0"

info: ::1 - - [20/Feb/2023:03:21:46 +0000] "POST /api/v1/users HTTP/1.1" 500 66 "-" "PostmanRuntime/7.31.0"

info: ::1 - - [20/Feb/2023:03:22:18 +0000] "POST /api/v1/users HTTP/1.1" 500 93 "-" "PostmanRuntime/7.31.0"

info: ::1 - - [20/Feb/2023:03:22:40 +0000] "POST /api/v1/users HTTP/1.1" 202 336 "-" "PostmanRuntime/7.31.0"

info: ::1 - - [20/Feb/2023:03:22:57 +0000] "POST /api/v1/users/login HTTP/1.1" 400 64 "-" "PostmanRuntime/7.31.0"

info: ::1 - - [20/Feb/2023:03:23:40 +0000] "POST /api/v1/users/login HTTP/1.1" 400 64 "-" "PostmanRuntime/7.31.0"

info: ::1 - - [20/Feb/2023:03:23:53 +0000] "POST /api/v1/users/login HTTP/1.1" 400 64 "-" "PostmanRuntime/7.31.0"

info: ::1 - - [20/Feb/2023:03:24:23 +0000] "POST /api/v1/users/login HTTP/1.1" 400 68 "-" "PostmanRuntime/7.31.0"

info: ::1 - - [20/Feb/2023:03:24:29 +0000] "POST /api/v1/users/login HTTP/1.1" 200 75 "-" "PostmanRuntime/7.31.0"

info: ::1 - - [20/Feb/2023:04:06:39 +0000] "POST /api/v1/users HTTP/1.1" 400 56 "-" "PostmanRuntime/7.31.0"

info: ::1 - - [20/Feb/2023:04:06:56 +0000] "POST /api/v1/users HTTP/1.1" 400 125 "-" "PostmanRuntime/7.31.0"

info: ::1 - - [20/Feb/2023:04:07:17 +0000] "POST /api/v1/users HTTP/1.1" 400 81 "-" "PostmanRuntime/7.31.0"

info: ::1 - - [20/Feb/2023:04:07:28 +0000] "POST /api/v1/users HTTP/1.1" 400 56 "-" "PostmanRuntime/7.31.0"

info: ::1 - - [20/Feb/2023:04:08:30 +0000] "POST /api/v1/users HTTP/1.1" 400 56 "-" "PostmanRuntime/7.31.0"

info: ::1 - - [20/Feb/2023:04:10:15 +0000] "POST /api/v1/users HTTP/1.1" 400 78 "-" "PostmanRuntime/7.31.0"

info: ::1 - - [20/Feb/2023:04:10:25 +0000] "POST /api/v1/users HTTP/1.1" 400 122 "-" "PostmanRuntime/7.31.0"

info: ::1 - - [20/Feb/2023:04:10:36 +0000] "POST /api/v1/users HTTP/1.1" 400 154 "-" "PostmanRuntime/7.31.0"

info: ::1 - - [20/Feb/2023:06:20:11 +0000] "POST /api/v1/users HTTP/1.1" 400 154 "-" "PostmanRuntime/7.31.0"

info: ::1 - - [20/Feb/2023:06:20:37 +0000] "POST /api/v1/users HTTP/1.1" 400 78 "-" "PostmanRuntime/7.31.0"

info: ::1 - - [20/Feb/2023:06:20:54 +0000] "POST /api/v1/users HTTP/1.1" 400 116 "-" "PostmanRuntime/7.31.0"

info: ::1 - - [20/Feb/2023:06:21:06 +0000] "POST /api/v1/users HTTP/1.1" 400 122 "-" "PostmanRuntime/7.31.0"

info: ::1 - - [20/Feb/2023:06:21:15 +0000] "POST /api/v1/users HTTP/1.1" 400 112 "-" "PostmanRuntime/7.31.0"

info: ::1 - - [20/Feb/2023:06:21:38 +0000] "POST /api/v1/users/login HTTP/1.1" 400 68 "-" "PostmanRuntime/7.31.0"

info: ::1 - - [20/Feb/2023:06:21:47 +0000] "POST /api/v1/users/login HTTP/1.1" 400 64 "-" "PostmanRuntime/7.31.0"

info: ::1 - - [20/Feb/2023:06:21:52 +0000] "POST /api/v1/users/login HTTP/1.1" 200 75 "-" "PostmanRuntime/7.31.0"

info: ::1 - - [20/Feb/2023:06:22:00 +0000] "POST /api/v1/users/login HTTP/1.1" 400 64 "-" "PostmanRuntime/7.31.0"

info: ::1 - - [20/Feb/2023:06:48:30 +0000] "POST /api/v1/users HTTP/1.1" 400 87 "-" "PostmanRuntime/7.31.0"

info: ::1 - - [20/Feb/2023:06:48:47 +0000] "POST /api/v1/users HTTP/1.1" 201 332 "-" "PostmanRuntime/7.31.0"

info: ::1 - - [20/Feb/2023:06:54:14 +0000] "POST /api/v1/users HTTP/1.1" 400 87 "-" "PostmanRuntime/7.31.0"

info: ::1 - - [20/Feb/2023:06:54:28 +0000] "POST /api/v1/users/login HTTP/1.1" 200 71 "-" "PostmanRuntime/7.31.0"

info: ::1 - - [20/Feb/2023:06:55:05 +0000] "POST /api/v1/users/login HTTP/1.1" 400 56 "-" "PostmanRuntime/7.31.0"

info: ::1 - - [20/Feb/2023:06:55:26 +0000] "POST /api/v1/users/login HTTP/1.1" 500 52 "-" "PostmanRuntime/7.31.0"

info: ::1 - - [20/Feb/2023:06:56:10 +0000] "POST /api/v1/users/login HTTP/1.1" 200 71 "-" "PostmanRuntime/7.31.0"

info: ::1 - - [20/Feb/2023:06:58:34 +0000] "POST /api/v1/users HTTP/1.1" 201 215 "-" "PostmanRuntime/7.31.0"

info: ::1 - - [20/Feb/2023:06:58:58 +0000] "POST /api/v1/users/login HTTP/1.1" 200 70 "-" "PostmanRuntime/7.31.0"

info: ::1 - - [20/Feb/2023:06:59:42 +0000] "POST /api/v1/users/login HTTP/1.1" 400 56 "-" "PostmanRuntime/7.31.0"

info: ::1 - - [20/Feb/2023:06:59:49 +0000] "POST /api/v1/users/login HTTP/1.1" 200 70 "-" "PostmanRuntime/7.31.0"

info: ::1 - - [20/Feb/2023:07:00:08 +0000] "POST /api/v1/users/login HTTP/1.1" 200 70 "-" "PostmanRuntime/7.31.0"

info: ::1 - - [20/Feb/2023:07:01:28 +0000] "POST /api/v1/users/login HTTP/1.1" 200 70 "-" "PostmanRuntime/7.31.0"

info: ::1 - - [20/Feb/2023:07:01:45 +0000] "POST /api/v1/users/login HTTP/1.1" 200 70 "-" "PostmanRuntime/7.31.0"

info: ::1 - - [20/Feb/2023:07:02:59 +0000] "POST /api/v1/users HTTP/1.1" 201 215 "-" "PostmanRuntime/7.31.0"

info: ::1 - - [20/Feb/2023:07:03:38 +0000] "POST /api/v1/users HTTP/1.1" 201 215 "-" "PostmanRuntime/7.31.0"

info: ::1 - - [20/Feb/2023:07:09:48 +0000] "POST /api/v1/users HTTP/1.1" 201 215 "-" "PostmanRuntime/7.31.0"

info: ::1 - - [20/Feb/2023:07:10:00 +0000] "POST /api/v1/users/login HTTP/1.1" 200 70 "-" "PostmanRuntime/7.31.0"

info: ::1 - - [20/Feb/2023:07:14:05 +0000] "POST /api/v1/users/login HTTP/1.1" 200 70 "-" "PostmanRuntime/7.31.0"

info: ::1 - - [20/Feb/2023:07:15:05 +0000] "POST /api/v1/users/login HTTP/1.1" 200 70 "-" "PostmanRuntime/7.31.0"

info: ::1 - - [20/Feb/2023:07:16:05 +0000] "POST /api/v1/users/login HTTP/1.1" 200 70 "-" "PostmanRuntime/7.31.0"

info: ::1 - - [20/Feb/2023:07:17:59 +0000] "POST /api/v1/users/login HTTP/1.1" 500 55 "-" "PostmanRuntime/7.31.0"

info: ::1 - - [20/Feb/2023:07:18:54 +0000] "POST /api/v1/users/login HTTP/1.1" 500 55 "-" "PostmanRuntime/7.31.0"

info: ::1 - - [20/Feb/2023:07:20:15 +0000] "POST /api/v1/users/login HTTP/1.1" 200 70 "-" "PostmanRuntime/7.31.0"

info: ::1 - - [20/Feb/2023:07:42:15 +0000] "POST /api/v1/users/login HTTP/1.1" 200 808 "-" "PostmanRuntime/7.31.0"

info: ::1 - - [20/Feb/2023:07:43:32 +0000] "POST /api/v1/users/login HTTP/1.1" 200 808 "-" "PostmanRuntime/7.31.0"

info: ::1 - - [20/Feb/2023:07:47:57 +0000] "POST /api/v1/users HTTP/1.1" 201 331 "-" "PostmanRuntime/7.31.0"

info: ::1 - - [20/Feb/2023:07:55:09 +0000] "POST /api/v1/users/login HTTP/1.1" 200 808 "-" "PostmanRuntime/7.31.0"

info: ::1 - - [20/Feb/2023:07:55:58 +0000] "POST /api/v1/users/login HTTP/1.1" 200 808 "-" "PostmanRuntime/7.31.0"

info: ::1 - - [20/Feb/2023:07:56:04 +0000] "POST /api/v1/users/login HTTP/1.1" 200 808 "-" "PostmanRuntime/7.31.0"

info: ::1 - - [20/Feb/2023:08:40:02 +0000] "POST /api/v1/notes HTTP/1.1" 400 56 "-" "PostmanRuntime/7.31.0"

info: ::1 - - [20/Feb/2023:08:41:45 +0000] "POST /api/v1/notes HTTP/1.1" 201 58 "-" "PostmanRuntime/7.31.0"

info: ::1 - - [20/Feb/2023:08:42:32 +0000] "POST /api/v1/notes HTTP/1.1" 201 58 "-" "PostmanRuntime/7.31.0"

info: ::1 - - [20/Feb/2023:08:42:57 +0000] "POST /api/v1/notes HTTP/1.1" 201 216 "-" "PostmanRuntime/7.31.0"

info: ::1 - - [20/Feb/2023:08:46:41 +0000] "POST /api/v1/notes HTTP/1.1" 201 216 "-" "PostmanRuntime/7.31.0"

info: ::1 - - [20/Feb/2023:08:47:20 +0000] "POST /api/v1/notes HTTP/1.1" 201 216 "-" "PostmanRuntime/7.31.0"

info: ::1 - - [20/Feb/2023:08:59:23 +0000] "GET /api/v1/notes HTTP/1.1" 404 47 "-" "PostmanRuntime/7.31.0"

info: ::1 - - [20/Feb/2023:09:00:12 +0000] "GET /api/v1/notes HTTP/1.1" 200 1028 "-" "PostmanRuntime/7.31.0"

info: ::1 - - [20/Feb/2023:10:13:59 +0000] "GET /api/v1/notes/63f33207e8e674013cbbeeb9 HTTP/1.1" 404 47 "-" "PostmanRuntime/7.31.0"

info: ::1 - - [20/Feb/2023:10:16:15 +0000] "GET /api/v1/notes/63f33207e8e674013cbbeeb9 HTTP/1.1" 200 219 "-" "PostmanRuntime/7.31.0"

info: ::1 - - [20/Feb/2023:10:16:33 +0000] "GET /api/v1/notes/63f33207e8e674013cbbeeb9 HTTP/1.1" 500 48 "-" "PostmanRuntime/7.31.0"

info: ::1 - - [20/Feb/2023:10:16:38 +0000] "GET /api/v1/notes/63f33207e8e674013cbbeeb9 HTTP/1.1" 200 219 "-" "PostmanRuntime/7.31.0"

info: ::1 - - [20/Feb/2023:10:27:45 +0000] "PUT /api/v1/notes/63f33207e8e674013cbbeeb9 HTTP/1.1" 404 47 "-" "PostmanRuntime/7.31.0"

info: ::1 - - [20/Feb/2023:10:29:00 +0000] "PUT /api/v1/notes/63f33207e8e674013cbbeeb9 HTTP/1.1" 200 222 "-" "PostmanRuntime/7.31.0"

info: ::1 - - [20/Feb/2023:10:40:09 +0000] "DELETE /api/v1/notes/63f33207e8e674013cbbeeb9 HTTP/1.1" 404 47 "-" "PostmanRuntime/7.31.0"

info: ::1 - - [20/Feb/2023:10:41:48 +0000] "DELETE /api/v1/notes/63f33207e8e674013cbbeeb9 HTTP/1.1" 200 221 "-" "PostmanRuntime/7.31.0"

info: ::1 - - [20/Feb/2023:10:42:02 +0000] "GET /api/v1/notes/63f33207e8e674013cbbeeb9 HTTP/1.1" 200 63 "-" "PostmanRuntime/7.31.0"

info: ::1 - - [20/Feb/2023:10:42:33 +0000] "DELETE /api/v1/notes/63f33207e8e674013cbbeeb9 HTTP/1.1" 200 62 "-" "PostmanRuntime/7.31.0"

info: ::1 - - [20/Feb/2023:10:43:55 +0000] "GET /api/v1/notes HTTP/1.1" 200 867 "-" "PostmanRuntime/7.31.0"

info: ::1 - - [20/Feb/2023:10:48:00 +0000] "POST /api/v1/notes HTTP/1.1" 201 216 "-" "PostmanRuntime/7.31.0"

info: ::1 - - [20/Feb/2023:11:06:04 +0000] "DELETE /api/v1/notes/63f33207e8e674013cbbeeb9 HTTP/1.1" 200 62 "-" "PostmanRuntime/7.31.0"

info: ::1 - - [20/Feb/2023:11:07:28 +0000] "DELETE /api/v1/notes/63f33207e8e674013cbbeeb9 HTTP/1.1" 200 62 "-" "PostmanRuntime/7.31.0"

info: ::1 - - [20/Feb/2023:11:09:04 +0000] "POST /api/v1/notes HTTP/1.1" 400 72 "-" "PostmanRuntime/7.31.0"

info: ::1 - - [20/Feb/2023:11:09:30 +0000] "POST /api/v1/notes HTTP/1.1" 201 219 "-" "PostmanRuntime/7.31.0"

info: ::1 - - [20/Feb/2023:11:10:00 +0000] "POST /api/v1/notes HTTP/1.1" 400 68 "-" "PostmanRuntime/7.31.0"

info: ::1 - - [20/Feb/2023:11:10:19 +0000] "POST /api/v1/notes HTTP/1.1" 400 83 "-" "PostmanRuntime/7.31.0"

info: ::1 - - [20/Feb/2023:11:10:42 +0000] "POST /api/v1/notes HTTP/1.1" 400 72 "-" "PostmanRuntime/7.31.0"

info: ::1 - - [20/Feb/2023:11:10:59 +0000] "GET /api/v1/notes HTTP/1.1" 200 1192 "-" "PostmanRuntime/7.31.0"

info: ::1 - - [20/Feb/2023:11:11:16 +0000] "GET /api/v1/notes/63f33207e8e674013cbbeeb9 HTTP/1.1" 404 52 "-" "PostmanRuntime/7.31.0"

info: ::1 - - [20/Feb/2023:11:12:01 +0000] "GET /api/v1/notes/63f354ea64d28831385fe5d3 HTTP/1.1" 200 222 "-" "PostmanRuntime/7.31.0"

info: ::1 - - [20/Feb/2023:11:12:08 +0000] "PUT /api/v1/notes/63f33207e8e674013cbbeeb9 HTTP/1.1" 404 52 "-" "PostmanRuntime/7.31.0"

info: ::1 - - [20/Feb/2023:11:12:16 +0000] "PUT /api/v1/notes/63f354ea64d28831385fe5d3 HTTP/1.1" 200 221 "-" "PostmanRuntime/7.31.0"

info: ::1 - - [20/Feb/2023:11:12:26 +0000] "DELETE /api/v1/notes/63f33207e8e674013cbbeeb9 HTTP/1.1" 200 62 "-" "PostmanRuntime/7.31.0"

info: ::1 - - [20/Feb/2023:11:13:21 +0000] "DELETE /api/v1/63f354ea64d28831385fe5d3 HTTP/1.1" 404 47 "-" "PostmanRuntime/7.31.0"

info: ::1 - - [20/Feb/2023:11:14:35 +0000] "DELETE /api/v1/63f354ea64d28831385fe5d3 HTTP/1.1" 404 47 "-" "PostmanRuntime/7.31.0"

info: ::1 - - [20/Feb/2023:11:15:47 +0000] "DELETE /api/v1/notes/63f354ea64d28831385fe5d3 HTTP/1.1" 200 221 "-" "PostmanRuntime/7.31.0"

info: ::1 - - [20/Feb/2023:11:15:53 +0000] "DELETE /api/v1/notes/63f354ea64d28831385fe5d3 HTTP/1.1" 200 62 "-" "PostmanRuntime/7.31.0"

info: ::1 - - [20/Feb/2023:11:16:06 +0000] "GET /api/v1/notes/63f354ea64d28831385fe5d3 HTTP/1.1" 404 52 "-" "PostmanRuntime/7.31.0"

info: ::1 - - [20/Feb/2023:11:16:12 +0000] "GET /api/v1/notes HTTP/1.1" 200 1028 "-" "PostmanRuntime/7.31.0"

info: ::1 - - [20/Feb/2023:11:16:30 +0000] "GET /api/v1/notes/63f34fe0c8f0f923645855ba HTTP/1.1" 200 219 "-" "PostmanRuntime/7.31.0"

info: ::1 - - [20/Feb/2023:11:16:38 +0000] "PUT /api/v1/notes/63f34fe0c8f0f923645855ba HTTP/1.1" 200 221 "-" "PostmanRuntime/7.31.0"

info: ::1 - - [20/Feb/2023:11:16:46 +0000] "DELETE /api/v1/notes/63f34fe0c8f0f923645855ba HTTP/1.1" 200 221 "-" "PostmanRuntime/7.31.0"

info: ::1 - - [20/Feb/2023:11:18:25 +0000] "DELETE /api/v1/notes/63f34fe0c8f0f923645855ba HTTP/1.1" 404 59 "-" "PostmanRuntime/7.31.0"

info: ::1 - - [20/Feb/2023:11:18:46 +0000] "GET /api/v1/notes HTTP/1.1" 200 867 "-" "PostmanRuntime/7.31.0"

info: ::1 - - [20/Feb/2023:14:12:00 +0000] "GET /api/v1/notes HTTP/1.1" 200 867 "-" "PostmanRuntime/7.31.0"

info: ::1 - - [20/Feb/2023:14:12:10 +0000] "GET /api/v1/notes HTTP/1.1" 400 56 "-" "PostmanRuntime/7.31.0"

info: ::1 - - [20/Feb/2023:14:12:22 +0000] "GET /api/v1/notes HTTP/1.1" 200 867 "-" "PostmanRuntime/7.31.0"

info: ::1 - - [20/Feb/2023:14:12:42 +0000] "POST /api/v1/notes HTTP/1.1" 201 218 "-" "PostmanRuntime/7.31.0"

info: ::1 - - [20/Feb/2023:14:12:48 +0000] "POST /api/v1/notes HTTP/1.1" 400 56 "-" "PostmanRuntime/7.31.0"

