info: ::1 - - [24/Feb/2023:05:44:09 +0000] "POST /api/v1/users/forget HTTP/1.1" 200 82 "-" "PostmanRuntime/7.31.0"

info: ::1 - - [24/Feb/2023:05:44:23 +0000] "POST /api/v1/users/login HTTP/1.1" 200 845 "-" "PostmanRuntime/7.31.0"

info: ::1 - - [24/Feb/2023:05:55:17 +0000] "POST /api/v1/users/forget HTTP/1.1" 200 82 "-" "PostmanRuntime/7.31.0"

info: ::1 - - [24/Feb/2023:05:55:53 +0000] "POST /api/v1/users/reset HTTP/1.1" 200 44 "-" "PostmanRuntime/7.31.0"

info: ::1 - - [24/Feb/2023:06:39:12 +0000] "POST /api/v1/users/forget HTTP/1.1" 200 82 "-" "PostmanRuntime/7.31.0"

info: ::1 - - [24/Feb/2023:06:39:45 +0000] "POST /api/v1/users/login HTTP/1.1" 200 845 "-" "PostmanRuntime/7.31.0"

info: ::1 - - [24/Feb/2023:06:41:00 +0000] "POST /api/v1/users/forget HTTP/1.1" 200 82 "-" "PostmanRuntime/7.31.0"

info: ::1 - - [24/Feb/2023:06:41:09 +0000] "POST /api/v1/users/login HTTP/1.1" 200 845 "-" "PostmanRuntime/7.31.0"

info: ::1 - - [24/Feb/2023:07:00:24 +0000] "POST /api/v1/users HTTP/1.1" 201 333 "-" "PostmanRuntime/7.31.0"

info: ::1 - - [24/Feb/2023:07:00:56 +0000] "POST /api/v1/users/login HTTP/1.1" 200 813 "-" "PostmanRuntime/7.31.0"

info: ::1 - - [24/Feb/2023:08:30:47 +0000] "POST /api/v1/users/reset HTTP/1.1" 200 45 "-" "PostmanRuntime/7.31.0"

info: ::1 - - [24/Feb/2023:08:31:31 +0000] "POST /api/v1/users/reset HTTP/1.1" 400 56 "-" "PostmanRuntime/7.31.0"

info: ::1 - - [24/Feb/2023:08:31:49 +0000] "POST /api/v1/users/reset HTTP/1.1" 200 45 "-" "PostmanRuntime/7.31.0"

info: ::1 - - [24/Feb/2023:08:59:12 +0000] "POST /api/v1/users/reset HTTP/1.1" 200 286 "-" "PostmanRuntime/7.31.0"

info: ::1 - - [24/Feb/2023:08:59:27 +0000] "POST /api/v1/users/login HTTP/1.1" 400 68 "-" "PostmanRuntime/7.31.0"

info: ::1 - - [24/Feb/2023:08:59:35 +0000] "POST /api/v1/users/login HTTP/1.1" 400 68 "-" "PostmanRuntime/7.31.0"

info: ::1 - - [24/Feb/2023:09:00:23 +0000] "POST /api/v1/users/login HTTP/1.1" 400 68 "-" "PostmanRuntime/7.31.0"

info: ::1 - - [24/Feb/2023:09:02:46 +0000] "POST /api/v1/users/reset HTTP/1.1" 200 338 "-" "PostmanRuntime/7.31.0"

info: ::1 - - [24/Feb/2023:09:02:55 +0000] "POST /api/v1/users/login HTTP/1.1" 200 880 "-" "PostmanRuntime/7.31.0"

info: ::1 - - [24/Feb/2023:09:05:13 +0000] "POST /api/v1/users/reset HTTP/1.1" 200 338 "-" "PostmanRuntime/7.31.0"

info: ::1 - - [24/Feb/2023:09:05:20 +0000] "POST /api/v1/users/login HTTP/1.1" 400 68 "-" "PostmanRuntime/7.31.0"

info: ::1 - - [24/Feb/2023:09:05:29 +0000] "POST /api/v1/users/login HTTP/1.1" 200 880 "-" "PostmanRuntime/7.31.0"

info: ::1 - - [24/Feb/2023:09:05:45 +0000] "POST /api/v1/users/reset HTTP/1.1" 400 56 "-" "PostmanRuntime/7.31.0"

info: ::1 - - [24/Feb/2023:09:07:02 +0000] "POST /api/v1/users/forget HTTP/1.1" 200 79 "-" "PostmanRuntime/7.31.0"

info: ::1 - - [24/Feb/2023:09:53:13 +0000] "POST /api/v1/users/reset HTTP/1.1" 200 338 "-" "PostmanRuntime/7.31.0"

info: ::1 - - [24/Feb/2023:09:55:39 +0000] "PUT /api/v1/notes/63f5bd051032f537f879189f HTTP/1.1" 400 74 "-" "PostmanRuntime/7.31.0"

info: ::1 - - [24/Feb/2023:09:55:48 +0000] "PUT /api/v1/notes/63f5bd051032f537f879189f HTTP/1.1" 404 92 "-" "PostmanRuntime/7.31.0"

info: ::1 - - [24/Feb/2023:10:17:06 +0000] "POST /api/v1/users/reset HTTP/1.1" 200 338 "-" "PostmanRuntime/7.31.0"

info: ::1 - - [24/Feb/2023:10:18:44 +0000] "POST /api/v1/users/reset HTTP/1.1" 200 338 "-" "PostmanRuntime/7.31.0"

