info: ::1 - - [16/Feb/2023:09:59:04 +0000] "POST /api/v1/users HTTP/1.1" 201 296 "-" "PostmanRuntime/7.31.0"

info: ::1 - - [16/Feb/2023:10:01:09 +0000] "POST /api/v1/users HTTP/1.1" 201 299 "-" "PostmanRuntime/7.31.0"

info: ::1 - - [16/Feb/2023:10:01:24 +0000] "POST /api/v1/users HTTP/1.1" 201 298 "-" "PostmanRuntime/7.31.0"

info: ::1 - - [16/Feb/2023:10:21:18 +0000] "POST /api/v1/users HTTP/1.1" 201 299 "-" "PostmanRuntime/7.31.0"

info: ::1 - - [16/Feb/2023:10:24:17 +0000] "POST /api/v1/users HTTP/1.1" 201 299 "-" "PostmanRuntime/7.31.0"

info: ::1 - - [16/Feb/2023:10:24:23 +0000] "POST /api/v1/users HTTP/1.1" 500 75 "-" "PostmanRuntime/7.31.0"

info: ::1 - - [16/Feb/2023:10:27:26 +0000] "POST /api/v1/users HTTP/1.1" 500 54 "-" "PostmanRuntime/7.31.0"

info: ::1 - - [16/Feb/2023:10:38:21 +0000] "POST /api/v1/users HTTP/1.1" 400 73 "-" "PostmanRuntime/7.31.0"

info: ::1 - - [16/Feb/2023:10:38:29 +0000] "POST /api/v1/users HTTP/1.1" 201 299 "-" "PostmanRuntime/7.31.0"

info: ::1 - - [16/Feb/2023:10:38:45 +0000] "POST /api/v1/users HTTP/1.1" 400 73 "-" "PostmanRuntime/7.31.0"

<<<<<<< HEAD
info: ::1 - - [16/Feb/2023:11:08:48 +0000] "GET /api/v1/users/chandra@rama.com HTTP/1.1" 500 105 "-" "PostmanRuntime/7.31.0"

info: ::1 - - [16/Feb/2023:11:33:55 +0000] "POST /api/v1/users HTTP/1.1" 400 73 "-" "PostmanRuntime/7.31.0"

info: ::1 - - [16/Feb/2023:11:34:02 +0000] "POST /api/v1/users HTTP/1.1" 201 299 "-" "PostmanRuntime/7.31.0"

info: ::1 - - [16/Feb/2023:11:35:08 +0000] "POST /api/v1/users HTTP/1.1" 400 73 "-" "PostmanRuntime/7.31.0"

info: ::1 - - [16/Feb/2023:11:44:01 +0000] "POST /api/v1/users HTTP/1.1" 201 299 "-" "PostmanRuntime/7.31.0"

info: ::1 - - [16/Feb/2023:11:44:09 +0000] "POST /api/v1/users HTTP/1.1" 500 66 "-" "PostmanRuntime/7.31.0"

info: ::1 - - [16/Feb/2023:11:44:25 +0000] "POST /api/v1/users HTTP/1.1" 500 66 "-" "PostmanRuntime/7.31.0"

info: ::1 - - [16/Feb/2023:12:00:37 +0000] "POST /api/v1/users HTTP/1.1" 201 299 "-" "PostmanRuntime/7.31.0"

info: ::1 - - [16/Feb/2023:12:01:19 +0000] "POST /api/v1/users HTTP/1.1" 201 299 "-" "PostmanRuntime/7.31.0"

info: ::1 - - [16/Feb/2023:12:03:02 +0000] "POST /api/v1/users HTTP/1.1" 201 299 "-" "PostmanRuntime/7.31.0"

info: ::1 - - [16/Feb/2023:12:12:17 +0000] "POST /api/v1/users HTTP/1.1" 201 89 "-" "PostmanRuntime/7.31.0"

info: ::1 - - [16/Feb/2023:12:12:26 +0000] "POST /api/v1/users HTTP/1.1" 201 89 "-" "PostmanRuntime/7.31.0"

info: ::1 - - [16/Feb/2023:12:12:41 +0000] "POST /api/v1/users HTTP/1.1" 201 89 "-" "PostmanRuntime/7.31.0"

info: ::1 - - [16/Feb/2023:12:13:26 +0000] "POST /api/v1/users HTTP/1.1" 201 89 "-" "PostmanRuntime/7.31.0"

info: ::1 - - [16/Feb/2023:12:13:36 +0000] "POST /api/v1/users HTTP/1.1" 201 89 "-" "PostmanRuntime/7.31.0"

info: ::1 - - [16/Feb/2023:12:13:56 +0000] "POST /api/v1/users HTTP/1.1" 201 89 "-" "PostmanRuntime/7.31.0"

info: ::1 - - [16/Feb/2023:12:13:58 +0000] "POST /api/v1/users HTTP/1.1" 201 89 "-" "PostmanRuntime/7.31.0"

info: ::1 - - [16/Feb/2023:12:15:20 +0000] "POST /api/v1/users HTTP/1.1" 201 89 "-" "PostmanRuntime/7.31.0"

info: ::1 - - [16/Feb/2023:12:18:12 +0000] "POST /api/v1/users HTTP/1.1" 201 89 "-" "PostmanRuntime/7.31.0"

info: ::1 - - [16/Feb/2023:12:20:08 +0000] "POST /api/v1/users HTTP/1.1" 201 89 "-" "PostmanRuntime/7.31.0"

info: ::1 - - [16/Feb/2023:12:20:43 +0000] "POST /api/v1/users HTTP/1.1" 500 88 "-" "PostmanRuntime/7.31.0"

info: ::1 - - [16/Feb/2023:12:23:39 +0000] "POST /api/v1/users HTTP/1.1" 201 89 "-" "PostmanRuntime/7.31.0"

info: ::1 - - [16/Feb/2023:12:26:29 +0000] "POST /api/v1/users HTTP/1.1" 201 89 "-" "PostmanRuntime/7.31.0"

info: ::1 - - [16/Feb/2023:12:29:03 +0000] "POST /api/v1/users HTTP/1.1" 201 89 "-" "PostmanRuntime/7.31.0"

info: ::1 - - [16/Feb/2023:13:01:54 +0000] "POST /api/v1/users HTTP/1.1" 500 78 "-" "PostmanRuntime/7.31.0"

info: ::1 - - [16/Feb/2023:13:03:43 +0000] "POST /api/v1/users HTTP/1.1" 201 89 "-" "PostmanRuntime/7.31.0"

info: ::1 - - [16/Feb/2023:13:21:25 +0000] "POST /api/v1/users HTTP/1.1" 201 89 "-" "PostmanRuntime/7.31.0"

info: ::1 - - [16/Feb/2023:13:22:03 +0000] "POST /api/v1/users HTTP/1.1" 201 89 "-" "PostmanRuntime/7.31.0"

info: ::1 - - [16/Feb/2023:13:24:24 +0000] "POST /api/v1/users HTTP/1.1" 201 301 "-" "PostmanRuntime/7.31.0"

info: ::1 - - [16/Feb/2023:13:30:17 +0000] "POST /api/v1/users HTTP/1.1" 500 84 "-" "PostmanRuntime/7.31.0"

info: ::1 - - [16/Feb/2023:13:32:44 +0000] "POST /api/v1/users HTTP/1.1" 201 89 "-" "PostmanRuntime/7.31.0"

info: ::1 - - [16/Feb/2023:13:33:58 +0000] "POST /api/v1/users HTTP/1.1" 201 89 "-" "PostmanRuntime/7.31.0"

info: ::1 - - [16/Feb/2023:13:34:26 +0000] "POST /api/v1/users HTTP/1.1" 201 304 "-" "PostmanRuntime/7.31.0"

info: ::1 - - [16/Feb/2023:13:36:23 +0000] "POST /api/v1/users HTTP/1.1" 201 89 "-" "PostmanRuntime/7.31.0"

info: ::1 - - [16/Feb/2023:13:36:32 +0000] "POST /api/v1/users HTTP/1.1" 201 299 "-" "PostmanRuntime/7.31.0"

info: ::1 - - [16/Feb/2023:13:38:33 +0000] "POST /api/v1/users HTTP/1.1" 201 89 "-" "PostmanRuntime/7.31.0"

info: ::1 - - [16/Feb/2023:13:38:44 +0000] "POST /api/v1/users HTTP/1.1" 201 89 "-" "PostmanRuntime/7.31.0"

info: ::1 - - [16/Feb/2023:13:39:31 +0000] "POST /api/v1/users HTTP/1.1" 201 89 "-" "PostmanRuntime/7.31.0"

info: ::1 - - [16/Feb/2023:13:39:46 +0000] "POST /api/v1/users HTTP/1.1" 201 89 "-" "PostmanRuntime/7.31.0"

info: ::1 - - [16/Feb/2023:13:40:44 +0000] "POST /api/v1/users HTTP/1.1" 201 89 "-" "PostmanRuntime/7.31.0"

info: ::1 - - [16/Feb/2023:13:42:22 +0000] "POST /api/v1/users HTTP/1.1" 201 89 "-" "PostmanRuntime/7.31.0"

info: ::1 - - [16/Feb/2023:14:39:06 +0000] "POST /api/v1/users HTTP/1.1" 201 300 "-" "PostmanRuntime/7.31.0"

info: ::1 - - [16/Feb/2023:14:41:13 +0000] "POST /api/v1/users HTTP/1.1" 201 300 "-" "PostmanRuntime/7.31.0"

info: ::1 - - [16/Feb/2023:14:41:37 +0000] "POST /api/v1/users HTTP/1.1" 201 300 "-" "PostmanRuntime/7.31.0"

info: ::1 - - [16/Feb/2023:14:52:12 +0000] "POST /api/v1/users HTTP/1.1" 409 87 "-" "PostmanRuntime/7.31.0"

info: ::1 - - [16/Feb/2023:14:54:00 +0000] "POST /api/v1/users HTTP/1.1" 400 87 "-" "PostmanRuntime/7.31.0"

info: ::1 - - [16/Feb/2023:15:23:44 +0000] "POST /api/v1/users HTTP/1.1" 201 300 "-" "PostmanRuntime/7.31.0"

info: ::1 - - [16/Feb/2023:15:34:15 +0000] "POST /api/v1/users HTTP/1.1" 201 300 "-" "PostmanRuntime/7.31.0"

info: ::1 - - [16/Feb/2023:15:34:54 +0000] "POST /api/v1/users HTTP/1.1" 500 89 "-" "PostmanRuntime/7.31.0"

info: ::1 - - [16/Feb/2023:15:35:07 +0000] "POST /api/v1/users HTTP/1.1" 201 304 "-" "PostmanRuntime/7.31.0"

info: ::1 - - [16/Feb/2023:15:35:51 +0000] "POST /api/v1/users HTTP/1.1" 201 304 "-" "PostmanRuntime/7.31.0"

info: ::1 - - [16/Feb/2023:15:37:05 +0000] "POST /api/v1/users HTTP/1.1" 201 304 "-" "PostmanRuntime/7.31.0"

info: ::1 - - [16/Feb/2023:15:39:30 +0000] "POST /api/v1/users HTTP/1.1" - - "-" "PostmanRuntime/7.31.0"

info: ::1 - - [16/Feb/2023:15:47:13 +0000] "POST /api/v1/users HTTP/1.1" 400 87 "-" "PostmanRuntime/7.31.0"

info: ::1 - - [16/Feb/2023:15:56:44 +0000] "POST /api/v1/users HTTP/1.1" 400 87 "-" "PostmanRuntime/7.31.0"

info: ::1 - - [16/Feb/2023:16:05:19 +0000] "POST /api/v1/users HTTP/1.1" - - "-" "PostmanRuntime/7.31.0"

info: ::1 - - [16/Feb/2023:16:06:39 +0000] "POST /api/v1/users HTTP/1.1" - - "-" "PostmanRuntime/7.31.0"

info: ::1 - - [16/Feb/2023:16:06:48 +0000] "POST /api/v1/users HTTP/1.1" - - "-" "PostmanRuntime/7.31.0"

info: ::1 - - [16/Feb/2023:16:09:44 +0000] "POST /api/v1/users HTTP/1.1" 400 87 "-" "PostmanRuntime/7.31.0"

info: ::1 - - [16/Feb/2023:16:09:53 +0000] "POST /api/v1/users HTTP/1.1" 201 307 "-" "PostmanRuntime/7.31.0"

info: ::1 - - [16/Feb/2023:16:10:00 +0000] "POST /api/v1/users HTTP/1.1" 400 87 "-" "PostmanRuntime/7.31.0"

info: ::1 - - [16/Feb/2023:16:11:46 +0000] "POST /api/v1/users HTTP/1.1" 400 87 "-" "PostmanRuntime/7.31.0"

info: ::1 - - [16/Feb/2023:16:19:13 +0000] "POST /api/v1/users HTTP/1.1" 201 307 "-" "PostmanRuntime/7.31.0"

info: ::1 - - [16/Feb/2023:16:20:47 +0000] "POST /api/v1/users HTTP/1.1" 201 307 "-" "PostmanRuntime/7.31.0"

info: ::1 - - [16/Feb/2023:16:20:54 +0000] "POST /api/v1/users HTTP/1.1" 201 307 "-" "PostmanRuntime/7.31.0"

info: ::1 - - [16/Feb/2023:16:21:44 +0000] "POST /api/v1/users HTTP/1.1" 400 87 "-" "PostmanRuntime/7.31.0"

info: ::1 - - [16/Feb/2023:16:21:52 +0000] "POST /api/v1/users HTTP/1.1" 201 308 "-" "PostmanRuntime/7.31.0"

info: ::1 - - [16/Feb/2023:16:21:56 +0000] "POST /api/v1/users HTTP/1.1" 400 87 "-" "PostmanRuntime/7.31.0"

info: ::1 - - [16/Feb/2023:16:26:38 +0000] "POST /api/v1/users HTTP/1.1" 400 87 "-" "PostmanRuntime/7.31.0"

info: ::1 - - [16/Feb/2023:16:26:49 +0000] "POST /api/v1/users HTTP/1.1" 201 307 "-" "PostmanRuntime/7.31.0"
=======
info: ::1 - - [16/Feb/2023:17:32:03 +0000] "POST /api/v1/users/login HTTP/1.1" 500 76 "-" "PostmanRuntime/7.31.0"

info: ::1 - - [16/Feb/2023:17:34:55 +0000] "POST /api/v1/users/login HTTP/1.1" 400 87 "-" "PostmanRuntime/7.31.0"

info: ::1 - - [16/Feb/2023:17:39:17 +0000] "POST /api/v1/users/login HTTP/1.1" 400 87 "-" "PostmanRuntime/7.31.0"

info: ::1 - - [16/Feb/2023:17:44:39 +0000] "POST /api/v1/users/login HTTP/1.1" 200 75 "-" "PostmanRuntime/7.31.0"

info: ::1 - - [16/Feb/2023:17:44:47 +0000] "POST /api/v1/users/login HTTP/1.1" 400 68 "-" "PostmanRuntime/7.31.0"

info: ::1 - - [16/Feb/2023:17:44:53 +0000] "POST /api/v1/users/login HTTP/1.1" 400 64 "-" "PostmanRuntime/7.31.0"

info: ::1 - - [16/Feb/2023:17:45:52 +0000] "POST /api/v1/users/login HTTP/1.1" 400 64 "-" "PostmanRuntime/7.31.0"

info: ::1 - - [16/Feb/2023:17:46:28 +0000] "POST /api/v1/users/login HTTP/1.1" 400 68 "-" "PostmanRuntime/7.31.0"

info: ::1 - - [16/Feb/2023:17:46:40 +0000] "POST /api/v1/users/login HTTP/1.1" 200 72 "-" "PostmanRuntime/7.31.0"
>>>>>>> Login

