info: ::1 - - [21/Feb/2023:03:05:45 +0000] "GET /api/v1/notes HTTP/1.1" 200 1030 "-" "PostmanRuntime/7.31.0"

info: ::1 - - [21/Feb/2023:03:06:18 +0000] "GET /api/v1/notes/63f34fe0c8f0f923645855ba HTTP/1.1" 404 52 "-" "PostmanRuntime/7.31.0"

info: ::1 - - [21/Feb/2023:03:06:26 +0000] "GET /api/v1/notes/63f3327828611110d4e9ea8e HTTP/1.1" 200 219 "-" "PostmanRuntime/7.31.0"

info: ::1 - - [21/Feb/2023:03:06:43 +0000] "DELETE /api/v1/notes/63f3327828611110d4e9ea8e HTTP/1.1" 200 218 "-" "PostmanRuntime/7.31.0"

info: ::1 - - [21/Feb/2023:03:06:47 +0000] "DELETE /api/v1/notes/63f3327828611110d4e9ea8e HTTP/1.1" 404 59 "-" "PostmanRuntime/7.31.0"

info: ::1 - - [21/Feb/2023:03:21:48 +0000] "DELETE /api/v1/notes/63f3327828611110d4e9ea8e HTTP/1.1" 404 59 "-" "PostmanRuntime/7.31.0"

info: ::1 - - [21/Feb/2023:03:22:15 +0000] "GET /api/v1/notes/63f3327828611110d4e9ea8e HTTP/1.1" 404 52 "-" "PostmanRuntime/7.31.0"

info: ::1 - - [21/Feb/2023:03:22:21 +0000] "GET /api/v1/notes HTTP/1.1" 200 869 "-" "PostmanRuntime/7.31.0"

info: ::1 - - [21/Feb/2023:03:23:07 +0000] "GET /api/v1/notes HTTP/1.1" 200 869 "-" "PostmanRuntime/7.31.0"

info: ::1 - - [21/Feb/2023:03:23:24 +0000] "GET /api/v1/notes HTTP/1.1" 400 56 "-" "PostmanRuntime/7.31.0"

info: ::1 - - [21/Feb/2023:03:24:11 +0000] "GET /api/v1/notes HTTP/1.1" 200 869 "-" "PostmanRuntime/7.31.0"

info: ::1 - - [21/Feb/2023:04:02:37 +0000] "GET /api/v1/notes HTTP/1.1" 500 48 "-" "PostmanRuntime/7.31.0"

info: ::1 - - [21/Feb/2023:04:03:37 +0000] "GET /api/v1/notes HTTP/1.1" 200 869 "-" "PostmanRuntime/7.31.0"

info: ::1 - - [21/Feb/2023:04:05:01 +0000] "GET /api/v1/notes HTTP/1.1" 200 869 "-" "PostmanRuntime/7.31.0"

info: ::1 - - [21/Feb/2023:04:06:58 +0000] "GET /api/v1/notes HTTP/1.1" 200 869 "-" "PostmanRuntime/7.31.0"

info: ::1 - - [21/Feb/2023:04:10:55 +0000] "POST /api/v1/notes HTTP/1.1" 201 176 "-" "PostmanRuntime/7.31.0"

info: ::1 - - [21/Feb/2023:04:13:06 +0000] "POST /api/v1/notes HTTP/1.1" 201 176 "-" "PostmanRuntime/7.31.0"

info: ::1 - - [21/Feb/2023:04:15:22 +0000] "POST /api/v1/notes HTTP/1.1" 201 192 "-" "PostmanRuntime/7.31.0"

info: ::1 - - [21/Feb/2023:04:16:57 +0000] "POST /api/v1/notes HTTP/1.1" 201 209 "-" "PostmanRuntime/7.31.0"

info: ::1 - - [21/Feb/2023:04:24:36 +0000] "POST /api/v1/notes HTTP/1.1" 500 87 "-" "PostmanRuntime/7.31.0"

info: ::1 - - [21/Feb/2023:04:31:32 +0000] "POST /api/v1/users/login HTTP/1.1" 200 808 "-" "PostmanRuntime/7.31.0"

info: ::1 - - [21/Feb/2023:04:33:01 +0000] "GET /api/v1/notes HTTP/1.1" 200 1402 "-" "PostmanRuntime/7.31.0"

info: ::1 - - [21/Feb/2023:04:36:57 +0000] "POST /api/v1/notes HTTP/1.1" 201 208 "-" "PostmanRuntime/7.31.0"

info: ::1 - - [21/Feb/2023:04:37:57 +0000] "POST /api/v1/notes HTTP/1.1" 201 208 "-" "PostmanRuntime/7.31.0"

info: ::1 - - [21/Feb/2023:04:38:53 +0000] "POST /api/v1/notes HTTP/1.1" 201 208 "-" "PostmanRuntime/7.31.0"

info: ::1 - - [21/Feb/2023:04:40:27 +0000] "POST /api/v1/notes HTTP/1.1" 201 208 "-" "PostmanRuntime/7.31.0"

info: ::1 - - [21/Feb/2023:04:43:24 +0000] "POST /api/v1/notes HTTP/1.1" 201 208 "-" "PostmanRuntime/7.31.0"

info: ::1 - - [21/Feb/2023:04:44:33 +0000] "POST /api/v1/notes HTTP/1.1" 201 208 "-" "PostmanRuntime/7.31.0"

info: ::1 - - [21/Feb/2023:04:48:11 +0000] "POST /api/v1/notes HTTP/1.1" 201 208 "-" "PostmanRuntime/7.31.0"

info: ::1 - - [21/Feb/2023:04:49:12 +0000] "POST /api/v1/notes HTTP/1.1" 201 208 "-" "PostmanRuntime/7.31.0"

info: ::1 - - [21/Feb/2023:04:50:44 +0000] "POST /api/v1/notes HTTP/1.1" 201 208 "-" "PostmanRuntime/7.31.0"

info: ::1 - - [21/Feb/2023:04:55:17 +0000] "POST /api/v1/notes HTTP/1.1" 201 192 "-" "PostmanRuntime/7.31.0"

info: ::1 - - [21/Feb/2023:04:56:20 +0000] "POST /api/v1/notes HTTP/1.1" 201 192 "-" "PostmanRuntime/7.31.0"

info: ::1 - - [21/Feb/2023:04:56:54 +0000] "POST /api/v1/notes HTTP/1.1" 201 228 "-" "PostmanRuntime/7.31.0"

info: ::1 - - [21/Feb/2023:04:57:56 +0000] "POST /api/v1/notes HTTP/1.1" 400 56 "-" "PostmanRuntime/7.31.0"

info: ::1 - - [21/Feb/2023:04:58:01 +0000] "POST /api/v1/notes HTTP/1.1" 201 228 "-" "PostmanRuntime/7.31.0"

info: ::1 - - [21/Feb/2023:05:00:26 +0000] "POST /api/v1/notes HTTP/1.1" 201 228 "-" "PostmanRuntime/7.31.0"

info: ::1 - - [21/Feb/2023:05:09:32 +0000] "GET /api/v1/notes HTTP/1.1" 200 235 "-" "PostmanRuntime/7.31.0"

info: ::1 - - [21/Feb/2023:05:10:22 +0000] "POST /api/v1/users/login HTTP/1.1" 400 68 "-" "PostmanRuntime/7.31.0"

info: ::1 - - [21/Feb/2023:05:10:51 +0000] "POST /api/v1/users/login HTTP/1.1" 400 68 "-" "PostmanRuntime/7.31.0"

info: ::1 - - [21/Feb/2023:05:11:47 +0000] "POST /api/v1/users HTTP/1.1" 201 333 "-" "PostmanRuntime/7.31.0"

info: ::1 - - [21/Feb/2023:05:12:11 +0000] "POST /api/v1/users/login HTTP/1.1" 200 813 "-" "PostmanRuntime/7.31.0"

info: ::1 - - [21/Feb/2023:05:12:38 +0000] "GET /api/v1/notes HTTP/1.1" 200 235 "-" "PostmanRuntime/7.31.0"

info: ::1 - - [21/Feb/2023:05:12:46 +0000] "GET /api/v1/notes HTTP/1.1" 200 235 "-" "PostmanRuntime/7.31.0"

info: ::1 - - [21/Feb/2023:05:12:56 +0000] "GET /api/v1/notes HTTP/1.1" 200 63 "-" "PostmanRuntime/7.31.0"

info: ::1 - - [21/Feb/2023:05:13:31 +0000] "POST /api/v1/notes HTTP/1.1" 201 231 "-" "PostmanRuntime/7.31.0"

info: ::1 - - [21/Feb/2023:05:13:36 +0000] "GET /api/v1/notes HTTP/1.1" 200 238 "-" "PostmanRuntime/7.31.0"

info: ::1 - - [21/Feb/2023:05:13:43 +0000] "GET /api/v1/notes HTTP/1.1" 200 235 "-" "PostmanRuntime/7.31.0"

info: ::1 - - [21/Feb/2023:05:15:24 +0000] "GET /api/v1/notes HTTP/1.1" 200 238 "-" "PostmanRuntime/7.31.0"

info: ::1 - - [21/Feb/2023:05:15:43 +0000] "DELETE /api/v1/notes/63f452fb67eb6a27acff761b HTTP/1.1" 200 233 "-" "PostmanRuntime/7.31.0"

info: ::1 - - [21/Feb/2023:05:33:26 +0000] "POST /api/v1/notes HTTP/1.1" 201 231 "-" "PostmanRuntime/7.31.0"

info: ::1 - - [21/Feb/2023:06:03:58 +0000] "PUT /api/v1/notes/63f44fe9ba6f8212cc99d176 HTTP/1.1" 404 92 "-" "PostmanRuntime/7.31.0"

info: ::1 - - [21/Feb/2023:06:05:23 +0000] "PUT /api/v1/notes/63f457a69fbd4e30b419926c HTTP/1.1" 404 92 "-" "PostmanRuntime/7.31.0"

info: ::1 - - [21/Feb/2023:06:05:34 +0000] "PUT /api/v1/notes/63f457a69fbd4e30b419926c HTTP/1.1" 404 92 "-" "PostmanRuntime/7.31.0"

info: ::1 - - [21/Feb/2023:06:08:45 +0000] "PUT /api/v1/notes/63f457a69fbd4e30b419926c HTTP/1.1" 404 92 "-" "PostmanRuntime/7.31.0"

info: ::1 - - [21/Feb/2023:06:15:01 +0000] "PUT /api/v1/notes/63f457a69fbd4e30b419926c HTTP/1.1" 404 92 "-" "PostmanRuntime/7.31.0"

info: ::1 - - [21/Feb/2023:06:15:46 +0000] "PUT /api/v1/notes/63f457a69fbd4e30b419926c HTTP/1.1" 404 92 "-" "PostmanRuntime/7.31.0"

info: ::1 - - [21/Feb/2023:06:19:35 +0000] "PUT /api/v1/notes/63f457a69fbd4e30b419926c HTTP/1.1" 404 92 "-" "PostmanRuntime/7.31.0"

info: ::1 - - [21/Feb/2023:06:20:18 +0000] "PUT /api/v1/notes/63f44fe9ba6f8212cc99d176 HTTP/1.1" 404 92 "-" "PostmanRuntime/7.31.0"

info: ::1 - - [21/Feb/2023:06:20:41 +0000] "PUT /api/v1/notes/63f457a69fbd4e30b419926c HTTP/1.1" 404 92 "-" "PostmanRuntime/7.31.0"

info: ::1 - - [21/Feb/2023:06:21:23 +0000] "PUT /api/v1/notes/63f457a69fbd4e30b419926c HTTP/1.1" 404 92 "-" "PostmanRuntime/7.31.0"

info: ::1 - - [21/Feb/2023:06:21:53 +0000] "PUT /api/v1/notes/63f457a69fbd4e30b419926c HTTP/1.1" 200 269 "-" "PostmanRuntime/7.31.0"

info: ::1 - - [21/Feb/2023:06:22:19 +0000] "PUT /api/v1/notes/63f44fe9ba6f8212cc99d176 HTTP/1.1" 200 269 "-" "PostmanRuntime/7.31.0"

info: ::1 - - [21/Feb/2023:06:25:48 +0000] "PUT /api/v1/notes/63f44fe9ba6f8212cc99d176 HTTP/1.1" 200 269 "-" "PostmanRuntime/7.31.0"

info: ::1 - - [21/Feb/2023:06:26:26 +0000] "PUT /api/v1/notes/63f457a69fbd4e30b419926c HTTP/1.1" 200 271 "-" "PostmanRuntime/7.31.0"

info: ::1 - - [21/Feb/2023:06:28:32 +0000] "PUT /api/v1/notes/63f457a69fbd4e30b419926c HTTP/1.1" 200 271 "-" "PostmanRuntime/7.31.0"

info: ::1 - - [21/Feb/2023:06:47:19 +0000] "GET /api/v1/notes/63f3327828611110d4e9ea8e HTTP/1.1" 404 52 "-" "PostmanRuntime/7.31.0"

info: ::1 - - [21/Feb/2023:06:47:41 +0000] "GET /api/v1/notes/63f457a69fbd4e30b419926c HTTP/1.1" 404 52 "-" "PostmanRuntime/7.31.0"

info: ::1 - - [21/Feb/2023:06:47:57 +0000] "GET /api/v1/notes/63f44fe9ba6f8212cc99d176 HTTP/1.1" 200 270 "-" "PostmanRuntime/7.31.0"

info: ::1 - - [21/Feb/2023:06:48:23 +0000] "PUT /api/v1/notes/63f457a69fbd4e30b419926c HTTP/1.1" 200 271 "-" "PostmanRuntime/7.31.0"

info: ::1 - - [21/Feb/2023:06:52:38 +0000] "PUT /api/v1/notes/63f457a69fbd4e30b419926c HTTP/1.1" 200 271 "-" "PostmanRuntime/7.31.0"

info: ::1 - - [21/Feb/2023:06:58:20 +0000] "PUT /api/v1/notes/63f457a69fbd4e30b419926c HTTP/1.1" 200 271 "-" "PostmanRuntime/7.31.0"

info: ::1 - - [21/Feb/2023:06:58:54 +0000] "PUT /api/v1/notes/63f457a69fbd4e30b419926c HTTP/1.1" 200 271 "-" "PostmanRuntime/7.31.0"

info: ::1 - - [21/Feb/2023:06:59:19 +0000] "PUT /api/v1/notes/63f44fe9ba6f8212cc99d176 HTTP/1.1" 200 271 "-" "PostmanRuntime/7.31.0"

info: ::1 - - [21/Feb/2023:07:00:21 +0000] "PUT /api/v1/notes/63f44fe9ba6f8212cc99d176 HTTP/1.1" 200 271 "-" "PostmanRuntime/7.31.0"

info: ::1 - - [21/Feb/2023:07:00:42 +0000] "PUT /api/v1/notes/63f457a69fbd4e30b419926c HTTP/1.1" 200 271 "-" "PostmanRuntime/7.31.0"

info: ::1 - - [21/Feb/2023:07:02:59 +0000] "PUT /api/v1/notes/63f457a69fbd4e30b419926c HTTP/1.1" 200 271 "-" "PostmanRuntime/7.31.0"

info: ::1 - - [21/Feb/2023:07:03:05 +0000] "PUT /api/v1/notes/63f44fe9ba6f8212cc99d176 HTTP/1.1" 404 92 "-" "PostmanRuntime/7.31.0"

info: ::1 - - [21/Feb/2023:07:03:25 +0000] "PUT /api/v1/notes/63f44fe9ba6f8212cc99d176 HTTP/1.1" 404 92 "-" "PostmanRuntime/7.31.0"

info: ::1 - - [21/Feb/2023:07:03:55 +0000] "PUT /api/v1/notes/63f457a69fbd4e30b419926c HTTP/1.1" 200 279 "-" "PostmanRuntime/7.31.0"

info: ::1 - - [21/Feb/2023:07:04:02 +0000] "PUT /api/v1/notes/63f44fe9ba6f8212cc99d176 HTTP/1.1" 404 92 "-" "PostmanRuntime/7.31.0"

info: ::1 - - [21/Feb/2023:09:11:32 +0000] "GET /api/v1/notes HTTP/1.1" 200 314 "-" "PostmanRuntime/7.31.0"

info: ::1 - - [21/Feb/2023:09:11:59 +0000] "POST /api/v1/notes HTTP/1.1" 201 261 "-" "PostmanRuntime/7.31.0"

info: ::1 - - [21/Feb/2023:09:13:22 +0000] "POST /api/v1/notes HTTP/1.1" 400 74 "-" "PostmanRuntime/7.31.0"

info: ::1 - - [21/Feb/2023:09:14:22 +0000] "POST /api/v1/notes HTTP/1.1" 201 265 "-" "PostmanRuntime/7.31.0"

info: ::1 - - [21/Feb/2023:09:14:32 +0000] "POST /api/v1/notes HTTP/1.1" 201 265 "-" "PostmanRuntime/7.31.0"

info: ::1 - - [21/Feb/2023:09:42:52 +0000] "GET /api/v1/notes HTTP/1.1" 200 940 "-" "PostmanRuntime/7.31.0"

info: ::1 - - [21/Feb/2023:09:43:40 +0000] "GET /api/v1/notes HTTP/1.1" 200 940 "-" "PostmanRuntime/7.31.0"

info: ::1 - - [21/Feb/2023:09:44:35 +0000] "PUT /api/v1/notes/63f457a69fbd4e30b419926c HTTP/1.1" 400 68 "-" "PostmanRuntime/7.31.0"

info: ::1 - - [21/Feb/2023:09:56:17 +0000] "PUT /api/v1/notes/trash/63f457a69fbd4e30b419926c HTTP/1.1" 200 322 "-" "PostmanRuntime/7.31.0"

info: ::1 - - [21/Feb/2023:09:58:57 +0000] "PUT /api/v1/notes/trash/63f457a69fbd4e30b419926c HTTP/1.1" 200 323 "-" "PostmanRuntime/7.31.0"

info: ::1 - - [21/Feb/2023:09:58:59 +0000] "PUT /api/v1/notes/trash/63f457a69fbd4e30b419926c HTTP/1.1" 200 322 "-" "PostmanRuntime/7.31.0"

