info: ::1 - - [13/Mar/2023:10:50:06 +0000] "GET /api/v1/notes HTTP/1.1" 200 63 "-" "PostmanRuntime/7.31.1"

info: ::1 - - [13/Mar/2023:10:50:28 +0000] "POST /api/v1/notes HTTP/1.1" 201 315 "-" "PostmanRuntime/7.31.1"

info: ::1 - - [13/Mar/2023:10:50:38 +0000] "GET /api/v1/notes HTTP/1.1" 200 322 "-" "PostmanRuntime/7.31.1"

info: ::1 - - [13/Mar/2023:10:50:53 +0000] "GET /api/v1/notes/640efff4ae3c574fe4c964d3 HTTP/1.1" 404 52 "-" "PostmanRuntime/7.31.1"

info: ::1 - - [13/Mar/2023:10:52:24 +0000] "GET /api/v1/notes/640efff4ae3c574fe4c964d3 HTTP/1.1" 200 320 "-" "PostmanRuntime/7.31.1"

info: ::1 - - [13/Mar/2023:10:54:11 +0000] "PUT /api/v1/notes/collab HTTP/1.1" 400 68 "-" "PostmanRuntime/7.31.1"

info: ::1 - - [13/Mar/2023:10:56:24 +0000] "PUT /api/v1/notes/collab HTTP/1.1" 400 73 "-" "PostmanRuntime/7.31.1"

info: ::1 - - [13/Mar/2023:11:05:19 +0000] "PUT /api/v1/notes/collab HTTP/1.1" 400 68 "-" "PostmanRuntime/7.31.1"

info: ::1 - - [13/Mar/2023:11:10:54 +0000] "PUT /api/v1/notes/collab/chandrakantprasad6@gmail.com HTTP/1.1" 400 70 "-" "PostmanRuntime/7.31.1"

info: ::1 - - [13/Mar/2023:11:19:48 +0000] "PUT /api/v1/notes/collab/chandrakantprasad68@gmail.com HTTP/1.1" 404 47 "-" "PostmanRuntime/7.31.1"

info: ::1 - - [13/Mar/2023:11:20:24 +0000] "PUT /api/v1/notes HTTP/1.1" 404 47 "-" "PostmanRuntime/7.31.1"

info: ::1 - - [13/Mar/2023:11:20:33 +0000] "GET /api/v1/notes HTTP/1.1" 202 331 "-" "PostmanRuntime/7.31.1"

info: ::1 - - [13/Mar/2023:11:57:43 +0000] "PUT /api/v1/notes/collab/640efff4ae3c574fe4c964d3/chandrakantprasad68@gmail.com HTTP/1.1" 200 67 "-" "PostmanRuntime/7.31.1"

info: ::1 - - [13/Mar/2023:11:59:37 +0000] "PUT /api/v1/notes/collab/640efff4ae3c574fe4c964d3/chandrakantprasad68@gmail.com HTTP/1.1" 200 67 "-" "PostmanRuntime/7.31.1"

info: ::1 - - [13/Mar/2023:12:00:18 +0000] "PUT /api/v1/notes/collab/640efff4ae3c574fe4c964d3/chandrakantprasad68@gmail.com HTTP/1.1" 200 67 "-" "PostmanRuntime/7.31.1"

info: ::1 - - [13/Mar/2023:12:04:52 +0000] "PUT /api/v1/notes/collab/640efff4ae3c574fe4c964d3/chandrakantprasad68@gmail.com HTTP/1.1" 200 67 "-" "PostmanRuntime/7.31.1"

info: ::1 - - [13/Mar/2023:16:52:59 +0000] "PUT /api/v1/notes/collab/640efff4ae3c574fe4c964d3/chandrakantprasad68@gmail.com HTTP/1.1" 200 74 "-" "PostmanRuntime/7.31.1"

info: ::1 - - [13/Mar/2023:16:55:48 +0000] "PUT /api/v1/notes/collab/640efff4ae3c574fe4c964d3/chandrakantprasad68@gmail.com HTTP/1.1" 200 74 "-" "PostmanRuntime/7.31.1"

info: ::1 - - [13/Mar/2023:16:56:52 +0000] "PUT /api/v1/notes/collab/640efff4ae3c574fe4c964d3/chandrakantprasad68@gmail.com HTTP/1.1" 200 74 "-" "PostmanRuntime/7.31.1"

info: ::1 - - [13/Mar/2023:16:57:26 +0000] "PUT /api/v1/notes/collab/640efff4ae3c574fe4c964d3/chandrakantprasad68@gmail.com HTTP/1.1" 200 74 "-" "PostmanRuntime/7.31.1"

info: ::1 - - [13/Mar/2023:17:01:33 +0000] "PUT /api/v1/notes/collab/640efff4ae3c574fe4c964d3/chandrakantprasad68@gmail.com HTTP/1.1" 200 74 "-" "PostmanRuntime/7.31.1"

info: ::1 - - [13/Mar/2023:17:02:34 +0000] "PUT /api/v1/notes/collab/640efff4ae3c574fe4c964d3/chandrakantprasad68@gmail.com HTTP/1.1" 200 74 "-" "PostmanRuntime/7.31.1"

info: ::1 - - [13/Mar/2023:17:09:30 +0000] "PUT /api/v1/notes/collab/640efff4ae3c574fe4c964d3/chandrakantprasad68@gmail.com HTTP/1.1" 200 74 "-" "PostmanRuntime/7.31.1"

info: ::1 - - [13/Mar/2023:17:10:20 +0000] "PUT /api/v1/notes/collab/640efff4ae3c574fe4c964d3/chandrakantprasad68@gmail.com HTTP/1.1" 200 74 "-" "PostmanRuntime/7.31.1"

info: ::1 - - [13/Mar/2023:17:11:08 +0000] "PUT /api/v1/notes/collab/640efff4ae3c574fe4c964d3/chandrakantprasad68@gmail.com HTTP/1.1" 200 74 "-" "PostmanRuntime/7.31.1"

info: ::1 - - [13/Mar/2023:17:14:58 +0000] "PUT /api/v1/notes/collab/640efff4ae3c574fe4c964d3/chandrakantprasad68@gmail.com HTTP/1.1" 200 74 "-" "PostmanRuntime/7.31.1"

info: ::1 - - [13/Mar/2023:17:17:05 +0000] "PUT /api/v1/notes/collab/640efff4ae3c574fe4c964d3/chandrakantprasad68@gmail.com HTTP/1.1" 200 74 "-" "PostmanRuntime/7.31.1"

info: ::1 - - [13/Mar/2023:17:18:56 +0000] "PUT /api/v1/notes/collab/640efff4ae3c574fe4c964d3/chandrakantprasad68@gmail.com HTTP/1.1" 200 74 "-" "PostmanRuntime/7.31.1"

info: ::1 - - [13/Mar/2023:17:19:32 +0000] "PUT /api/v1/notes/collab/640efff4ae3c574fe4c964d3/chandrakantprasad6@gmail.com HTTP/1.1" 400 70 "-" "PostmanRuntime/7.31.1"

info: ::1 - - [13/Mar/2023:17:20:11 +0000] "PUT /api/v1/notes/collab/640efff4ae3c574fe4c964d3/prasadharishkant3453@gmail.com HTTP/1.1" 200 74 "-" "PostmanRuntime/7.31.1"

info: ::1 - - [13/Mar/2023:17:22:49 +0000] "PUT /api/v1/notes/collab/640efff4ae3c574fe4c964d3/chandrakantprasadghm11@gmail.com HTTP/1.1" 200 610 "-" "PostmanRuntime/7.31.1"

info: ::1 - - [13/Mar/2023:17:24:43 +0000] "PUT /api/v1/notes/collab/640efff4ae3c574fe4c964d3/chandrakantprasadghm11@gmail.com HTTP/1.1" 200 688 "-" "PostmanRuntime/7.31.1"

info: ::1 - - [13/Mar/2023:17:27:11 +0000] "PUT /api/v1/notes/collab/640efff4ae3c574fe4c964d3/chandrakantprasadghm11@gmail.com HTTP/1.1" 200 766 "-" "PostmanRuntime/7.31.1"

info: ::1 - - [13/Mar/2023:17:29:20 +0000] "PUT /api/v1/notes/collab/640efff4ae3c574fe4c964d3/chandrakantprasadghm11@gmail.com HTTP/1.1" 400 83 "-" "PostmanRuntime/7.31.1"

info: ::1 - - [13/Mar/2023:17:32:00 +0000] "POST /api/v1/notes HTTP/1.1" 201 315 "-" "PostmanRuntime/7.31.1"

info: ::1 - - [13/Mar/2023:17:32:21 +0000] "PUT /api/v1/notes/collab/640f5e0f28af4a32003c56a1/chandrakantprasadghm11@gmail.com HTTP/1.1" 400 83 "-" "PostmanRuntime/7.31.1"

info: ::1 - - [13/Mar/2023:17:33:41 +0000] "PUT /api/v1/notes/collab/640f5e0f28af4a32003c56a1/chandrakantprasadghm11@gmail.com HTTP/1.1" 400 83 "-" "PostmanRuntime/7.31.1"

info: ::1 - - [13/Mar/2023:17:34:10 +0000] "PUT /api/v1/notes/collab/640f5e0f28af4a32003c56a1/chandrakantprasadghm11@gmail.com HTTP/1.1" 200 459 "-" "PostmanRuntime/7.31.1"

info: ::1 - - [13/Mar/2023:17:34:18 +0000] "PUT /api/v1/notes/collab/640f5e0f28af4a32003c56a1/chandrakantprasadghm11@gmail.com HTTP/1.1" 400 83 "-" "PostmanRuntime/7.31.1"

info: ::1 - - [13/Mar/2023:17:34:22 +0000] "PUT /api/v1/notes/collab/640f5e0f28af4a32003c56a1/chandrakantprasadghm11@gmail.com HTTP/1.1" 400 83 "-" "PostmanRuntime/7.31.1"

info: ::1 - - [13/Mar/2023:17:34:25 +0000] "PUT /api/v1/notes/collab/640f5e0f28af4a32003c56a1/chandrakantprasadghm11@gmail.com HTTP/1.1" 400 83 "-" "PostmanRuntime/7.31.1"

info: ::1 - - [13/Mar/2023:17:34:33 +0000] "PUT /api/v1/notes/collab/640f5e0f28af4a32003c56a1/chandrakantprasadghm68@gmail.com HTTP/1.1" 400 70 "-" "PostmanRuntime/7.31.1"

info: ::1 - - [13/Mar/2023:17:34:46 +0000] "PUT /api/v1/notes/collab/640f5e0f28af4a32003c56a1/chandrakantprasad68@gmail.com HTTP/1.1" 200 534 "-" "PostmanRuntime/7.31.1"

info: ::1 - - [13/Mar/2023:17:36:45 +0000] "PUT /api/v1/notes/collab/640f5e0f28af4a32003c56a1/chandrakantprasad68@gmail.com HTTP/1.1" 400 83 "-" "PostmanRuntime/7.31.1"

info: ::1 - - [13/Mar/2023:17:42:11 +0000] "PUT /api/v1/notes/collab/640f5e0f28af4a32003c56a1/chandrakantprasadghm12@gmail.com HTTP/1.1" 200 612 "-" "PostmanRuntime/7.31.1"

info: ::1 - - [13/Mar/2023:17:42:59 +0000] "PUT /api/v1/notes/collab/640f5e0f28af4a32003c56a1/chandrakantprasadghm12@gmail.com HTTP/1.1" 400 83 "-" "PostmanRuntime/7.31.1"

info: ::1 - - [13/Mar/2023:17:44:30 +0000] "PUT /api/v1/notes/collab/640f5e0f28af4a32003c56a1/chandrakantprasadghm12@gmail.com HTTP/1.1" 400 83 "-" "PostmanRuntime/7.31.1"

info: ::1 - - [13/Mar/2023:17:45:39 +0000] "PUT /api/v1/notes/collab/640f5e0f28af4a32003c56a1/chandrakantprasadghm12@gmail.com HTTP/1.1" 400 83 "-" "PostmanRuntime/7.31.1"

info: ::1 - - [13/Mar/2023:17:47:59 +0000] "PUT /api/v1/notes/collab/640f5e0f28af4a32003c56a1/chandrakantprasadghm12@gmail.com HTTP/1.1" 400 83 "-" "PostmanRuntime/7.31.1"

info: ::1 - - [13/Mar/2023:17:49:07 +0000] "PUT /api/v1/notes/collab/640f5e0f28af4a32003c56a1/chandrakantprasadghm12@gmail.com HTTP/1.1" 400 83 "-" "PostmanRuntime/7.31.1"

