info: Server started at http://localhost:5000/api/v1/ {"timestamp":"2023-03-01T04:57:47.640Z"}
info: Connected to the database. {"timestamp":"2023-03-01T04:57:47.735Z"}
info: Server started at http://localhost:5000/api/v1/ {"timestamp":"2023-03-01T05:41:48.445Z"}
info: Connected to the database. {"timestamp":"2023-03-01T05:41:48.539Z"}
info: Server started at http://localhost:5000/api/v1/ {"timestamp":"2023-03-01T05:44:10.186Z"}
info: Connected to the database. {"timestamp":"2023-03-01T05:44:10.228Z"}
info: Server started at http://localhost:5000/api/v1/ {"timestamp":"2023-03-01T05:45:06.885Z"}
info: Connected to the database. {"timestamp":"2023-03-01T05:45:06.985Z"}
info: Server started at http://localhost:5000/api/v1/ {"timestamp":"2023-03-01T05:46:07.702Z"}
info: Connected to the database. {"timestamp":"2023-03-01T05:46:07.770Z"}
info: Server started at http://localhost:5000/api/v1/ {"timestamp":"2023-03-01T05:49:07.991Z"}
info: Connected to the database. {"timestamp":"2023-03-01T05:49:08.067Z"}
info: Server started at http://localhost:5000/api/v1/ {"timestamp":"2023-03-01T06:12:14.166Z"}
info: Connected to the database. {"timestamp":"2023-03-01T06:12:14.212Z"}
info: Server started at http://localhost:5000/api/v1/ {"timestamp":"2023-03-01T06:15:06.759Z"}
info: Connected to the database. {"timestamp":"2023-03-01T06:15:06.808Z"}
info: Server started at http://localhost:5000/api/v1/ {"timestamp":"2023-03-01T06:16:47.004Z"}
info: Connected to the database. {"timestamp":"2023-03-01T06:16:47.068Z"}
info: Server started at http://localhost:5000/api/v1/ {"timestamp":"2023-03-01T06:19:05.328Z"}
info: Connected to the database. {"timestamp":"2023-03-01T06:19:05.381Z"}
info: Server started at http://localhost:5000/api/v1/ {"timestamp":"2023-03-01T06:35:12.625Z"}
info: Connected to the database. {"timestamp":"2023-03-01T06:35:12.737Z"}
info: Server started at http://localhost:5000/api/v1/ {"timestamp":"2023-03-01T06:39:23.339Z"}
info: Connected to the database. {"timestamp":"2023-03-01T06:39:23.383Z"}
info: Server started at http://localhost:5000/api/v1/ {"timestamp":"2023-03-01T06:40:22.162Z"}
info: Connected to the database. {"timestamp":"2023-03-01T06:40:22.208Z"}
error: 
    status - 500 
    message - JsonWebTokenError: jwt must be provided
    at Object.verify (C:\Users\SHREEKANT\Desktop\Node_Projects\fundoo-app\node_modules\jsonwebtoken\verify.js:53:17)
    at userVerification (C:\Users\SHREEKANT\Desktop\Node_Projects\fundoo-app\src\middlewares\/auth.middleware.js:36:20)
    at getUser (C:\Users\SHREEKANT\Desktop\Node_Projects\fundoo-app\src\middlewares\/redisData.js:37:32)
    at _callee$ (C:\Users\SHREEKANT\Desktop\Node_Projects\fundoo-app\src\middlewares\/redisData.js:7:17)
    at tryCatch (C:\Users\SHREEKANT\Desktop\Node_Projects\fundoo-app\node_modules\@babel\runtime\helpers\regeneratorRuntime.js:44:17)
    at Generator.<anonymous> (C:\Users\SHREEKANT\Desktop\Node_Projects\fundoo-app\node_modules\@babel\runtime\helpers\regeneratorRuntime.js:125:22)
    at Generator.next (C:\Users\SHREEKANT\Desktop\Node_Projects\fundoo-app\node_modules\@babel\runtime\helpers\regeneratorRuntime.js:69:21)
    at asyncGeneratorStep (C:\Users\SHREEKANT\Desktop\Node_Projects\fundoo-app\node_modules\@babel\runtime\helpers\asyncToGenerator.js:3:24)
    at _next (C:\Users\SHREEKANT\Desktop\Node_Projects\fundoo-app\node_modules\@babel\runtime\helpers\asyncToGenerator.js:22:9)
    at C:\Users\SHREEKANT\Desktop\Node_Projects\fundoo-app\node_modules\@babel\runtime\helpers\asyncToGenerator.js:27:7
    at new Promise (<anonymous>)
    at C:\Users\SHREEKANT\Desktop\Node_Projects\fundoo-app\node_modules\@babel\runtime\helpers\asyncToGenerator.js:19:12
    at _set (C:\Users\SHREEKANT\Desktop\Node_Projects\fundoo-app\src\middlewares\/redisData.js:14:2)
    at set (C:\Users\SHREEKANT\Desktop\Node_Projects\fundoo-app\src\middlewares\/redisData.js:5:26)
    at Layer.handle [as handle_request] (C:\Users\SHREEKANT\Desktop\Node_Projects\fundoo-app\node_modules\express\lib\router\layer.js:95:5)
    at next (C:\Users\SHREEKANT\Desktop\Node_Projects\fundoo-app\node_modules\express\lib\router\route.js:144:13)
    at Route.dispatch (C:\Users\SHREEKANT\Desktop\Node_Projects\fundoo-app\node_modules\express\lib\router\route.js:114:3)
    at Layer.handle [as handle_request] (C:\Users\SHREEKANT\Desktop\Node_Projects\fundoo-app\node_modules\express\lib\router\layer.js:95:5)
    at C:\Users\SHREEKANT\Desktop\Node_Projects\fundoo-app\node_modules\express\lib\router\index.js:284:15
    at Function.process_params (C:\Users\SHREEKANT\Desktop\Node_Projects\fundoo-app\node_modules\express\lib\router\index.js:346:12)
    at next (C:\Users\SHREEKANT\Desktop\Node_Projects\fundoo-app\node_modules\express\lib\router\index.js:280:10)
    at Function.handle (C:\Users\SHREEKANT\Desktop\Node_Projects\fundoo-app\node_modules\express\lib\router\index.js:175:3)
    at router (C:\Users\SHREEKANT\Desktop\Node_Projects\fundoo-app\node_modules\express\lib\router\index.js:47:12)
    at Layer.handle [as handle_request] (C:\Users\SHREEKANT\Desktop\Node_Projects\fundoo-app\node_modules\express\lib\router\layer.js:95:5)
    at trim_prefix (C:\Users\SHREEKANT\Desktop\Node_Projects\fundoo-app\node_modules\express\lib\router\index.js:328:13)
    at C:\Users\SHREEKANT\Desktop\Node_Projects\fundoo-app\node_modules\express\lib\router\index.js:286:9
    at Function.process_params (C:\Users\SHREEKANT\Desktop\Node_Projects\fundoo-app\node_modules\express\lib\router\index.js:346:12)
    at next (C:\Users\SHREEKANT\Desktop\Node_Projects\fundoo-app\node_modules\express\lib\router\index.js:280:10)
    at Function.handle (C:\Users\SHREEKANT\Desktop\Node_Projects\fundoo-app\node_modules\express\lib\router\index.js:175:3)
    at router (C:\Users\SHREEKANT\Desktop\Node_Projects\fundoo-app\node_modules\express\lib\router\index.js:47:12)
    at Layer.handle [as handle_request] (C:\Users\SHREEKANT\Desktop\Node_Projects\fundoo-app\node_modules\express\lib\router\layer.js:95:5)
    at trim_prefix (C:\Users\SHREEKANT\Desktop\Node_Projects\fundoo-app\node_modules\express\lib\router\index.js:328:13)
    at C:\Users\SHREEKANT\Desktop\Node_Projects\fundoo-app\node_modules\express\lib\router\index.js:286:9
    at Function.process_params (C:\Users\SHREEKANT\Desktop\Node_Projects\fundoo-app\node_modules\express\lib\router\index.js:346:12)
    at next (C:\Users\SHREEKANT\Desktop\Node_Projects\fundoo-app\node_modules\express\lib\router\index.js:280:10)
    at logger (C:\Users\SHREEKANT\Desktop\Node_Projects\fundoo-app\node_modules\morgan\index.js:144:5)
    at Layer.handle [as handle_request] (C:\Users\SHREEKANT\Desktop\Node_Projects\fundoo-app\node_modules\express\lib\router\layer.js:95:5)
    at trim_prefix (C:\Users\SHREEKANT\Desktop\Node_Projects\fundoo-app\node_modules\express\lib\router\index.js:328:13)
    at C:\Users\SHREEKANT\Desktop\Node_Projects\fundoo-app\node_modules\express\lib\router\index.js:286:9
    at Function.process_params (C:\Users\SHREEKANT\Desktop\Node_Projects\fundoo-app\node_modules\express\lib\router\index.js:346:12)
    at next (C:\Users\SHREEKANT\Desktop\Node_Projects\fundoo-app\node_modules\express\lib\router\index.js:280:10)
    at C:\Users\SHREEKANT\Desktop\Node_Projects\fundoo-app\node_modules\body-parser\lib\read.js:137:5
    at AsyncResource.runInAsyncScope (node:async_hooks:201:9)
    at invokeCallback (C:\Users\SHREEKANT\Desktop\Node_Projects\fundoo-app\node_modules\raw-body\index.js:231:16)
    at done (C:\Users\SHREEKANT\Desktop\Node_Projects\fundoo-app\node_modules\raw-body\index.js:220:7)
    at IncomingMessage.onEnd (C:\Users\SHREEKANT\Desktop\Node_Projects\fundoo-app\node_modules\raw-body\index.js:280:7)
    at IncomingMessage.emit (node:events:538:35)
    at IncomingMessage.emit (node:domain:475:12)
    at endReadableNT (node:internal/streams/readable:1345:12)
    at processTicksAndRejections (node:internal/process/task_queues:83:21) 
    url - /api/v1/notes 
    method - POST 
    IP - ::1
   {"timestamp":"2023-03-01T06:41:52.989Z"}
error: 
    status - 500 
    message - TypeError: Invalid argument type
    at encodeCommand (C:\Users\SHREEKANT\Desktop\Node_Projects\fundoo-app\node_modules\@redis\client\dist\lib\client\RESP2\encoder.js:17:19)
    at RedisCommandsQueue.getCommandToSend (C:\Users\SHREEKANT\Desktop\Node_Projects\fundoo-app\node_modules\@redis\client\dist\lib\client\commands-queue.js:138:45)
    at Commander._RedisClient_tick (C:\Users\SHREEKANT\Desktop\Node_Projects\fundoo-app\node_modules\@redis\client\dist\lib\client\index.js:507:76)
    at Commander._RedisClient_sendCommand (C:\Users\SHREEKANT\Desktop\Node_Projects\fundoo-app\node_modules\@redis\client\dist\lib\client\index.js:494:82)
    at Commander.commandsExecutor (C:\Users\SHREEKANT\Desktop\Node_Projects\fundoo-app\node_modules\@redis\client\dist\lib\client\index.js:193:154)
    at Commander.set (C:\Users\SHREEKANT\Desktop\Node_Projects\fundoo-app\node_modules\@redis\client\dist\lib\commander.js:8:29)
    at _callee$ (C:\Users\SHREEKANT\Desktop\Node_Projects\fundoo-app\src\middlewares\/redisData.js:8:30)
    at tryCatch (C:\Users\SHREEKANT\Desktop\Node_Projects\fundoo-app\node_modules\@babel\runtime\helpers\regeneratorRuntime.js:44:17)
    at Generator.<anonymous> (C:\Users\SHREEKANT\Desktop\Node_Projects\fundoo-app\node_modules\@babel\runtime\helpers\regeneratorRuntime.js:125:22)
    at Generator.next (C:\Users\SHREEKANT\Desktop\Node_Projects\fundoo-app\node_modules\@babel\runtime\helpers\regeneratorRuntime.js:69:21)
    at asyncGeneratorStep (C:\Users\SHREEKANT\Desktop\Node_Projects\fundoo-app\node_modules\@babel\runtime\helpers\asyncToGenerator.js:3:24)
    at _next (C:\Users\SHREEKANT\Desktop\Node_Projects\fundoo-app\node_modules\@babel\runtime\helpers\asyncToGenerator.js:22:9)
    at C:\Users\SHREEKANT\Desktop\Node_Projects\fundoo-app\node_modules\@babel\runtime\helpers\asyncToGenerator.js:27:7
    at new Promise (<anonymous>)
    at C:\Users\SHREEKANT\Desktop\Node_Projects\fundoo-app\node_modules\@babel\runtime\helpers\asyncToGenerator.js:19:12
    at set (C:\Users\SHREEKANT\Desktop\Node_Projects\fundoo-app\src\middlewares\/redisData.js:5:26)
    at Layer.handle [as handle_request] (C:\Users\SHREEKANT\Desktop\Node_Projects\fundoo-app\node_modules\express\lib\router\layer.js:95:5)
    at next (C:\Users\SHREEKANT\Desktop\Node_Projects\fundoo-app\node_modules\express\lib\router\route.js:144:13)
    at Route.dispatch (C:\Users\SHREEKANT\Desktop\Node_Projects\fundoo-app\node_modules\express\lib\router\route.js:114:3)
    at Layer.handle [as handle_request] (C:\Users\SHREEKANT\Desktop\Node_Projects\fundoo-app\node_modules\express\lib\router\layer.js:95:5)
    at C:\Users\SHREEKANT\Desktop\Node_Projects\fundoo-app\node_modules\express\lib\router\index.js:284:15
    at Function.process_params (C:\Users\SHREEKANT\Desktop\Node_Projects\fundoo-app\node_modules\express\lib\router\index.js:346:12)
    at next (C:\Users\SHREEKANT\Desktop\Node_Projects\fundoo-app\node_modules\express\lib\router\index.js:280:10)
    at Function.handle (C:\Users\SHREEKANT\Desktop\Node_Projects\fundoo-app\node_modules\express\lib\router\index.js:175:3)
    at router (C:\Users\SHREEKANT\Desktop\Node_Projects\fundoo-app\node_modules\express\lib\router\index.js:47:12)
    at Layer.handle [as handle_request] (C:\Users\SHREEKANT\Desktop\Node_Projects\fundoo-app\node_modules\express\lib\router\layer.js:95:5)
    at trim_prefix (C:\Users\SHREEKANT\Desktop\Node_Projects\fundoo-app\node_modules\express\lib\router\index.js:328:13)
    at C:\Users\SHREEKANT\Desktop\Node_Projects\fundoo-app\node_modules\express\lib\router\index.js:286:9
    at Function.process_params (C:\Users\SHREEKANT\Desktop\Node_Projects\fundoo-app\node_modules\express\lib\router\index.js:346:12)
    at next (C:\Users\SHREEKANT\Desktop\Node_Projects\fundoo-app\node_modules\express\lib\router\index.js:280:10)
    at Function.handle (C:\Users\SHREEKANT\Desktop\Node_Projects\fundoo-app\node_modules\express\lib\router\index.js:175:3)
    at router (C:\Users\SHREEKANT\Desktop\Node_Projects\fundoo-app\node_modules\express\lib\router\index.js:47:12)
    at Layer.handle [as handle_request] (C:\Users\SHREEKANT\Desktop\Node_Projects\fundoo-app\node_modules\express\lib\router\layer.js:95:5)
    at trim_prefix (C:\Users\SHREEKANT\Desktop\Node_Projects\fundoo-app\node_modules\express\lib\router\index.js:328:13)
    at C:\Users\SHREEKANT\Desktop\Node_Projects\fundoo-app\node_modules\express\lib\router\index.js:286:9
    at Function.process_params (C:\Users\SHREEKANT\Desktop\Node_Projects\fundoo-app\node_modules\express\lib\router\index.js:346:12)
    at next (C:\Users\SHREEKANT\Desktop\Node_Projects\fundoo-app\node_modules\express\lib\router\index.js:280:10)
    at logger (C:\Users\SHREEKANT\Desktop\Node_Projects\fundoo-app\node_modules\morgan\index.js:144:5)
    at Layer.handle [as handle_request] (C:\Users\SHREEKANT\Desktop\Node_Projects\fundoo-app\node_modules\express\lib\router\layer.js:95:5)
    at trim_prefix (C:\Users\SHREEKANT\Desktop\Node_Projects\fundoo-app\node_modules\express\lib\router\index.js:328:13)
    at C:\Users\SHREEKANT\Desktop\Node_Projects\fundoo-app\node_modules\express\lib\router\index.js:286:9
    at Function.process_params (C:\Users\SHREEKANT\Desktop\Node_Projects\fundoo-app\node_modules\express\lib\router\index.js:346:12)
    at next (C:\Users\SHREEKANT\Desktop\Node_Projects\fundoo-app\node_modules\express\lib\router\index.js:280:10)
    at C:\Users\SHREEKANT\Desktop\Node_Projects\fundoo-app\node_modules\body-parser\lib\read.js:137:5
    at AsyncResource.runInAsyncScope (node:async_hooks:201:9)
    at invokeCallback (C:\Users\SHREEKANT\Desktop\Node_Projects\fundoo-app\node_modules\raw-body\index.js:231:16)
    at done (C:\Users\SHREEKANT\Desktop\Node_Projects\fundoo-app\node_modules\raw-body\index.js:220:7)
    at IncomingMessage.onEnd (C:\Users\SHREEKANT\Desktop\Node_Projects\fundoo-app\node_modules\raw-body\index.js:280:7)
    at IncomingMessage.emit (node:events:538:35)
    at IncomingMessage.emit (node:domain:475:12) 
    url - /api/v1/notes 
    method - POST 
    IP - ::1
   {"timestamp":"2023-03-01T06:42:29.716Z"}
info: Server started at http://localhost:5000/api/v1/ {"timestamp":"2023-03-01T06:44:40.318Z"}
info: Connected to the database. {"timestamp":"2023-03-01T06:44:40.408Z"}
error: 
    status - 500 
    message - TypeError: Invalid argument type
    at encodeCommand (C:\Users\SHREEKANT\Desktop\Node_Projects\fundoo-app\node_modules\@redis\client\dist\lib\client\RESP2\encoder.js:17:19)
    at RedisCommandsQueue.getCommandToSend (C:\Users\SHREEKANT\Desktop\Node_Projects\fundoo-app\node_modules\@redis\client\dist\lib\client\commands-queue.js:138:45)
    at Commander._RedisClient_tick (C:\Users\SHREEKANT\Desktop\Node_Projects\fundoo-app\node_modules\@redis\client\dist\lib\client\index.js:507:76)
    at Commander._RedisClient_sendCommand (C:\Users\SHREEKANT\Desktop\Node_Projects\fundoo-app\node_modules\@redis\client\dist\lib\client\index.js:494:82)
    at Commander.commandsExecutor (C:\Users\SHREEKANT\Desktop\Node_Projects\fundoo-app\node_modules\@redis\client\dist\lib\client\index.js:193:154)
    at Commander.set (C:\Users\SHREEKANT\Desktop\Node_Projects\fundoo-app\node_modules\@redis\client\dist\lib\commander.js:8:29)
    at _callee$ (C:\Users\SHREEKANT\Desktop\Node_Projects\fundoo-app\src\middlewares\/redisData.js:7:30)
    at tryCatch (C:\Users\SHREEKANT\Desktop\Node_Projects\fundoo-app\node_modules\@babel\runtime\helpers\regeneratorRuntime.js:44:17)
    at Generator.<anonymous> (C:\Users\SHREEKANT\Desktop\Node_Projects\fundoo-app\node_modules\@babel\runtime\helpers\regeneratorRuntime.js:125:22)
    at Generator.next (C:\Users\SHREEKANT\Desktop\Node_Projects\fundoo-app\node_modules\@babel\runtime\helpers\regeneratorRuntime.js:69:21)
    at asyncGeneratorStep (C:\Users\SHREEKANT\Desktop\Node_Projects\fundoo-app\node_modules\@babel\runtime\helpers\asyncToGenerator.js:3:24)
    at _next (C:\Users\SHREEKANT\Desktop\Node_Projects\fundoo-app\node_modules\@babel\runtime\helpers\asyncToGenerator.js:22:9)
    at C:\Users\SHREEKANT\Desktop\Node_Projects\fundoo-app\node_modules\@babel\runtime\helpers\asyncToGenerator.js:27:7
    at new Promise (<anonymous>)
    at C:\Users\SHREEKANT\Desktop\Node_Projects\fundoo-app\node_modules\@babel\runtime\helpers\asyncToGenerator.js:19:12
    at _set (C:\Users\SHREEKANT\Desktop\Node_Projects\fundoo-app\src\middlewares\/redisData.js:13:2)
    at set (C:\Users\SHREEKANT\Desktop\Node_Projects\fundoo-app\src\middlewares\/redisData.js:4:26)
    at Layer.handle [as handle_request] (C:\Users\SHREEKANT\Desktop\Node_Projects\fundoo-app\node_modules\express\lib\router\layer.js:95:5)
    at next (C:\Users\SHREEKANT\Desktop\Node_Projects\fundoo-app\node_modules\express\lib\router\route.js:144:13)
    at Route.dispatch (C:\Users\SHREEKANT\Desktop\Node_Projects\fundoo-app\node_modules\express\lib\router\route.js:114:3)
    at Layer.handle [as handle_request] (C:\Users\SHREEKANT\Desktop\Node_Projects\fundoo-app\node_modules\express\lib\router\layer.js:95:5)
    at C:\Users\SHREEKANT\Desktop\Node_Projects\fundoo-app\node_modules\express\lib\router\index.js:284:15
    at Function.process_params (C:\Users\SHREEKANT\Desktop\Node_Projects\fundoo-app\node_modules\express\lib\router\index.js:346:12)
    at next (C:\Users\SHREEKANT\Desktop\Node_Projects\fundoo-app\node_modules\express\lib\router\index.js:280:10)
    at Function.handle (C:\Users\SHREEKANT\Desktop\Node_Projects\fundoo-app\node_modules\express\lib\router\index.js:175:3)
    at router (C:\Users\SHREEKANT\Desktop\Node_Projects\fundoo-app\node_modules\express\lib\router\index.js:47:12)
    at Layer.handle [as handle_request] (C:\Users\SHREEKANT\Desktop\Node_Projects\fundoo-app\node_modules\express\lib\router\layer.js:95:5)
    at trim_prefix (C:\Users\SHREEKANT\Desktop\Node_Projects\fundoo-app\node_modules\express\lib\router\index.js:328:13)
    at C:\Users\SHREEKANT\Desktop\Node_Projects\fundoo-app\node_modules\express\lib\router\index.js:286:9
    at Function.process_params (C:\Users\SHREEKANT\Desktop\Node_Projects\fundoo-app\node_modules\express\lib\router\index.js:346:12)
    at next (C:\Users\SHREEKANT\Desktop\Node_Projects\fundoo-app\node_modules\express\lib\router\index.js:280:10)
    at Function.handle (C:\Users\SHREEKANT\Desktop\Node_Projects\fundoo-app\node_modules\express\lib\router\index.js:175:3)
    at router (C:\Users\SHREEKANT\Desktop\Node_Projects\fundoo-app\node_modules\express\lib\router\index.js:47:12)
    at Layer.handle [as handle_request] (C:\Users\SHREEKANT\Desktop\Node_Projects\fundoo-app\node_modules\express\lib\router\layer.js:95:5)
    at trim_prefix (C:\Users\SHREEKANT\Desktop\Node_Projects\fundoo-app\node_modules\express\lib\router\index.js:328:13)
    at C:\Users\SHREEKANT\Desktop\Node_Projects\fundoo-app\node_modules\express\lib\router\index.js:286:9
    at Function.process_params (C:\Users\SHREEKANT\Desktop\Node_Projects\fundoo-app\node_modules\express\lib\router\index.js:346:12)
    at next (C:\Users\SHREEKANT\Desktop\Node_Projects\fundoo-app\node_modules\express\lib\router\index.js:280:10)
    at logger (C:\Users\SHREEKANT\Desktop\Node_Projects\fundoo-app\node_modules\morgan\index.js:144:5)
    at Layer.handle [as handle_request] (C:\Users\SHREEKANT\Desktop\Node_Projects\fundoo-app\node_modules\express\lib\router\layer.js:95:5)
    at trim_prefix (C:\Users\SHREEKANT\Desktop\Node_Projects\fundoo-app\node_modules\express\lib\router\index.js:328:13)
    at C:\Users\SHREEKANT\Desktop\Node_Projects\fundoo-app\node_modules\express\lib\router\index.js:286:9
    at Function.process_params (C:\Users\SHREEKANT\Desktop\Node_Projects\fundoo-app\node_modules\express\lib\router\index.js:346:12)
    at next (C:\Users\SHREEKANT\Desktop\Node_Projects\fundoo-app\node_modules\express\lib\router\index.js:280:10)
    at C:\Users\SHREEKANT\Desktop\Node_Projects\fundoo-app\node_modules\body-parser\lib\read.js:137:5
    at AsyncResource.runInAsyncScope (node:async_hooks:201:9)
    at invokeCallback (C:\Users\SHREEKANT\Desktop\Node_Projects\fundoo-app\node_modules\raw-body\index.js:231:16)
    at done (C:\Users\SHREEKANT\Desktop\Node_Projects\fundoo-app\node_modules\raw-body\index.js:220:7)
    at IncomingMessage.onEnd (C:\Users\SHREEKANT\Desktop\Node_Projects\fundoo-app\node_modules\raw-body\index.js:280:7)
    at IncomingMessage.emit (node:events:538:35) 
    url - /api/v1/notes 
    method - POST 
    IP - ::1
   {"timestamp":"2023-03-01T06:44:44.721Z"}
error: 
    status - 500 
    message - TypeError: Invalid argument type
    at encodeCommand (C:\Users\SHREEKANT\Desktop\Node_Projects\fundoo-app\node_modules\@redis\client\dist\lib\client\RESP2\encoder.js:17:19)
    at RedisCommandsQueue.getCommandToSend (C:\Users\SHREEKANT\Desktop\Node_Projects\fundoo-app\node_modules\@redis\client\dist\lib\client\commands-queue.js:138:45)
    at Commander._RedisClient_tick (C:\Users\SHREEKANT\Desktop\Node_Projects\fundoo-app\node_modules\@redis\client\dist\lib\client\index.js:507:76)
    at Commander._RedisClient_sendCommand (C:\Users\SHREEKANT\Desktop\Node_Projects\fundoo-app\node_modules\@redis\client\dist\lib\client\index.js:494:82)
    at Commander.commandsExecutor (C:\Users\SHREEKANT\Desktop\Node_Projects\fundoo-app\node_modules\@redis\client\dist\lib\client\index.js:193:154)
    at Commander.set (C:\Users\SHREEKANT\Desktop\Node_Projects\fundoo-app\node_modules\@redis\client\dist\lib\commander.js:8:29)
    at _callee$ (C:\Users\SHREEKANT\Desktop\Node_Projects\fundoo-app\src\middlewares\/redisData.js:7:30)
    at tryCatch (C:\Users\SHREEKANT\Desktop\Node_Projects\fundoo-app\node_modules\@babel\runtime\helpers\regeneratorRuntime.js:44:17)
    at Generator.<anonymous> (C:\Users\SHREEKANT\Desktop\Node_Projects\fundoo-app\node_modules\@babel\runtime\helpers\regeneratorRuntime.js:125:22)
    at Generator.next (C:\Users\SHREEKANT\Desktop\Node_Projects\fundoo-app\node_modules\@babel\runtime\helpers\regeneratorRuntime.js:69:21)
    at asyncGeneratorStep (C:\Users\SHREEKANT\Desktop\Node_Projects\fundoo-app\node_modules\@babel\runtime\helpers\asyncToGenerator.js:3:24)
    at _next (C:\Users\SHREEKANT\Desktop\Node_Projects\fundoo-app\node_modules\@babel\runtime\helpers\asyncToGenerator.js:22:9)
    at C:\Users\SHREEKANT\Desktop\Node_Projects\fundoo-app\node_modules\@babel\runtime\helpers\asyncToGenerator.js:27:7
    at new Promise (<anonymous>)
    at C:\Users\SHREEKANT\Desktop\Node_Projects\fundoo-app\node_modules\@babel\runtime\helpers\asyncToGenerator.js:19:12
    at set (C:\Users\SHREEKANT\Desktop\Node_Projects\fundoo-app\src\middlewares\/redisData.js:4:26)
    at Layer.handle [as handle_request] (C:\Users\SHREEKANT\Desktop\Node_Projects\fundoo-app\node_modules\express\lib\router\layer.js:95:5)
    at next (C:\Users\SHREEKANT\Desktop\Node_Projects\fundoo-app\node_modules\express\lib\router\route.js:144:13)
    at Route.dispatch (C:\Users\SHREEKANT\Desktop\Node_Projects\fundoo-app\node_modules\express\lib\router\route.js:114:3)
    at Layer.handle [as handle_request] (C:\Users\SHREEKANT\Desktop\Node_Projects\fundoo-app\node_modules\express\lib\router\layer.js:95:5)
    at C:\Users\SHREEKANT\Desktop\Node_Projects\fundoo-app\node_modules\express\lib\router\index.js:284:15
    at Function.process_params (C:\Users\SHREEKANT\Desktop\Node_Projects\fundoo-app\node_modules\express\lib\router\index.js:346:12)
    at next (C:\Users\SHREEKANT\Desktop\Node_Projects\fundoo-app\node_modules\express\lib\router\index.js:280:10)
    at Function.handle (C:\Users\SHREEKANT\Desktop\Node_Projects\fundoo-app\node_modules\express\lib\router\index.js:175:3)
    at router (C:\Users\SHREEKANT\Desktop\Node_Projects\fundoo-app\node_modules\express\lib\router\index.js:47:12)
    at Layer.handle [as handle_request] (C:\Users\SHREEKANT\Desktop\Node_Projects\fundoo-app\node_modules\express\lib\router\layer.js:95:5)
    at trim_prefix (C:\Users\SHREEKANT\Desktop\Node_Projects\fundoo-app\node_modules\express\lib\router\index.js:328:13)
    at C:\Users\SHREEKANT\Desktop\Node_Projects\fundoo-app\node_modules\express\lib\router\index.js:286:9
    at Function.process_params (C:\Users\SHREEKANT\Desktop\Node_Projects\fundoo-app\node_modules\express\lib\router\index.js:346:12)
    at next (C:\Users\SHREEKANT\Desktop\Node_Projects\fundoo-app\node_modules\express\lib\router\index.js:280:10)
    at Function.handle (C:\Users\SHREEKANT\Desktop\Node_Projects\fundoo-app\node_modules\express\lib\router\index.js:175:3)
    at router (C:\Users\SHREEKANT\Desktop\Node_Projects\fundoo-app\node_modules\express\lib\router\index.js:47:12)
    at Layer.handle [as handle_request] (C:\Users\SHREEKANT\Desktop\Node_Projects\fundoo-app\node_modules\express\lib\router\layer.js:95:5)
    at trim_prefix (C:\Users\SHREEKANT\Desktop\Node_Projects\fundoo-app\node_modules\express\lib\router\index.js:328:13)
    at C:\Users\SHREEKANT\Desktop\Node_Projects\fundoo-app\node_modules\express\lib\router\index.js:286:9
    at Function.process_params (C:\Users\SHREEKANT\Desktop\Node_Projects\fundoo-app\node_modules\express\lib\router\index.js:346:12)
    at next (C:\Users\SHREEKANT\Desktop\Node_Projects\fundoo-app\node_modules\express\lib\router\index.js:280:10)
    at logger (C:\Users\SHREEKANT\Desktop\Node_Projects\fundoo-app\node_modules\morgan\index.js:144:5)
    at Layer.handle [as handle_request] (C:\Users\SHREEKANT\Desktop\Node_Projects\fundoo-app\node_modules\express\lib\router\layer.js:95:5)
    at trim_prefix (C:\Users\SHREEKANT\Desktop\Node_Projects\fundoo-app\node_modules\express\lib\router\index.js:328:13)
    at C:\Users\SHREEKANT\Desktop\Node_Projects\fundoo-app\node_modules\express\lib\router\index.js:286:9
    at Function.process_params (C:\Users\SHREEKANT\Desktop\Node_Projects\fundoo-app\node_modules\express\lib\router\index.js:346:12)
    at next (C:\Users\SHREEKANT\Desktop\Node_Projects\fundoo-app\node_modules\express\lib\router\index.js:280:10)
    at C:\Users\SHREEKANT\Desktop\Node_Projects\fundoo-app\node_modules\body-parser\lib\read.js:137:5
    at AsyncResource.runInAsyncScope (node:async_hooks:201:9)
    at invokeCallback (C:\Users\SHREEKANT\Desktop\Node_Projects\fundoo-app\node_modules\raw-body\index.js:231:16)
    at done (C:\Users\SHREEKANT\Desktop\Node_Projects\fundoo-app\node_modules\raw-body\index.js:220:7)
    at IncomingMessage.onEnd (C:\Users\SHREEKANT\Desktop\Node_Projects\fundoo-app\node_modules\raw-body\index.js:280:7)
    at IncomingMessage.emit (node:events:538:35)
    at IncomingMessage.emit (node:domain:475:12) 
    url - /api/v1/notes 
    method - POST 
    IP - ::1
   {"timestamp":"2023-03-01T06:47:32.677Z"}
info: Server started at http://localhost:5000/api/v1/ {"timestamp":"2023-03-01T06:53:25.653Z"}
info: Connected to the database. {"timestamp":"2023-03-01T06:53:25.774Z"}
info: Server started at http://localhost:5000/api/v1/ {"timestamp":"2023-03-01T06:54:02.353Z"}
info: Connected to the database. {"timestamp":"2023-03-01T06:54:02.497Z"}
info: Server started at http://localhost:5000/api/v1/ {"timestamp":"2023-03-01T06:54:26.185Z"}
info: Connected to the database. {"timestamp":"2023-03-01T06:54:26.237Z"}
info: Server started at http://localhost:5000/api/v1/ {"timestamp":"2023-03-01T06:54:45.526Z"}
info: Connected to the database. {"timestamp":"2023-03-01T06:54:45.575Z"}
info: Server started at http://localhost:5000/api/v1/ {"timestamp":"2023-03-01T06:55:13.448Z"}
info: Connected to the redis database -  {"timestamp":"2023-03-01T06:55:13.472Z"}
info: Connected to the database. {"timestamp":"2023-03-01T06:55:13.487Z"}
info: Server started at http://localhost:5000/api/v1/ {"timestamp":"2023-03-01T06:56:21.825Z"}
info: Connected to the redis database - true {"timestamp":"2023-03-01T06:56:21.864Z"}
info: Connected to the database. {"timestamp":"2023-03-01T06:56:21.919Z"}
info: Server started at http://localhost:5000/api/v1/ {"timestamp":"2023-03-01T06:59:43.852Z"}
info: Connected to the redis database - true {"timestamp":"2023-03-01T06:59:43.878Z"}
info: Connected to the database. {"timestamp":"2023-03-01T06:59:43.902Z"}
info: Server started at http://localhost:5000/api/v1/ {"timestamp":"2023-03-01T07:01:25.661Z"}
info: Connected to the redis database - true {"timestamp":"2023-03-01T07:01:25.726Z"}
info: Connected to the database. {"timestamp":"2023-03-01T07:01:25.762Z"}
info: Server started at http://localhost:5000/api/v1/ {"timestamp":"2023-03-01T07:04:52.274Z"}
info: Connected to the redis database - true {"timestamp":"2023-03-01T07:04:52.345Z"}
info: Connected to the database. {"timestamp":"2023-03-01T07:04:52.366Z"}
info: Server started at http://localhost:5000/api/v1/ {"timestamp":"2023-03-01T07:06:01.474Z"}
info: Connected to the redis database - true {"timestamp":"2023-03-01T07:06:01.619Z"}
info: Connected to the database. {"timestamp":"2023-03-01T07:06:01.760Z"}
info: Server started at http://localhost:5000/api/v1/ {"timestamp":"2023-03-01T07:06:30.620Z"}
info: Connected to the redis database - true {"timestamp":"2023-03-01T07:06:30.654Z"}
info: Connected to the database. {"timestamp":"2023-03-01T07:06:30.668Z"}
info: Server started at http://localhost:5000/api/v1/ {"timestamp":"2023-03-01T07:07:06.318Z"}
info: Connected to the redis database - true {"timestamp":"2023-03-01T07:07:06.390Z"}
info: Connected to the database. {"timestamp":"2023-03-01T07:07:06.417Z"}
info: Server started at http://localhost:5000/api/v1/ {"timestamp":"2023-03-01T07:08:18.478Z"}
info: Connected to the redis database - true {"timestamp":"2023-03-01T07:08:18.561Z"}
info: Connected to the database. {"timestamp":"2023-03-01T07:08:18.605Z"}
info: Server started at http://localhost:5000/api/v1/ {"timestamp":"2023-03-01T07:08:48.355Z"}
info: Connected to the redis database - true {"timestamp":"2023-03-01T07:08:48.412Z"}
info: Connected to the database. {"timestamp":"2023-03-01T07:08:48.484Z"}
info: Server started at http://localhost:5000/api/v1/ {"timestamp":"2023-03-01T07:09:15.918Z"}
info: Connected to the redis database - true {"timestamp":"2023-03-01T07:09:15.986Z"}
info: Connected to the database. {"timestamp":"2023-03-01T07:09:16.027Z"}
info: Server started at http://localhost:5000/api/v1/ {"timestamp":"2023-03-01T07:10:38.682Z"}
info: Connected to the redis database - true {"timestamp":"2023-03-01T07:10:38.766Z"}
info: Connected to the database. {"timestamp":"2023-03-01T07:10:38.797Z"}
info: Server started at http://localhost:5000/api/v1/ {"timestamp":"2023-03-01T07:11:02.423Z"}
info: Connected to the redis database - true {"timestamp":"2023-03-01T07:11:02.450Z"}
info: Connected to the database. {"timestamp":"2023-03-01T07:11:02.465Z"}
info: Server started at http://localhost:5000/api/v1/ {"timestamp":"2023-03-01T07:13:07.687Z"}
info: Connected to the redis database - true {"timestamp":"2023-03-01T07:13:07.848Z"}
info: Connected to the database. {"timestamp":"2023-03-01T07:13:07.953Z"}
info: Server started at http://localhost:5000/api/v1/ {"timestamp":"2023-03-01T07:13:35.022Z"}
info: Connected to the redis database - true {"timestamp":"2023-03-01T07:13:35.051Z"}
info: Connected to the database. {"timestamp":"2023-03-01T07:13:35.068Z"}
info: Server started at http://localhost:5000/api/v1/ {"timestamp":"2023-03-01T07:15:12.071Z"}
info: Connected to the redis database - true {"timestamp":"2023-03-01T07:15:12.103Z"}
info: Connected to the database. {"timestamp":"2023-03-01T07:15:12.122Z"}
info: Server started at http://localhost:5000/api/v1/ {"timestamp":"2023-03-01T07:19:46.513Z"}
info: Connected to the redis database - true {"timestamp":"2023-03-01T07:19:46.618Z"}
info: Connected to the database. {"timestamp":"2023-03-01T07:19:46.638Z"}
info: Server started at http://localhost:5000/api/v1/ {"timestamp":"2023-03-01T07:20:17.897Z"}
info: Connected to the redis database - true {"timestamp":"2023-03-01T07:20:17.999Z"}
info: Connected to the database. {"timestamp":"2023-03-01T07:20:18.035Z"}
info: Server started at http://localhost:5000/api/v1/ {"timestamp":"2023-03-01T07:30:17.662Z"}
info: Connected to the redis database - true {"timestamp":"2023-03-01T07:30:17.688Z"}
info: Connected to the database. {"timestamp":"2023-03-01T07:30:17.702Z"}
info: Server started at http://localhost:5000/api/v1/ {"timestamp":"2023-03-01T07:36:03.824Z"}
info: Connected to the redis database - true {"timestamp":"2023-03-01T07:36:03.902Z"}
info: Connected to the database. {"timestamp":"2023-03-01T07:36:03.923Z"}
info: Server started at http://localhost:5000/api/v1/ {"timestamp":"2023-03-01T07:37:37.712Z"}
info: Connected to the redis database - true {"timestamp":"2023-03-01T07:37:37.795Z"}
info: Connected to the database. {"timestamp":"2023-03-01T07:37:37.851Z"}
info: Server started at http://localhost:5000/api/v1/ {"timestamp":"2023-03-01T07:38:57.278Z"}
info: Connected to the redis database - true {"timestamp":"2023-03-01T07:38:57.353Z"}
info: Connected to the database. {"timestamp":"2023-03-01T07:38:57.373Z"}
info: Server started at http://localhost:5000/api/v1/ {"timestamp":"2023-03-01T07:42:09.998Z"}
info: Connected to the redis database - true {"timestamp":"2023-03-01T07:42:10.073Z"}
info: Connected to the database. {"timestamp":"2023-03-01T07:42:10.111Z"}
info: Server started at http://localhost:5000/api/v1/ {"timestamp":"2023-03-01T07:43:29.883Z"}
info: Connected to the redis database - true {"timestamp":"2023-03-01T07:43:29.929Z"}
info: Connected to the database. {"timestamp":"2023-03-01T07:43:29.948Z"}
info: Server started at http://localhost:5000/api/v1/ {"timestamp":"2023-03-01T07:44:34.208Z"}
info: Connected to the redis database - true {"timestamp":"2023-03-01T07:44:34.244Z"}
info: Connected to the database. {"timestamp":"2023-03-01T07:44:34.266Z"}
info: Server started at http://localhost:5000/api/v1/ {"timestamp":"2023-03-01T07:45:17.250Z"}
info: Connected to the redis database - true {"timestamp":"2023-03-01T07:45:17.288Z"}
info: Connected to the database. {"timestamp":"2023-03-01T07:45:17.348Z"}
info: Server started at http://localhost:5000/api/v1/ {"timestamp":"2023-03-01T07:48:12.411Z"}
info: Connected to the redis database - true {"timestamp":"2023-03-01T07:48:12.457Z"}
info: Connected to the database. {"timestamp":"2023-03-01T07:48:12.474Z"}
info: Server started at http://localhost:5000/api/v1/ {"timestamp":"2023-03-01T07:52:56.266Z"}
info: Connected to the redis database - true {"timestamp":"2023-03-01T07:52:56.334Z"}
info: Connected to the database. {"timestamp":"2023-03-01T07:52:56.373Z"}
info: Server started at http://localhost:5000/api/v1/ {"timestamp":"2023-03-01T07:56:23.244Z"}
info: Connected to the redis database - true {"timestamp":"2023-03-01T07:56:23.271Z"}
info: Connected to the database. {"timestamp":"2023-03-01T07:56:23.287Z"}
info: Server started at http://localhost:5000/api/v1/ {"timestamp":"2023-03-01T07:59:34.734Z"}
info: Connected to the redis database - true {"timestamp":"2023-03-01T07:59:34.809Z"}
info: Connected to the database. {"timestamp":"2023-03-01T07:59:34.852Z"}
info: Server started at http://localhost:5000/api/v1/ {"timestamp":"2023-03-01T08:00:17.762Z"}
info: Connected to the redis database - true {"timestamp":"2023-03-01T08:00:17.866Z"}
info: Connected to the database. {"timestamp":"2023-03-01T08:00:17.908Z"}
info: Server started at http://localhost:5000/api/v1/ {"timestamp":"2023-03-01T08:01:49.542Z"}
info: Connected to the redis database - true {"timestamp":"2023-03-01T08:01:49.603Z"}
info: Connected to the database. {"timestamp":"2023-03-01T08:01:49.619Z"}
info: Server started at http://localhost:5000/api/v1/ {"timestamp":"2023-03-01T08:03:29.787Z"}
info: Connected to the redis database - true {"timestamp":"2023-03-01T08:03:29.840Z"}
info: Connected to the database. {"timestamp":"2023-03-01T08:03:29.858Z"}
info: Server started at http://localhost:5000/api/v1/ {"timestamp":"2023-03-01T08:04:44.248Z"}
info: Connected to the redis database - true {"timestamp":"2023-03-01T08:04:44.306Z"}
info: Connected to the database. {"timestamp":"2023-03-01T08:04:44.352Z"}
info: Server started at http://localhost:5000/api/v1/ {"timestamp":"2023-03-01T08:06:22.531Z"}
info: Connected to the redis database - true {"timestamp":"2023-03-01T08:06:22.628Z"}
info: Connected to the database. {"timestamp":"2023-03-01T08:06:22.649Z"}
info: Server started at http://localhost:5000/api/v1/ {"timestamp":"2023-03-01T08:07:28.923Z"}
info: Connected to the redis database - true {"timestamp":"2023-03-01T08:07:28.995Z"}
info: Connected to the database. {"timestamp":"2023-03-01T08:07:29.042Z"}
info: Server started at http://localhost:5000/api/v1/ {"timestamp":"2023-03-01T08:09:41.313Z"}
info: Connected to the redis database - true {"timestamp":"2023-03-01T08:09:41.378Z"}
info: Connected to the database. {"timestamp":"2023-03-01T08:09:41.396Z"}
info: Server started at http://localhost:5000/api/v1/ {"timestamp":"2023-03-01T08:10:39.968Z"}
info: Connected to the redis database - true {"timestamp":"2023-03-01T08:10:40.044Z"}
info: Connected to the database. {"timestamp":"2023-03-01T08:10:40.060Z"}
info: Server started at http://localhost:5000/api/v1/ {"timestamp":"2023-03-01T08:11:14.809Z"}
info: Connected to the redis database - true {"timestamp":"2023-03-01T08:11:14.846Z"}
info: Connected to the database. {"timestamp":"2023-03-01T08:11:14.861Z"}
info: Server started at http://localhost:5000/api/v1/ {"timestamp":"2023-03-01T08:11:36.879Z"}
info: Connected to the redis database - true {"timestamp":"2023-03-01T08:11:36.994Z"}
info: Connected to the database. {"timestamp":"2023-03-01T08:11:37.009Z"}
info: Server started at http://localhost:5000/api/v1/ {"timestamp":"2023-03-01T08:12:00.697Z"}
info: Connected to the redis database - true {"timestamp":"2023-03-01T08:12:00.774Z"}
info: Connected to the database. {"timestamp":"2023-03-01T08:12:00.810Z"}
info: Server started at http://localhost:5000/api/v1/ {"timestamp":"2023-03-01T08:12:21.317Z"}
info: Connected to the redis database - true {"timestamp":"2023-03-01T08:12:21.392Z"}
info: Connected to the database. {"timestamp":"2023-03-01T08:12:21.422Z"}
info: Server started at http://localhost:5000/api/v1/ {"timestamp":"2023-03-01T08:12:45.680Z"}
info: Connected to the redis database - true {"timestamp":"2023-03-01T08:12:45.705Z"}
info: Connected to the database. {"timestamp":"2023-03-01T08:12:45.762Z"}
info: Server started at http://localhost:5000/api/v1/ {"timestamp":"2023-03-01T08:16:31.317Z"}
info: Connected to the redis database - true {"timestamp":"2023-03-01T08:16:31.415Z"}
info: Connected to the database. {"timestamp":"2023-03-01T08:16:31.429Z"}
info: Server started at http://localhost:5000/api/v1/ {"timestamp":"2023-03-01T08:17:39.162Z"}
info: Connected to the redis database - true {"timestamp":"2023-03-01T08:17:39.222Z"}
info: Connected to the database. {"timestamp":"2023-03-01T08:17:39.243Z"}
info: Server started at http://localhost:5000/api/v1/ {"timestamp":"2023-03-01T08:18:13.027Z"}
info: Connected to the redis database - true {"timestamp":"2023-03-01T08:18:13.092Z"}
info: Connected to the database. {"timestamp":"2023-03-01T08:18:13.130Z"}
info: Server started at http://localhost:5000/api/v1/ {"timestamp":"2023-03-01T09:09:30.055Z"}
info: Connected to the redis database - true {"timestamp":"2023-03-01T09:09:30.114Z"}
info: Connected to the database. {"timestamp":"2023-03-01T09:09:30.148Z"}
info: Server started at http://localhost:5000/api/v1/ {"timestamp":"2023-03-01T09:18:12.969Z"}
info: Connected to the redis database - true {"timestamp":"2023-03-01T09:18:13.108Z"}
info: Connected to the database. {"timestamp":"2023-03-01T09:18:13.122Z"}
info: Server started at http://localhost:5000/api/v1/ {"timestamp":"2023-03-01T09:22:33.238Z"}
info: Connected to the redis database - true {"timestamp":"2023-03-01T09:22:33.310Z"}
info: Connected to the database. {"timestamp":"2023-03-01T09:22:33.352Z"}
info: Server started at http://localhost:5000/api/v1/ {"timestamp":"2023-03-01T09:23:04.553Z"}
info: Connected to the redis database - true {"timestamp":"2023-03-01T09:23:04.632Z"}
info: Connected to the database. {"timestamp":"2023-03-01T09:23:04.680Z"}
info: Server started at http://localhost:5000/api/v1/ {"timestamp":"2023-03-01T09:24:01.320Z"}
info: Connected to the redis database - true {"timestamp":"2023-03-01T09:24:01.394Z"}
info: Connected to the database. {"timestamp":"2023-03-01T09:24:01.441Z"}
info: Server started at http://localhost:5000/api/v1/ {"timestamp":"2023-03-01T09:25:00.256Z"}
info: Connected to the redis database - true {"timestamp":"2023-03-01T09:25:00.335Z"}
info: Connected to the database. {"timestamp":"2023-03-01T09:25:00.379Z"}
info: Server started at http://localhost:5000/api/v1/ {"timestamp":"2023-03-01T09:25:20.354Z"}
info: Connected to the redis database - true {"timestamp":"2023-03-01T09:25:20.394Z"}
info: Connected to the database. {"timestamp":"2023-03-01T09:25:20.421Z"}
info: Server started at http://localhost:5000/api/v1/ {"timestamp":"2023-03-01T09:27:41.428Z"}
info: Connected to the redis database - true {"timestamp":"2023-03-01T09:27:41.472Z"}
info: Connected to the database. {"timestamp":"2023-03-01T09:27:41.485Z"}
info: Server started at http://localhost:5000/api/v1/ {"timestamp":"2023-03-01T09:28:08.246Z"}
info: Connected to the redis database - true {"timestamp":"2023-03-01T09:28:08.289Z"}
info: Connected to the database. {"timestamp":"2023-03-01T09:28:08.328Z"}
info: Server started at http://localhost:5000/api/v1/ {"timestamp":"2023-03-01T09:47:06.879Z"}
info: Connected to the redis database - true {"timestamp":"2023-03-01T09:47:06.909Z"}
info: Connected to the database. {"timestamp":"2023-03-01T09:47:06.927Z"}
info: Server started at http://localhost:5000/api/v1/ {"timestamp":"2023-03-01T09:49:12.786Z"}
info: Connected to the redis database - true {"timestamp":"2023-03-01T09:49:12.861Z"}
info: Connected to the database. {"timestamp":"2023-03-01T09:49:12.893Z"}
info: Server started at http://localhost:5000/api/v1/ {"timestamp":"2023-03-01T09:49:28.363Z"}
info: Connected to the redis database - true {"timestamp":"2023-03-01T09:49:28.449Z"}
info: Connected to the database. {"timestamp":"2023-03-01T09:49:28.476Z"}
info: Server started at http://localhost:5000/api/v1/ {"timestamp":"2023-03-01T09:54:30.137Z"}
info: Connected to the redis database - true {"timestamp":"2023-03-01T09:54:30.236Z"}
info: Connected to the database. {"timestamp":"2023-03-01T09:54:30.279Z"}
info: Server started at http://localhost:5000/api/v1/ {"timestamp":"2023-03-01T09:56:13.672Z"}
info: Connected to the redis database - true {"timestamp":"2023-03-01T09:56:13.757Z"}
info: Connected to the database. {"timestamp":"2023-03-01T09:56:13.803Z"}
info: Server started at http://localhost:5000/api/v1/ {"timestamp":"2023-03-01T09:59:12.047Z"}
info: Connected to the redis database - true {"timestamp":"2023-03-01T09:59:12.133Z"}
info: Connected to the database. {"timestamp":"2023-03-01T09:59:12.179Z"}
info: Server started at http://localhost:5000/api/v1/ {"timestamp":"2023-03-01T10:01:10.129Z"}
info: Connected to the redis database - true {"timestamp":"2023-03-01T10:01:10.219Z"}
info: Connected to the database. {"timestamp":"2023-03-01T10:01:10.246Z"}
info: Server started at http://localhost:5000/api/v1/ {"timestamp":"2023-03-01T10:02:46.129Z"}
info: Connected to the redis database - true {"timestamp":"2023-03-01T10:02:46.185Z"}
info: Connected to the database. {"timestamp":"2023-03-01T10:02:46.246Z"}
info: Server started at http://localhost:5000/api/v1/ {"timestamp":"2023-03-01T10:04:23.462Z"}
info: Connected to the redis database - true {"timestamp":"2023-03-01T10:04:23.515Z"}
info: Connected to the database. {"timestamp":"2023-03-01T10:04:23.547Z"}
info: Server started at http://localhost:5000/api/v1/ {"timestamp":"2023-03-01T10:06:08.607Z"}
info: Connected to the redis database - true {"timestamp":"2023-03-01T10:06:08.699Z"}
info: Connected to the database. {"timestamp":"2023-03-01T10:06:08.722Z"}
info: Server started at http://localhost:5000/api/v1/ {"timestamp":"2023-03-01T10:06:51.858Z"}
info: Connected to the redis database - true {"timestamp":"2023-03-01T10:06:51.932Z"}
info: Connected to the database. {"timestamp":"2023-03-01T10:06:51.954Z"}
info: Server started at http://localhost:5000/api/v1/ {"timestamp":"2023-03-01T10:08:03.133Z"}
info: Connected to the redis database - true {"timestamp":"2023-03-01T10:08:03.235Z"}
info: Connected to the database. {"timestamp":"2023-03-01T10:08:03.260Z"}
info: Server started at http://localhost:5000/api/v1/ {"timestamp":"2023-03-01T10:08:14.975Z"}
info: Connected to the redis database - true {"timestamp":"2023-03-01T10:08:15.021Z"}
info: Connected to the database. {"timestamp":"2023-03-01T10:08:15.056Z"}
info: Server started at http://localhost:5000/api/v1/ {"timestamp":"2023-03-01T10:09:03.857Z"}
info: Connected to the redis database - true {"timestamp":"2023-03-01T10:09:03.940Z"}
info: Connected to the database. {"timestamp":"2023-03-01T10:09:03.986Z"}
info: Server started at http://localhost:5000/api/v1/ {"timestamp":"2023-03-01T10:11:07.446Z"}
info: Connected to the redis database - true {"timestamp":"2023-03-01T10:11:07.519Z"}
info: Connected to the database. {"timestamp":"2023-03-01T10:11:07.533Z"}
info: Server started at http://localhost:5000/api/v1/ {"timestamp":"2023-03-01T10:12:32.291Z"}
info: Connected to the redis database - true {"timestamp":"2023-03-01T10:12:32.366Z"}
info: Connected to the database. {"timestamp":"2023-03-01T10:12:32.424Z"}
info: Server started at http://localhost:5000/api/v1/ {"timestamp":"2023-03-01T10:13:54.255Z"}
info: Connected to the redis database - true {"timestamp":"2023-03-01T10:13:54.435Z"}
info: Connected to the database. {"timestamp":"2023-03-01T10:13:54.456Z"}
info: Server started at http://localhost:5000/api/v1/ {"timestamp":"2023-03-01T10:17:41.585Z"}
info: Connected to the redis database - true {"timestamp":"2023-03-01T10:17:41.652Z"}
info: Connected to the database. {"timestamp":"2023-03-01T10:17:41.673Z"}
info: Server started at http://localhost:5000/api/v1/ {"timestamp":"2023-03-01T10:18:12.976Z"}
info: Connected to the redis database - true {"timestamp":"2023-03-01T10:18:13.058Z"}
info: Connected to the database. {"timestamp":"2023-03-01T10:18:13.097Z"}
info: Server started at http://localhost:5000/api/v1/ {"timestamp":"2023-03-01T10:30:31.472Z"}
info: Connected to the redis database - true {"timestamp":"2023-03-01T10:30:31.541Z"}
info: Connected to the database. {"timestamp":"2023-03-01T10:30:31.636Z"}
info: Server started at http://localhost:5000/api/v1/ {"timestamp":"2023-03-01T10:31:12.907Z"}
info: Connected to the redis database - true {"timestamp":"2023-03-01T10:31:13.000Z"}
info: Connected to the database. {"timestamp":"2023-03-01T10:31:13.120Z"}
info: Server started at http://localhost:5000/api/v1/ {"timestamp":"2023-03-01T10:32:29.711Z"}
info: Connected to the redis database - true {"timestamp":"2023-03-01T10:32:29.782Z"}
info: Connected to the database. {"timestamp":"2023-03-01T10:32:29.807Z"}
info: Server started at http://localhost:5000/api/v1/ {"timestamp":"2023-03-01T10:37:29.781Z"}
info: Connected to the redis database - true {"timestamp":"2023-03-01T10:37:29.893Z"}
info: Connected to the database. {"timestamp":"2023-03-01T10:37:29.924Z"}
info: Server started at http://localhost:5000/api/v1/ {"timestamp":"2023-03-01T10:41:12.182Z"}
info: Connected to the redis database - true {"timestamp":"2023-03-01T10:41:12.271Z"}
info: Connected to the database. {"timestamp":"2023-03-01T10:41:12.311Z"}
info: Server started at http://localhost:5000/api/v1/ {"timestamp":"2023-03-01T10:46:24.701Z"}
info: Connected to the redis database - true {"timestamp":"2023-03-01T10:46:24.774Z"}
info: Connected to the database. {"timestamp":"2023-03-01T10:46:24.819Z"}
info: Server started at http://localhost:5000/api/v1/ {"timestamp":"2023-03-01T10:49:55.460Z"}
info: Connected to the redis database - true {"timestamp":"2023-03-01T10:49:55.510Z"}
info: Connected to the database. {"timestamp":"2023-03-01T10:49:55.539Z"}
info: Server started at http://localhost:5000/api/v1/ {"timestamp":"2023-03-01T10:51:15.095Z"}
info: Connected to the redis database - true {"timestamp":"2023-03-01T10:51:15.173Z"}
info: Connected to the database. {"timestamp":"2023-03-01T10:51:15.193Z"}
info: Server started at http://localhost:5000/api/v1/ {"timestamp":"2023-03-01T10:53:18.273Z"}
info: Connected to the redis database - true {"timestamp":"2023-03-01T10:53:18.349Z"}
info: Connected to the database. {"timestamp":"2023-03-01T10:53:18.368Z"}
info: Server started at http://localhost:5000/api/v1/ {"timestamp":"2023-03-01T10:53:40.593Z"}
info: Connected to the redis database - true {"timestamp":"2023-03-01T10:53:40.619Z"}
info: Connected to the database. {"timestamp":"2023-03-01T10:53:40.630Z"}
info: Server started at http://localhost:5000/api/v1/ {"timestamp":"2023-03-01T10:57:39.231Z"}
info: Connected to the redis database - true {"timestamp":"2023-03-01T10:57:39.323Z"}
info: Connected to the database. {"timestamp":"2023-03-01T10:57:39.359Z"}
info: Server started at http://localhost:5000/api/v1/ {"timestamp":"2023-03-01T11:00:26.539Z"}
info: Connected to the redis database - true {"timestamp":"2023-03-01T11:00:26.615Z"}
info: Connected to the database. {"timestamp":"2023-03-01T11:00:26.646Z"}
