info: Server started at http://localhost:3000/api/v1/ {"timestamp":"2023-02-21T03:01:26.046Z"}
info: Connected to the database. {"timestamp":"2023-02-21T03:01:26.158Z"}
info: Server started at http://localhost:3000/api/v1/ {"timestamp":"2023-02-21T03:21:41.712Z"}
info: Connected to the database. {"timestamp":"2023-02-21T03:21:41.768Z"}
info: Server started at http://localhost:3000/api/v1/ {"timestamp":"2023-02-21T03:23:01.619Z"}
info: Connected to the database. {"timestamp":"2023-02-21T03:23:01.662Z"}
error: 
      status - 400
      message - Authorization token is required 
      url - /api/v1/notes 
      method - GET 
      IP - ::1
     {"timestamp":"2023-02-21T03:23:24.342Z"}
info: Server started at http://localhost:3000/api/v1/ {"timestamp":"2023-02-21T03:24:08.458Z"}
info: Connected to the database. {"timestamp":"2023-02-21T03:24:08.521Z"}
info: Server started at http://localhost:3000/api/v1/ {"timestamp":"2023-02-21T04:02:33.124Z"}
info: Connected to the database. {"timestamp":"2023-02-21T04:02:33.182Z"}
error: 
    status - 500 
    message - JsonWebTokenError: invalid token
    at Object.verify (C:\Users\SHREEKANT\Desktop\Node_Projects\fundoo-app\node_modules\jsonwebtoken\verify.js:75:17)
    at _callee$ (C:\Users\SHREEKANT\Desktop\Node_Projects\fundoo-app\src\middlewares\/auth.middleware.js:23:26)
    at tryCatch (C:\Users\SHREEKANT\Desktop\Node_Projects\fundoo-app\node_modules\@babel\runtime\helpers\regeneratorRuntime.js:44:17)
    at Generator.<anonymous> (C:\Users\SHREEKANT\Desktop\Node_Projects\fundoo-app\node_modules\@babel\runtime\helpers\regeneratorRuntime.js:125:22)
    at Generator.next (C:\Users\SHREEKANT\Desktop\Node_Projects\fundoo-app\node_modules\@babel\runtime\helpers\regeneratorRuntime.js:69:21)
    at asyncGeneratorStep (C:\Users\SHREEKANT\Desktop\Node_Projects\fundoo-app\node_modules\@babel\runtime\helpers\asyncToGenerator.js:3:24)
    at _next (C:\Users\SHREEKANT\Desktop\Node_Projects\fundoo-app\node_modules\@babel\runtime\helpers\asyncToGenerator.js:22:9)
    at C:\Users\SHREEKANT\Desktop\Node_Projects\fundoo-app\node_modules\@babel\runtime\helpers\asyncToGenerator.js:27:7
    at new Promise (<anonymous>)
    at C:\Users\SHREEKANT\Desktop\Node_Projects\fundoo-app\node_modules\@babel\runtime\helpers\asyncToGenerator.js:19:12
    at userAuth (C:\Users\SHREEKANT\Desktop\Node_Projects\fundoo-app\src\middlewares\/auth.middleware.js:12:22)
    at Layer.handle [as handle_request] (C:\Users\SHREEKANT\Desktop\Node_Projects\fundoo-app\node_modules\express\lib\router\layer.js:95:5)
    at next (C:\Users\SHREEKANT\Desktop\Node_Projects\fundoo-app\node_modules\express\lib\router\route.js:144:13)
    at Route.dispatch (C:\Users\SHREEKANT\Desktop\Node_Projects\fundoo-app\node_modules\express\lib\router\route.js:114:3)
    at Layer.handle [as handle_request] (C:\Users\SHREEKANT\Desktop\Node_Projects\fundoo-app\node_modules\express\lib\router\layer.js:95:5)
    at C:\Users\SHREEKANT\Desktop\Node_Projects\fundoo-app\node_modules\express\lib\router\index.js:284:15
    at Function.process_params (C:\Users\SHREEKANT\Desktop\Node_Projects\fundoo-app\node_modules\express\lib\router\index.js:346:12)
    at next (C:\Users\SHREEKANT\Desktop\Node_Projects\fundoo-app\node_modules\express\lib\router\index.js:280:10)
    at Function.handle (C:\Users\SHREEKANT\Desktop\Node_Projects\fundoo-app\node_modules\express\lib\router\index.js:175:3)
    at router (C:\Users\SHREEKANT\Desktop\Node_Projects\fundoo-app\node_modules\express\lib\router\index.js:47:12)
    at Layer.handle [as handle_request] (C:\Users\SHREEKANT\Desktop\Node_Projects\fundoo-app\node_modules\express\lib\router\layer.js:95:5)
    at trim_prefix (C:\Users\SHREEKANT\Desktop\Node_Projects\fundoo-app\node_modules\express\lib\router\index.js:328:13)
    at C:\Users\SHREEKANT\Desktop\Node_Projects\fundoo-app\node_modules\express\lib\router\index.js:286:9
    at Function.process_params (C:\Users\SHREEKANT\Desktop\Node_Projects\fundoo-app\node_modules\express\lib\router\index.js:346:12)
    at next (C:\Users\SHREEKANT\Desktop\Node_Projects\fundoo-app\node_modules\express\lib\router\index.js:280:10)
    at Function.handle (C:\Users\SHREEKANT\Desktop\Node_Projects\fundoo-app\node_modules\express\lib\router\index.js:175:3)
    at router (C:\Users\SHREEKANT\Desktop\Node_Projects\fundoo-app\node_modules\express\lib\router\index.js:47:12)
    at Layer.handle [as handle_request] (C:\Users\SHREEKANT\Desktop\Node_Projects\fundoo-app\node_modules\express\lib\router\layer.js:95:5)
    at trim_prefix (C:\Users\SHREEKANT\Desktop\Node_Projects\fundoo-app\node_modules\express\lib\router\index.js:328:13)
    at C:\Users\SHREEKANT\Desktop\Node_Projects\fundoo-app\node_modules\express\lib\router\index.js:286:9
    at Function.process_params (C:\Users\SHREEKANT\Desktop\Node_Projects\fundoo-app\node_modules\express\lib\router\index.js:346:12)
    at next (C:\Users\SHREEKANT\Desktop\Node_Projects\fundoo-app\node_modules\express\lib\router\index.js:280:10)
    at logger (C:\Users\SHREEKANT\Desktop\Node_Projects\fundoo-app\node_modules\morgan\index.js:144:5)
    at Layer.handle [as handle_request] (C:\Users\SHREEKANT\Desktop\Node_Projects\fundoo-app\node_modules\express\lib\router\layer.js:95:5)
    at trim_prefix (C:\Users\SHREEKANT\Desktop\Node_Projects\fundoo-app\node_modules\express\lib\router\index.js:328:13)
    at C:\Users\SHREEKANT\Desktop\Node_Projects\fundoo-app\node_modules\express\lib\router\index.js:286:9
    at Function.process_params (C:\Users\SHREEKANT\Desktop\Node_Projects\fundoo-app\node_modules\express\lib\router\index.js:346:12)
    at next (C:\Users\SHREEKANT\Desktop\Node_Projects\fundoo-app\node_modules\express\lib\router\index.js:280:10)
    at jsonParser (C:\Users\SHREEKANT\Desktop\Node_Projects\fundoo-app\node_modules\body-parser\lib\types\json.js:110:7)
    at Layer.handle [as handle_request] (C:\Users\SHREEKANT\Desktop\Node_Projects\fundoo-app\node_modules\express\lib\router\layer.js:95:5)
    at trim_prefix (C:\Users\SHREEKANT\Desktop\Node_Projects\fundoo-app\node_modules\express\lib\router\index.js:328:13)
    at C:\Users\SHREEKANT\Desktop\Node_Projects\fundoo-app\node_modules\express\lib\router\index.js:286:9
    at Function.process_params (C:\Users\SHREEKANT\Desktop\Node_Projects\fundoo-app\node_modules\express\lib\router\index.js:346:12)
    at next (C:\Users\SHREEKANT\Desktop\Node_Projects\fundoo-app\node_modules\express\lib\router\index.js:280:10)
    at urlencodedParser (C:\Users\SHREEKANT\Desktop\Node_Projects\fundoo-app\node_modules\body-parser\lib\types\urlencoded.js:91:7)
    at Layer.handle [as handle_request] (C:\Users\SHREEKANT\Desktop\Node_Projects\fundoo-app\node_modules\express\lib\router\layer.js:95:5)
    at trim_prefix (C:\Users\SHREEKANT\Desktop\Node_Projects\fundoo-app\node_modules\express\lib\router\index.js:328:13)
    at C:\Users\SHREEKANT\Desktop\Node_Projects\fundoo-app\node_modules\express\lib\router\index.js:286:9
    at Function.process_params (C:\Users\SHREEKANT\Desktop\Node_Projects\fundoo-app\node_modules\express\lib\router\index.js:346:12)
    at next (C:\Users\SHREEKANT\Desktop\Node_Projects\fundoo-app\node_modules\express\lib\router\index.js:280:10) 
    url - /api/v1/notes 
    method - GET 
    IP - ::1
   {"timestamp":"2023-02-21T04:02:37.070Z"}
info: Server started at http://localhost:3000/api/v1/ {"timestamp":"2023-02-21T04:03:34.860Z"}
info: Connected to the database. {"timestamp":"2023-02-21T04:03:34.918Z"}
info: Server started at http://localhost:3000/api/v1/ {"timestamp":"2023-02-21T04:04:37.386Z"}
info: Connected to the database. {"timestamp":"2023-02-21T04:04:37.423Z"}
info: Server started at http://localhost:3000/api/v1/ {"timestamp":"2023-02-21T04:04:59.167Z"}
info: Connected to the database. {"timestamp":"2023-02-21T04:04:59.220Z"}
info: Server started at http://localhost:3000/api/v1/ {"timestamp":"2023-02-21T04:06:50.256Z"}
info: Connected to the database. {"timestamp":"2023-02-21T04:06:50.322Z"}
info: Server started at http://localhost:3000/api/v1/ {"timestamp":"2023-02-21T04:10:47.467Z"}
info: Connected to the database. {"timestamp":"2023-02-21T04:10:47.543Z"}
info: Server started at http://localhost:3000/api/v1/ {"timestamp":"2023-02-21T04:13:03.653Z"}
info: Connected to the database. {"timestamp":"2023-02-21T04:13:03.706Z"}
info: Server started at http://localhost:3000/api/v1/ {"timestamp":"2023-02-21T04:15:17.990Z"}
info: Connected to the database. {"timestamp":"2023-02-21T04:15:18.032Z"}
info: Server started at http://localhost:3000/api/v1/ {"timestamp":"2023-02-21T04:16:55.127Z"}
info: Connected to the database. {"timestamp":"2023-02-21T04:16:55.188Z"}
info: Server started at http://localhost:3000/api/v1/ {"timestamp":"2023-02-21T04:24:25.555Z"}
info: Connected to the database. {"timestamp":"2023-02-21T04:24:25.631Z"}
info: Server started at http://localhost:3000/api/v1/ {"timestamp":"2023-02-21T04:24:31.448Z"}
info: Connected to the database. {"timestamp":"2023-02-21T04:24:31.477Z"}
error: 
    status - 500 
    message - TypeError: Cannot read properties of undefined (reading 'user')
    at _callee$ (C:\Users\SHREEKANT\Desktop\Node_Projects\fundoo-app\src\middlewares\/auth.middleware.js:27:26)
    at tryCatch (C:\Users\SHREEKANT\Desktop\Node_Projects\fundoo-app\node_modules\@babel\runtime\helpers\regeneratorRuntime.js:44:17)
    at Generator.<anonymous> (C:\Users\SHREEKANT\Desktop\Node_Projects\fundoo-app\node_modules\@babel\runtime\helpers\regeneratorRuntime.js:125:22)
    at Generator.next (C:\Users\SHREEKANT\Desktop\Node_Projects\fundoo-app\node_modules\@babel\runtime\helpers\regeneratorRuntime.js:69:21)
    at asyncGeneratorStep (C:\Users\SHREEKANT\Desktop\Node_Projects\fundoo-app\node_modules\@babel\runtime\helpers\asyncToGenerator.js:3:24)
    at _next (C:\Users\SHREEKANT\Desktop\Node_Projects\fundoo-app\node_modules\@babel\runtime\helpers\asyncToGenerator.js:22:9)
    at C:\Users\SHREEKANT\Desktop\Node_Projects\fundoo-app\node_modules\@babel\runtime\helpers\asyncToGenerator.js:27:7
    at new Promise (<anonymous>)
    at C:\Users\SHREEKANT\Desktop\Node_Projects\fundoo-app\node_modules\@babel\runtime\helpers\asyncToGenerator.js:19:12
    at userAuth (C:\Users\SHREEKANT\Desktop\Node_Projects\fundoo-app\src\middlewares\/auth.middleware.js:12:22)
    at Layer.handle [as handle_request] (C:\Users\SHREEKANT\Desktop\Node_Projects\fundoo-app\node_modules\express\lib\router\layer.js:95:5)
    at next (C:\Users\SHREEKANT\Desktop\Node_Projects\fundoo-app\node_modules\express\lib\router\route.js:144:13)
    at newNoteValidator (C:\Users\SHREEKANT\Desktop\Node_Projects\fundoo-app\src\validators\/note.validator.js:23:5)
    at Layer.handle [as handle_request] (C:\Users\SHREEKANT\Desktop\Node_Projects\fundoo-app\node_modules\express\lib\router\layer.js:95:5)
    at next (C:\Users\SHREEKANT\Desktop\Node_Projects\fundoo-app\node_modules\express\lib\router\route.js:144:13)
    at Route.dispatch (C:\Users\SHREEKANT\Desktop\Node_Projects\fundoo-app\node_modules\express\lib\router\route.js:114:3)
    at Layer.handle [as handle_request] (C:\Users\SHREEKANT\Desktop\Node_Projects\fundoo-app\node_modules\express\lib\router\layer.js:95:5)
    at C:\Users\SHREEKANT\Desktop\Node_Projects\fundoo-app\node_modules\express\lib\router\index.js:284:15
    at Function.process_params (C:\Users\SHREEKANT\Desktop\Node_Projects\fundoo-app\node_modules\express\lib\router\index.js:346:12)
    at next (C:\Users\SHREEKANT\Desktop\Node_Projects\fundoo-app\node_modules\express\lib\router\index.js:280:10)
    at Function.handle (C:\Users\SHREEKANT\Desktop\Node_Projects\fundoo-app\node_modules\express\lib\router\index.js:175:3)
    at router (C:\Users\SHREEKANT\Desktop\Node_Projects\fundoo-app\node_modules\express\lib\router\index.js:47:12)
    at Layer.handle [as handle_request] (C:\Users\SHREEKANT\Desktop\Node_Projects\fundoo-app\node_modules\express\lib\router\layer.js:95:5)
    at trim_prefix (C:\Users\SHREEKANT\Desktop\Node_Projects\fundoo-app\node_modules\express\lib\router\index.js:328:13)
    at C:\Users\SHREEKANT\Desktop\Node_Projects\fundoo-app\node_modules\express\lib\router\index.js:286:9
    at Function.process_params (C:\Users\SHREEKANT\Desktop\Node_Projects\fundoo-app\node_modules\express\lib\router\index.js:346:12)
    at next (C:\Users\SHREEKANT\Desktop\Node_Projects\fundoo-app\node_modules\express\lib\router\index.js:280:10)
    at Function.handle (C:\Users\SHREEKANT\Desktop\Node_Projects\fundoo-app\node_modules\express\lib\router\index.js:175:3)
    at router (C:\Users\SHREEKANT\Desktop\Node_Projects\fundoo-app\node_modules\express\lib\router\index.js:47:12)
    at Layer.handle [as handle_request] (C:\Users\SHREEKANT\Desktop\Node_Projects\fundoo-app\node_modules\express\lib\router\layer.js:95:5)
    at trim_prefix (C:\Users\SHREEKANT\Desktop\Node_Projects\fundoo-app\node_modules\express\lib\router\index.js:328:13)
    at C:\Users\SHREEKANT\Desktop\Node_Projects\fundoo-app\node_modules\express\lib\router\index.js:286:9
    at Function.process_params (C:\Users\SHREEKANT\Desktop\Node_Projects\fundoo-app\node_modules\express\lib\router\index.js:346:12)
    at next (C:\Users\SHREEKANT\Desktop\Node_Projects\fundoo-app\node_modules\express\lib\router\index.js:280:10)
    at logger (C:\Users\SHREEKANT\Desktop\Node_Projects\fundoo-app\node_modules\morgan\index.js:144:5)
    at Layer.handle [as handle_request] (C:\Users\SHREEKANT\Desktop\Node_Projects\fundoo-app\node_modules\express\lib\router\layer.js:95:5)
    at trim_prefix (C:\Users\SHREEKANT\Desktop\Node_Projects\fundoo-app\node_modules\express\lib\router\index.js:328:13)
    at C:\Users\SHREEKANT\Desktop\Node_Projects\fundoo-app\node_modules\express\lib\router\index.js:286:9
    at Function.process_params (C:\Users\SHREEKANT\Desktop\Node_Projects\fundoo-app\node_modules\express\lib\router\index.js:346:12)
    at next (C:\Users\SHREEKANT\Desktop\Node_Projects\fundoo-app\node_modules\express\lib\router\index.js:280:10)
    at C:\Users\SHREEKANT\Desktop\Node_Projects\fundoo-app\node_modules\body-parser\lib\read.js:137:5
    at AsyncResource.runInAsyncScope (node:async_hooks:202:9)
    at invokeCallback (C:\Users\SHREEKANT\Desktop\Node_Projects\fundoo-app\node_modules\raw-body\index.js:231:16)
    at done (C:\Users\SHREEKANT\Desktop\Node_Projects\fundoo-app\node_modules\raw-body\index.js:220:7)
    at IncomingMessage.onEnd (C:\Users\SHREEKANT\Desktop\Node_Projects\fundoo-app\node_modules\raw-body\index.js:280:7)
    at IncomingMessage.emit (node:events:539:35)
    at IncomingMessage.emit (node:domain:475:12)
    at endReadableNT (node:internal/streams/readable:1345:12)
    at processTicksAndRejections (node:internal/process/task_queues:83:21) 
    url - /api/v1/notes 
    method - POST 
    IP - ::1
   {"timestamp":"2023-02-21T04:24:36.209Z"}
info: Server started at http://localhost:3000/api/v1/ {"timestamp":"2023-02-21T04:28:37.715Z"}
info: Connected to the database. {"timestamp":"2023-02-21T04:28:37.748Z"}
info: Server started at http://localhost:3000/api/v1/ {"timestamp":"2023-02-21T04:31:29.459Z"}
info: Connected to the database. {"timestamp":"2023-02-21T04:31:29.505Z"}
info: Server started at http://localhost:3000/api/v1/ {"timestamp":"2023-02-21T04:32:57.945Z"}
info: Connected to the database. {"timestamp":"2023-02-21T04:32:57.995Z"}
info: Server started at http://localhost:3000/api/v1/ {"timestamp":"2023-02-21T04:33:41.143Z"}
info: Connected to the database. {"timestamp":"2023-02-21T04:33:41.207Z"}
info: Server started at http://localhost:3000/api/v1/ {"timestamp":"2023-02-21T04:35:18.450Z"}
info: Connected to the database. {"timestamp":"2023-02-21T04:35:18.491Z"}
info: Server started at http://localhost:3000/api/v1/ {"timestamp":"2023-02-21T04:36:51.462Z"}
info: Connected to the database. {"timestamp":"2023-02-21T04:36:51.501Z"}
info: Server started at http://localhost:3000/api/v1/ {"timestamp":"2023-02-21T04:37:51.612Z"}
info: Connected to the database. {"timestamp":"2023-02-21T04:37:51.656Z"}
info: Server started at http://localhost:3000/api/v1/ {"timestamp":"2023-02-21T04:38:42.567Z"}
info: Connected to the database. {"timestamp":"2023-02-21T04:38:42.616Z"}
info: Server started at http://localhost:3000/api/v1/ {"timestamp":"2023-02-21T04:40:23.233Z"}
info: Connected to the database. {"timestamp":"2023-02-21T04:40:23.281Z"}
info: Server started at http://localhost:3000/api/v1/ {"timestamp":"2023-02-21T04:42:48.888Z"}
info: Connected to the database. {"timestamp":"2023-02-21T04:42:48.942Z"}
info: Server started at http://localhost:3000/api/v1/ {"timestamp":"2023-02-21T04:43:14.785Z"}
info: Connected to the database. {"timestamp":"2023-02-21T04:43:14.839Z"}
info: Server started at http://localhost:3000/api/v1/ {"timestamp":"2023-02-21T04:44:23.891Z"}
info: Connected to the database. {"timestamp":"2023-02-21T04:44:23.947Z"}
info: Server started at http://localhost:3000/api/v1/ {"timestamp":"2023-02-21T04:46:27.495Z"}
info: Connected to the database. {"timestamp":"2023-02-21T04:46:27.551Z"}
info: Server started at http://localhost:3000/api/v1/ {"timestamp":"2023-02-21T04:47:35.126Z"}
info: Connected to the database. {"timestamp":"2023-02-21T04:47:35.188Z"}
info: Server started at http://localhost:3000/api/v1/ {"timestamp":"2023-02-21T04:48:09.346Z"}
info: Connected to the database. {"timestamp":"2023-02-21T04:48:09.391Z"}
info: Server started at http://localhost:3000/api/v1/ {"timestamp":"2023-02-21T04:49:07.659Z"}
info: Connected to the database. {"timestamp":"2023-02-21T04:49:07.713Z"}
info: Server started at http://localhost:3000/api/v1/ {"timestamp":"2023-02-21T04:50:25.707Z"}
info: Connected to the database. {"timestamp":"2023-02-21T04:50:25.762Z"}
info: Server started at http://localhost:3000/api/v1/ {"timestamp":"2023-02-21T04:51:53.782Z"}
info: Connected to the database. {"timestamp":"2023-02-21T04:51:53.841Z"}
info: Server started at http://localhost:3000/api/v1/ {"timestamp":"2023-02-21T04:52:37.760Z"}
info: Connected to the database. {"timestamp":"2023-02-21T04:52:37.817Z"}
info: Server started at http://localhost:3000/api/v1/ {"timestamp":"2023-02-21T04:53:22.449Z"}
info: Connected to the database. {"timestamp":"2023-02-21T04:53:22.502Z"}
info: Server started at http://localhost:3000/api/v1/ {"timestamp":"2023-02-21T04:55:10.321Z"}
info: Connected to the database. {"timestamp":"2023-02-21T04:55:10.363Z"}
info: Server started at http://localhost:3000/api/v1/ {"timestamp":"2023-02-21T04:56:16.660Z"}
info: Connected to the database. {"timestamp":"2023-02-21T04:56:16.721Z"}
info: Server started at http://localhost:3000/api/v1/ {"timestamp":"2023-02-21T04:56:45.908Z"}
info: Connected to the database. {"timestamp":"2023-02-21T04:56:45.969Z"}
error: 
      status - 400
      message - Authorization token is required 
      url - /api/v1/notes 
      method - POST 
      IP - ::1
     {"timestamp":"2023-02-21T04:57:56.899Z"}
info: Server started at http://localhost:3000/api/v1/ {"timestamp":"2023-02-21T05:01:16.338Z"}
info: Connected to the database. {"timestamp":"2023-02-21T05:01:16.381Z"}
info: Server started at http://localhost:3000/api/v1/ {"timestamp":"2023-02-21T05:01:27.697Z"}
info: Connected to the database. {"timestamp":"2023-02-21T05:01:27.738Z"}
info: Server started at http://localhost:3000/api/v1/ {"timestamp":"2023-02-21T05:05:20.631Z"}
info: Connected to the database. {"timestamp":"2023-02-21T05:05:20.696Z"}
info: Server started at http://localhost:3000/api/v1/ {"timestamp":"2023-02-21T05:09:28.606Z"}
info: Connected to the database. {"timestamp":"2023-02-21T05:09:28.664Z"}
info: Server started at http://localhost:3000/api/v1/ {"timestamp":"2023-02-21T05:17:10.950Z"}
info: Connected to the database. {"timestamp":"2023-02-21T05:17:10.985Z"}
info: Server started at http://localhost:3000/api/v1/ {"timestamp":"2023-02-21T05:32:56.445Z"}
info: Connected to the database. {"timestamp":"2023-02-21T05:32:56.490Z"}
info: Server started at http://localhost:3000/api/v1/ {"timestamp":"2023-02-21T06:02:10.062Z"}
info: Connected to the database. {"timestamp":"2023-02-21T06:02:10.106Z"}
info: Server started at http://localhost:3000/api/v1/ {"timestamp":"2023-02-21T06:03:55.522Z"}
info: Connected to the database. {"timestamp":"2023-02-21T06:03:55.573Z"}
info: Server started at http://localhost:3000/api/v1/ {"timestamp":"2023-02-21T06:08:41.225Z"}
info: Connected to the database. {"timestamp":"2023-02-21T06:08:41.283Z"}
info: Server started at http://localhost:3000/api/v1/ {"timestamp":"2023-02-21T06:10:59.238Z"}
info: Connected to the database. {"timestamp":"2023-02-21T06:10:59.279Z"}
info: Server started at http://localhost:3000/api/v1/ {"timestamp":"2023-02-21T06:14:56.355Z"}
info: Connected to the database. {"timestamp":"2023-02-21T06:14:56.418Z"}
info: Server started at http://localhost:3000/api/v1/ {"timestamp":"2023-02-21T06:15:40.985Z"}
info: Connected to the database. {"timestamp":"2023-02-21T06:15:41.066Z"}
info: Server started at http://localhost:3000/api/v1/ {"timestamp":"2023-02-21T06:16:42.214Z"}
info: Connected to the database. {"timestamp":"2023-02-21T06:16:42.271Z"}
info: Server started at http://localhost:3000/api/v1/ {"timestamp":"2023-02-21T06:16:50.035Z"}
info: Connected to the database. {"timestamp":"2023-02-21T06:16:50.093Z"}
info: Server started at http://localhost:3000/api/v1/ {"timestamp":"2023-02-21T06:17:30.221Z"}
info: Connected to the database. {"timestamp":"2023-02-21T06:17:30.266Z"}
info: Server started at http://localhost:3000/api/v1/ {"timestamp":"2023-02-21T06:18:01.654Z"}
info: Connected to the database. {"timestamp":"2023-02-21T06:18:01.720Z"}
info: Server started at http://localhost:3000/api/v1/ {"timestamp":"2023-02-21T06:19:27.884Z"}
info: Connected to the database. {"timestamp":"2023-02-21T06:19:27.934Z"}
info: Server started at http://localhost:3000/api/v1/ {"timestamp":"2023-02-21T06:21:20.036Z"}
info: Connected to the database. {"timestamp":"2023-02-21T06:21:20.097Z"}
info: Server started at http://localhost:3000/api/v1/ {"timestamp":"2023-02-21T06:21:50.807Z"}
info: Connected to the database. {"timestamp":"2023-02-21T06:21:50.859Z"}
info: Server started at http://localhost:3000/api/v1/ {"timestamp":"2023-02-21T06:25:36.484Z"}
info: Connected to the database. {"timestamp":"2023-02-21T06:25:36.526Z"}
info: Server started at http://localhost:3000/api/v1/ {"timestamp":"2023-02-21T06:28:17.533Z"}
info: Connected to the database. {"timestamp":"2023-02-21T06:28:17.577Z"}
info: Server started at http://localhost:3000/api/v1/ {"timestamp":"2023-02-21T06:33:44.271Z"}
info: Connected to the database. {"timestamp":"2023-02-21T06:33:44.316Z"}
info: Server started at http://localhost:3000/api/v1/ {"timestamp":"2023-02-21T06:42:22.582Z"}
info: Connected to the database. {"timestamp":"2023-02-21T06:42:22.669Z"}
info: Server started at http://localhost:3000/api/v1/ {"timestamp":"2023-02-21T06:43:28.614Z"}
info: Connected to the database. {"timestamp":"2023-02-21T06:43:28.680Z"}
info: Server started at http://localhost:3000/api/v1/ {"timestamp":"2023-02-21T06:47:16.910Z"}
info: Connected to the database. {"timestamp":"2023-02-21T06:47:16.996Z"}
info: Server started at http://localhost:3000/api/v1/ {"timestamp":"2023-02-21T06:52:34.853Z"}
info: Connected to the database. {"timestamp":"2023-02-21T06:52:34.905Z"}
info: Server started at http://localhost:3000/api/v1/ {"timestamp":"2023-02-21T06:58:18.033Z"}
info: Connected to the database. {"timestamp":"2023-02-21T06:58:18.074Z"}
info: Server started at http://localhost:3000/api/v1/ {"timestamp":"2023-02-21T07:00:07.344Z"}
info: Connected to the database. {"timestamp":"2023-02-21T07:00:07.397Z"}
info: Server started at http://localhost:3000/api/v1/ {"timestamp":"2023-02-21T07:02:06.405Z"}
info: Connected to the database. {"timestamp":"2023-02-21T07:02:06.459Z"}
info: Server started at http://localhost:3000/api/v1/ {"timestamp":"2023-02-21T07:02:53.745Z"}
info: Connected to the database. {"timestamp":"2023-02-21T07:02:53.788Z"}
info: Server started at http://localhost:3000/api/v1/ {"timestamp":"2023-02-21T07:03:21.789Z"}
info: Connected to the database. {"timestamp":"2023-02-21T07:03:21.854Z"}
info: Server started at http://localhost:3000/api/v1/ {"timestamp":"2023-02-21T09:11:23.797Z"}
info: Connected to the database. {"timestamp":"2023-02-21T09:11:23.827Z"}
info: Server started at http://localhost:3000/api/v1/ {"timestamp":"2023-02-21T09:14:19.509Z"}
info: Connected to the database. {"timestamp":"2023-02-21T09:14:19.541Z"}
info: Server started at http://localhost:3000/api/v1/ {"timestamp":"2023-02-21T09:24:24.265Z"}
info: Connected to the database. {"timestamp":"2023-02-21T09:24:24.312Z"}
info: Server started at http://localhost:3000/api/v1/ {"timestamp":"2023-02-21T09:26:14.009Z"}
info: Connected to the database. {"timestamp":"2023-02-21T09:26:14.043Z"}
info: Server started at http://localhost:3000/api/v1/ {"timestamp":"2023-02-21T09:42:42.634Z"}
info: Connected to the database. {"timestamp":"2023-02-21T09:42:42.669Z"}
info: Server started at http://localhost:3000/api/v1/ {"timestamp":"2023-02-21T09:43:37.727Z"}
info: Connected to the database. {"timestamp":"2023-02-21T09:43:37.780Z"}
info: Server started at http://localhost:3000/api/v1/ {"timestamp":"2023-02-21T09:46:57.136Z"}
info: Connected to the database. {"timestamp":"2023-02-21T09:46:57.171Z"}
info: Server started at http://localhost:3000/api/v1/ {"timestamp":"2023-02-21T09:47:57.025Z"}
info: Connected to the database. {"timestamp":"2023-02-21T09:47:57.059Z"}
info: Server started at http://localhost:3000/api/v1/ {"timestamp":"2023-02-21T09:49:11.611Z"}
info: Connected to the database. {"timestamp":"2023-02-21T09:49:11.656Z"}
info: Server started at http://localhost:3000/api/v1/ {"timestamp":"2023-02-21T09:50:35.137Z"}
info: Connected to the database. {"timestamp":"2023-02-21T09:50:35.174Z"}
info: Server started at http://localhost:3000/api/v1/ {"timestamp":"2023-02-21T09:51:11.470Z"}
info: Connected to the database. {"timestamp":"2023-02-21T09:51:11.506Z"}
info: Server started at http://localhost:3000/api/v1/ {"timestamp":"2023-02-21T09:51:40.819Z"}
info: Connected to the database. {"timestamp":"2023-02-21T09:51:40.854Z"}
info: Server started at http://localhost:3000/api/v1/ {"timestamp":"2023-02-21T09:52:45.554Z"}
info: Connected to the database. {"timestamp":"2023-02-21T09:52:45.589Z"}
info: Server started at http://localhost:3000/api/v1/ {"timestamp":"2023-02-21T09:53:55.471Z"}
info: Connected to the database. {"timestamp":"2023-02-21T09:53:55.507Z"}
info: Server started at http://localhost:3000/api/v1/ {"timestamp":"2023-02-21T09:56:14.992Z"}
info: Connected to the database. {"timestamp":"2023-02-21T09:56:15.034Z"}
info: Server started at http://localhost:3000/api/v1/ {"timestamp":"2023-02-21T09:58:53.832Z"}
info: Connected to the database. {"timestamp":"2023-02-21T09:58:53.873Z"}
info: Server started at http://localhost:3000/api/v1/ {"timestamp":"2023-02-21T11:42:47.943Z"}
info: Connected to the database. {"timestamp":"2023-02-21T11:42:47.982Z"}
error: 
      status - 400
      message - Authorization token is required 
      url - /api/v1/notes 
      method - GET 
      IP - ::1
     {"timestamp":"2023-02-21T11:43:20.842Z"}
info: Server started at http://localhost:3000/api/v1/ {"timestamp":"2023-02-21T11:44:33.003Z"}
info: Connected to the database. {"timestamp":"2023-02-21T11:44:33.097Z"}
info: Server started at http://localhost:3000/api/v1/ {"timestamp":"2023-02-21T11:46:42.250Z"}
info: Connected to the database. {"timestamp":"2023-02-21T11:46:42.286Z"}
info: Server started at http://localhost:3000/api/v1/ {"timestamp":"2023-02-21T11:49:38.786Z"}
info: Connected to the database. {"timestamp":"2023-02-21T11:49:38.817Z"}
info: Server started at http://localhost:3000/api/v1/ {"timestamp":"2023-02-21T11:49:58.056Z"}
info: Connected to the database. {"timestamp":"2023-02-21T11:49:58.104Z"}
info: Server started at http://localhost:3000/api/v1/ {"timestamp":"2023-02-21T14:12:05.911Z"}
info: Connected to the database. {"timestamp":"2023-02-21T14:12:05.946Z"}
info: Server started at http://localhost:3000/api/v1/ {"timestamp":"2023-02-21T14:15:43.034Z"}
info: Connected to the database. {"timestamp":"2023-02-21T14:15:43.076Z"}
info: Server started at http://localhost:3000/api/v1/ {"timestamp":"2023-02-21T14:16:42.670Z"}
info: Connected to the database. {"timestamp":"2023-02-21T14:16:42.704Z"}
info: Server started at http://localhost:3000/api/v1/ {"timestamp":"2023-02-21T14:18:27.908Z"}
info: Connected to the database. {"timestamp":"2023-02-21T14:18:27.940Z"}
info: Server started at http://localhost:3000/api/v1/ {"timestamp":"2023-02-21T14:20:11.907Z"}
info: Connected to the database. {"timestamp":"2023-02-21T14:20:11.968Z"}
info: Server started at http://localhost:3000/api/v1/ {"timestamp":"2023-02-21T14:21:11.577Z"}
info: Connected to the database. {"timestamp":"2023-02-21T14:21:11.610Z"}
info: Server started at http://localhost:3000/api/v1/ {"timestamp":"2023-02-21T14:21:50.751Z"}
info: Connected to the database. {"timestamp":"2023-02-21T14:21:50.785Z"}
info: Server started at http://localhost:3000/api/v1/ {"timestamp":"2023-02-21T14:22:33.700Z"}
info: Connected to the database. {"timestamp":"2023-02-21T14:22:33.748Z"}
info: Server started at http://localhost:3000/api/v1/ {"timestamp":"2023-02-21T14:23:16.624Z"}
info: Connected to the database. {"timestamp":"2023-02-21T14:23:16.668Z"}
info: Server started at http://localhost:3000/api/v1/ {"timestamp":"2023-02-21T14:23:59.160Z"}
info: Connected to the database. {"timestamp":"2023-02-21T14:23:59.193Z"}
info: Server started at http://localhost:3000/api/v1/ {"timestamp":"2023-02-21T14:26:52.174Z"}
info: Connected to the database. {"timestamp":"2023-02-21T14:26:52.212Z"}
info: Server started at http://localhost:3000/api/v1/ {"timestamp":"2023-02-21T14:27:56.089Z"}
info: Connected to the database. {"timestamp":"2023-02-21T14:27:56.121Z"}
info: Server started at http://localhost:3000/api/v1/ {"timestamp":"2023-02-21T14:30:07.462Z"}
info: Connected to the database. {"timestamp":"2023-02-21T14:30:07.500Z"}
info: Server started at http://localhost:3000/api/v1/ {"timestamp":"2023-02-21T14:31:08.733Z"}
info: Connected to the database. {"timestamp":"2023-02-21T14:31:08.765Z"}
info: Server started at http://localhost:3000/api/v1/ {"timestamp":"2023-02-21T14:32:24.330Z"}
info: Connected to the database. {"timestamp":"2023-02-21T14:32:24.362Z"}
info: Server started at http://localhost:3000/api/v1/ {"timestamp":"2023-02-21T14:32:31.395Z"}
info: Connected to the database. {"timestamp":"2023-02-21T14:32:31.433Z"}
info: Server started at http://localhost:3000/api/v1/ {"timestamp":"2023-02-21T14:33:16.363Z"}
info: Connected to the database. {"timestamp":"2023-02-21T14:33:16.451Z"}
info: Server started at http://localhost:3000/api/v1/ {"timestamp":"2023-02-21T14:34:38.691Z"}
info: Connected to the database. {"timestamp":"2023-02-21T14:34:38.742Z"}
info: Server started at http://localhost:3000/api/v1/ {"timestamp":"2023-02-21T14:35:53.833Z"}
info: Connected to the database. {"timestamp":"2023-02-21T14:35:53.865Z"}
info: Server started at http://localhost:3000/api/v1/ {"timestamp":"2023-02-21T14:37:10.320Z"}
info: Connected to the database. {"timestamp":"2023-02-21T14:37:10.367Z"}
info: Server started at http://localhost:3000/api/v1/ {"timestamp":"2023-02-21T14:38:08.113Z"}
info: Connected to the database. {"timestamp":"2023-02-21T14:38:08.146Z"}
info: Server started at http://localhost:3000/api/v1/ {"timestamp":"2023-02-21T14:39:47.059Z"}
info: Connected to the database. {"timestamp":"2023-02-21T14:39:47.091Z"}
info: Server started at http://localhost:3000/api/v1/ {"timestamp":"2023-02-21T14:40:43.483Z"}
info: Connected to the database. {"timestamp":"2023-02-21T14:40:43.528Z"}
info: Server started at http://localhost:3000/api/v1/ {"timestamp":"2023-02-21T14:40:49.314Z"}
info: Connected to the database. {"timestamp":"2023-02-21T14:40:49.351Z"}
info: Server started at http://localhost:3000/api/v1/ {"timestamp":"2023-02-21T14:40:55.346Z"}
info: Connected to the database. {"timestamp":"2023-02-21T14:40:55.378Z"}
info: Server started at http://localhost:3000/api/v1/ {"timestamp":"2023-02-21T14:41:29.057Z"}
info: Connected to the database. {"timestamp":"2023-02-21T14:41:29.100Z"}
info: Server started at http://localhost:3000/api/v1/ {"timestamp":"2023-02-21T14:43:27.791Z"}
info: Connected to the database. {"timestamp":"2023-02-21T14:43:27.832Z"}
info: Server started at http://localhost:3000/api/v1/ {"timestamp":"2023-02-21T14:49:18.394Z"}
info: Connected to the database. {"timestamp":"2023-02-21T14:49:18.467Z"}
info: Server started at http://localhost:3000/api/v1/ {"timestamp":"2023-02-21T14:49:42.432Z"}
info: Connected to the database. {"timestamp":"2023-02-21T14:49:42.500Z"}
error: 
      status - 400
      message - Authorization token is required 
      url - /api/v1/notes/trash 
      method - GET 
      IP - ::1
     {"timestamp":"2023-02-21T14:49:46.937Z"}
info: Server started at http://localhost:3000/api/v1/ {"timestamp":"2023-02-21T14:50:06.362Z"}
info: Connected to the database. {"timestamp":"2023-02-21T14:50:06.398Z"}
error: 
      status - 400
      message - Authorization token is required 
      url - /api/v1/notes/trash 
      method - GET 
      IP - ::1
     {"timestamp":"2023-02-21T14:51:41.175Z"}
info: Server started at http://localhost:3000/api/v1/ {"timestamp":"2023-02-21T14:53:22.127Z"}
info: Connected to the database. {"timestamp":"2023-02-21T14:53:22.176Z"}
error: 
      status - 400
      message - Authorization token is required 
      url - /api/v1/notes/trashed 
      method - GET 
      IP - ::1
     {"timestamp":"2023-02-21T14:53:24.234Z"}
info: Server started at http://localhost:3000/api/v1/ {"timestamp":"2023-02-21T14:56:21.213Z"}
info: Connected to the database. {"timestamp":"2023-02-21T14:56:21.250Z"}
error: 
      status - 400
      message - Authorization token is required 
      url - /api/v1/notes/trashed 
      method - GET 
      IP - ::1
     {"timestamp":"2023-02-21T14:56:24.499Z"}
info: Server started at http://localhost:3000/api/v1/ {"timestamp":"2023-02-21T14:57:43.584Z"}
info: Connected to the database. {"timestamp":"2023-02-21T14:57:43.619Z"}
error: 
      status - 400
      message - Authorization token is required 
      url - /api/v1/notes/trashed 
      method - GET 
      IP - ::1
     {"timestamp":"2023-02-21T14:57:48.007Z"}
info: Server started at http://localhost:3000/api/v1/ {"timestamp":"2023-02-21T14:58:38.821Z"}
info: Connected to the database. {"timestamp":"2023-02-21T14:58:38.858Z"}
error: 
      status - 400
      message - Authorization token is required 
      url - /api/v1/notes/trashed 
      method - GET 
      IP - ::1
     {"timestamp":"2023-02-21T14:58:43.483Z"}
info: Server started at http://localhost:3000/api/v1/ {"timestamp":"2023-02-21T14:59:54.581Z"}
info: Connected to the database. {"timestamp":"2023-02-21T14:59:54.643Z"}
info: Server started at http://localhost:3000/api/v1/ {"timestamp":"2023-02-21T15:00:16.944Z"}
info: Connected to the database. {"timestamp":"2023-02-21T15:00:16.991Z"}
info: Server started at http://localhost:3000/api/v1/ {"timestamp":"2023-02-21T15:16:35.753Z"}
info: Connected to the database. {"timestamp":"2023-02-21T15:16:35.906Z"}
info: Server started at http://localhost:3000/api/v1/ {"timestamp":"2023-02-21T15:36:28.484Z"}
info: Connected to the database. {"timestamp":"2023-02-21T15:36:28.518Z"}
info: Server started at http://localhost:3000/api/v1/ {"timestamp":"2023-02-21T15:37:22.298Z"}
info: Connected to the database. {"timestamp":"2023-02-21T15:37:22.329Z"}
info: Server started at http://localhost:3000/api/v1/ {"timestamp":"2023-02-21T15:37:31.874Z"}
info: Connected to the database. {"timestamp":"2023-02-21T15:37:31.906Z"}
info: Server started at http://localhost:3000/api/v1/ {"timestamp":"2023-02-21T15:37:55.151Z"}
info: Connected to the database. {"timestamp":"2023-02-21T15:37:55.189Z"}
info: Server started at http://localhost:3000/api/v1/ {"timestamp":"2023-02-21T15:39:13.075Z"}
info: Connected to the database. {"timestamp":"2023-02-21T15:39:13.107Z"}
info: Server started at http://localhost:3000/api/v1/ {"timestamp":"2023-02-21T15:40:56.223Z"}
info: Connected to the database. {"timestamp":"2023-02-21T15:40:56.257Z"}
info: Server started at http://localhost:3000/api/v1/ {"timestamp":"2023-02-21T15:43:36.341Z"}
info: Connected to the database. {"timestamp":"2023-02-21T15:43:36.375Z"}
info: Server started at http://localhost:3000/api/v1/ {"timestamp":"2023-02-21T15:51:14.320Z"}
info: Connected to the database. {"timestamp":"2023-02-21T15:51:14.352Z"}
info: Server started at http://localhost:3000/api/v1/ {"timestamp":"2023-02-21T17:36:55.203Z"}
info: Connected to the database. {"timestamp":"2023-02-21T17:36:55.485Z"}
info: Server started at http://localhost:3000/api/v1/ {"timestamp":"2023-02-21T17:38:54.772Z"}
info: Connected to the database. {"timestamp":"2023-02-21T17:38:54.835Z"}
info: Server started at http://localhost:3000/api/v1/ {"timestamp":"2023-02-21T17:40:02.805Z"}
info: Connected to the database. {"timestamp":"2023-02-21T17:40:02.853Z"}
info: Server started at http://localhost:3000/api/v1/ {"timestamp":"2023-02-21T17:40:38.435Z"}
info: Connected to the database. {"timestamp":"2023-02-21T17:40:38.483Z"}
info: Server started at http://localhost:3000/api/v1/ {"timestamp":"2023-02-21T17:41:45.777Z"}
info: Connected to the database. {"timestamp":"2023-02-21T17:41:45.843Z"}
info: Server started at http://localhost:3000/api/v1/ {"timestamp":"2023-02-21T17:43:18.833Z"}
info: Connected to the database. {"timestamp":"2023-02-21T17:43:18.928Z"}
info: Server started at http://localhost:3000/api/v1/ {"timestamp":"2023-02-21T17:45:11.781Z"}
info: Connected to the database. {"timestamp":"2023-02-21T17:45:11.850Z"}
info: Server started at http://localhost:3000/api/v1/ {"timestamp":"2023-02-21T17:45:53.108Z"}
info: Connected to the database. {"timestamp":"2023-02-21T17:45:53.194Z"}
info: Server started at http://localhost:3000/api/v1/ {"timestamp":"2023-02-21T17:46:48.806Z"}
info: Connected to the database. {"timestamp":"2023-02-21T17:46:48.840Z"}
info: Server started at http://localhost:3000/api/v1/ {"timestamp":"2023-02-21T17:47:47.479Z"}
info: Connected to the database. {"timestamp":"2023-02-21T17:47:47.533Z"}
