info: Server started at http://localhost:3000/api/v1/ {"timestamp":"2023-02-23T03:27:53.469Z"}
info: Connected to the database. {"timestamp":"2023-02-23T03:27:53.537Z"}
info: Server started at http://localhost:3000/api/v1/ {"timestamp":"2023-02-23T03:31:38.205Z"}
info: Connected to the database. {"timestamp":"2023-02-23T03:31:38.263Z"}
error: 
      status - 400
      message - Authorization token is required 
      url - /api/v1/notes 
      method - POST 
      IP - ::ffff:127.0.0.1
     {"timestamp":"2023-02-23T03:31:38.799Z"}
info: Server started at http://localhost:3000/api/v1/ {"timestamp":"2023-02-23T03:33:48.989Z"}
info: Connected to the database. {"timestamp":"2023-02-23T03:33:49.040Z"}
error: 
      status - 400
      message - Authorization token is required 
      url - /api/v1/notes 
      method - POST 
      IP - ::ffff:127.0.0.1
     {"timestamp":"2023-02-23T03:33:49.444Z"}
info: Server started at http://localhost:3000/api/v1/ {"timestamp":"2023-02-23T03:36:06.172Z"}
info: Connected to the database. {"timestamp":"2023-02-23T03:36:06.218Z"}
error: 
      status - 400
      message - Authorization token is required 
      url - /api/v1/notes 
      method - POST 
      IP - ::ffff:127.0.0.1
     {"timestamp":"2023-02-23T03:36:06.640Z"}
info: Server started at http://localhost:3000/api/v1/ {"timestamp":"2023-02-23T03:37:38.198Z"}
info: Connected to the database. {"timestamp":"2023-02-23T03:37:38.254Z"}
error: 
      status - 400
      message - Authorization token is required 
      url - /api/v1/notes 
      method - POST 
      IP - ::ffff:127.0.0.1
     {"timestamp":"2023-02-23T03:37:38.698Z"}
info: Server started at http://localhost:3000/api/v1/ {"timestamp":"2023-02-23T03:38:43.274Z"}
info: Connected to the database. {"timestamp":"2023-02-23T03:38:43.327Z"}
error: 
      status - 400
      message - Authorization token is required 
      url - /api/v1/notes 
      method - POST 
      IP - ::ffff:127.0.0.1
     {"timestamp":"2023-02-23T03:38:43.747Z"}
info: Server started at http://localhost:3000/api/v1/ {"timestamp":"2023-02-23T03:40:46.912Z"}
info: Connected to the database. {"timestamp":"2023-02-23T03:40:46.974Z"}
info: Server started at http://localhost:3000/api/v1/ {"timestamp":"2023-02-23T03:41:29.058Z"}
info: Connected to the database. {"timestamp":"2023-02-23T03:41:29.117Z"}
info: Server started at http://localhost:3000/api/v1/ {"timestamp":"2023-02-23T03:42:28.696Z"}
info: Connected to the database. {"timestamp":"2023-02-23T03:42:28.752Z"}
info: Server started at http://localhost:3000/api/v1/ {"timestamp":"2023-02-23T03:43:18.483Z"}
info: Connected to the database. {"timestamp":"2023-02-23T03:43:18.534Z"}
error: 
      status - 400
      message - Authorization token is required 
      url - /api/v1/notes 
      method - POST 
      IP - ::ffff:127.0.0.1
     {"timestamp":"2023-02-23T03:43:18.926Z"}
info: Server started at http://localhost:3000/api/v1/ {"timestamp":"2023-02-23T04:19:17.252Z"}
info: Connected to the database. {"timestamp":"2023-02-23T04:19:17.352Z"}
info: Server started at http://localhost:3000/api/v1/ {"timestamp":"2023-02-23T04:20:10.016Z"}
info: Connected to the database. {"timestamp":"2023-02-23T04:20:10.065Z"}
info: Server started at http://localhost:3000/api/v1/ {"timestamp":"2023-02-23T04:20:40.121Z"}
info: Connected to the database. {"timestamp":"2023-02-23T04:20:40.165Z"}
error: 
    status - 500 
    message - JsonWebTokenError: jwt must be provided
    at Object.verify (C:\Users\SHREEKANT\Desktop\Node_Projects\fundoo-app\node_modules\jsonwebtoken\verify.js:53:17)
    at userVerification (C:\Users\SHREEKANT\Desktop\Node_Projects\fundoo-app\src\middlewares\/auth.middleware.js:34:20)
    at _callee$ (C:\Users\SHREEKANT\Desktop\Node_Projects\fundoo-app\src\middlewares\/auth.middleware.js:22:18)
    at tryCatch (C:\Users\SHREEKANT\Desktop\Node_Projects\fundoo-app\node_modules\@babel\runtime\helpers\regeneratorRuntime.js:44:17)
    at Generator.<anonymous> (C:\Users\SHREEKANT\Desktop\Node_Projects\fundoo-app\node_modules\@babel\runtime\helpers\regeneratorRuntime.js:125:22)
    at Generator.next (C:\Users\SHREEKANT\Desktop\Node_Projects\fundoo-app\node_modules\@babel\runtime\helpers\regeneratorRuntime.js:69:21)
    at asyncGeneratorStep (C:\Users\SHREEKANT\Desktop\Node_Projects\fundoo-app\node_modules\@babel\runtime\helpers\asyncToGenerator.js:3:24)
    at _next (C:\Users\SHREEKANT\Desktop\Node_Projects\fundoo-app\node_modules\@babel\runtime\helpers\asyncToGenerator.js:22:9)
    at C:\Users\SHREEKANT\Desktop\Node_Projects\fundoo-app\node_modules\@babel\runtime\helpers\asyncToGenerator.js:27:7
    at new Promise (<anonymous>)
    at C:\Users\SHREEKANT\Desktop\Node_Projects\fundoo-app\node_modules\@babel\runtime\helpers\asyncToGenerator.js:19:12
    at userAuth (C:\Users\SHREEKANT\Desktop\Node_Projects\fundoo-app\src\middlewares\/auth.middleware.js:12:22)
    at Layer.handle [as handle_request] (C:\Users\SHREEKANT\Desktop\Node_Projects\fundoo-app\node_modules\express\lib\router\layer.js:95:5)
    at next (C:\Users\SHREEKANT\Desktop\Node_Projects\fundoo-app\node_modules\express\lib\router\route.js:144:13)
    at newNoteValidator (C:\Users\SHREEKANT\Desktop\Node_Projects\fundoo-app\src\validators\/note.validator.js:23:5)
    at Layer.handle [as handle_request] (C:\Users\SHREEKANT\Desktop\Node_Projects\fundoo-app\node_modules\express\lib\router\layer.js:95:5)
    at next (C:\Users\SHREEKANT\Desktop\Node_Projects\fundoo-app\node_modules\express\lib\router\route.js:144:13)
    at Route.dispatch (C:\Users\SHREEKANT\Desktop\Node_Projects\fundoo-app\node_modules\express\lib\router\route.js:114:3)
    at Layer.handle [as handle_request] (C:\Users\SHREEKANT\Desktop\Node_Projects\fundoo-app\node_modules\express\lib\router\layer.js:95:5)
    at C:\Users\SHREEKANT\Desktop\Node_Projects\fundoo-app\node_modules\express\lib\router\index.js:284:15
    at Function.process_params (C:\Users\SHREEKANT\Desktop\Node_Projects\fundoo-app\node_modules\express\lib\router\index.js:346:12)
    at next (C:\Users\SHREEKANT\Desktop\Node_Projects\fundoo-app\node_modules\express\lib\router\index.js:280:10)
    at Function.handle (C:\Users\SHREEKANT\Desktop\Node_Projects\fundoo-app\node_modules\express\lib\router\index.js:175:3)
    at router (C:\Users\SHREEKANT\Desktop\Node_Projects\fundoo-app\node_modules\express\lib\router\index.js:47:12)
    at Layer.handle [as handle_request] (C:\Users\SHREEKANT\Desktop\Node_Projects\fundoo-app\node_modules\express\lib\router\layer.js:95:5)
    at trim_prefix (C:\Users\SHREEKANT\Desktop\Node_Projects\fundoo-app\node_modules\express\lib\router\index.js:328:13)
    at C:\Users\SHREEKANT\Desktop\Node_Projects\fundoo-app\node_modules\express\lib\router\index.js:286:9
    at Function.process_params (C:\Users\SHREEKANT\Desktop\Node_Projects\fundoo-app\node_modules\express\lib\router\index.js:346:12)
    at next (C:\Users\SHREEKANT\Desktop\Node_Projects\fundoo-app\node_modules\express\lib\router\index.js:280:10)
    at Function.handle (C:\Users\SHREEKANT\Desktop\Node_Projects\fundoo-app\node_modules\express\lib\router\index.js:175:3)
    at router (C:\Users\SHREEKANT\Desktop\Node_Projects\fundoo-app\node_modules\express\lib\router\index.js:47:12)
    at Layer.handle [as handle_request] (C:\Users\SHREEKANT\Desktop\Node_Projects\fundoo-app\node_modules\express\lib\router\layer.js:95:5)
    at trim_prefix (C:\Users\SHREEKANT\Desktop\Node_Projects\fundoo-app\node_modules\express\lib\router\index.js:328:13)
    at C:\Users\SHREEKANT\Desktop\Node_Projects\fundoo-app\node_modules\express\lib\router\index.js:286:9
    at Function.process_params (C:\Users\SHREEKANT\Desktop\Node_Projects\fundoo-app\node_modules\express\lib\router\index.js:346:12)
    at next (C:\Users\SHREEKANT\Desktop\Node_Projects\fundoo-app\node_modules\express\lib\router\index.js:280:10)
    at logger (C:\Users\SHREEKANT\Desktop\Node_Projects\fundoo-app\node_modules\morgan\index.js:144:5)
    at Layer.handle [as handle_request] (C:\Users\SHREEKANT\Desktop\Node_Projects\fundoo-app\node_modules\express\lib\router\layer.js:95:5)
    at trim_prefix (C:\Users\SHREEKANT\Desktop\Node_Projects\fundoo-app\node_modules\express\lib\router\index.js:328:13)
    at C:\Users\SHREEKANT\Desktop\Node_Projects\fundoo-app\node_modules\express\lib\router\index.js:286:9
    at Function.process_params (C:\Users\SHREEKANT\Desktop\Node_Projects\fundoo-app\node_modules\express\lib\router\index.js:346:12)
    at next (C:\Users\SHREEKANT\Desktop\Node_Projects\fundoo-app\node_modules\express\lib\router\index.js:280:10)
    at C:\Users\SHREEKANT\Desktop\Node_Projects\fundoo-app\node_modules\body-parser\lib\read.js:137:5
    at AsyncResource.runInAsyncScope (node:async_hooks:202:9)
    at invokeCallback (C:\Users\SHREEKANT\Desktop\Node_Projects\fundoo-app\node_modules\raw-body\index.js:231:16)
    at done (C:\Users\SHREEKANT\Desktop\Node_Projects\fundoo-app\node_modules\raw-body\index.js:220:7)
    at IncomingMessage.onEnd (C:\Users\SHREEKANT\Desktop\Node_Projects\fundoo-app\node_modules\raw-body\index.js:280:7)
    at IncomingMessage.emit (node:events:539:35)
    at endReadableNT (node:internal/streams/readable:1345:12)
    at processTicksAndRejections (node:internal/process/task_queues:83:21) 
    url - /api/v1/notes 
    method - POST 
    IP - ::ffff:127.0.0.1
   {"timestamp":"2023-02-23T04:20:40.572Z"}
info: Server started at http://localhost:3000/api/v1/ {"timestamp":"2023-02-23T04:21:11.369Z"}
info: Connected to the database. {"timestamp":"2023-02-23T04:21:11.422Z"}
info: Server started at http://localhost:3000/api/v1/ {"timestamp":"2023-02-23T04:24:46.319Z"}
info: Connected to the database. {"timestamp":"2023-02-23T04:24:46.373Z"}
error: 
      status - 400
      message - Authorization token is required 
      url - /api/v1/notes 
      method - POST 
      IP - ::ffff:127.0.0.1
     {"timestamp":"2023-02-23T04:24:46.812Z"}
info: Server started at http://localhost:3000/api/v1/ {"timestamp":"2023-02-23T04:25:18.084Z"}
info: Connected to the database. {"timestamp":"2023-02-23T04:25:18.195Z"}
error: 
      status - 400
      message - Authorization token is required 
      url - /api/v1/notes 
      method - POST 
      IP - ::ffff:127.0.0.1
     {"timestamp":"2023-02-23T04:25:18.549Z"}
info: Server started at http://localhost:3000/api/v1/ {"timestamp":"2023-02-23T04:29:16.621Z"}
info: Connected to the database. {"timestamp":"2023-02-23T04:29:16.736Z"}
error: 
      status - 400
      message - Authorization token is required 
      url - /api/v1/notes 
      method - POST 
      IP - ::ffff:127.0.0.1
     {"timestamp":"2023-02-23T04:29:17.099Z"}
error: 
      status - 400
      message - Authorization token is required 
      url - /api/v1/notes 
      method - GET 
      IP - ::ffff:127.0.0.1
     {"timestamp":"2023-02-23T04:29:17.115Z"}
info: Server started at http://localhost:3000/api/v1/ {"timestamp":"2023-02-23T04:30:30.323Z"}
info: Connected to the database. {"timestamp":"2023-02-23T04:30:30.371Z"}
error: 
      status - 400
      message - Authorization token is required 
      url - /api/v1/notes 
      method - POST 
      IP - ::ffff:127.0.0.1
     {"timestamp":"2023-02-23T04:30:30.796Z"}
info: Server started at http://localhost:3000/api/v1/ {"timestamp":"2023-02-23T04:31:00.969Z"}
info: Connected to the database. {"timestamp":"2023-02-23T04:31:01.021Z"}
error: 
      status - 400
      message - Authorization token is required 
      url - /api/v1/notes 
      method - POST 
      IP - ::ffff:127.0.0.1
     {"timestamp":"2023-02-23T04:31:01.441Z"}
info: Server started at http://localhost:3000/api/v1/ {"timestamp":"2023-02-23T04:31:36.807Z"}
info: Connected to the database. {"timestamp":"2023-02-23T04:31:36.856Z"}
error: 
      status - 400
      message - Authorization token is required 
      url - /api/v1/notes 
      method - POST 
      IP - ::ffff:127.0.0.1
     {"timestamp":"2023-02-23T04:31:37.297Z"}
info: Server started at http://localhost:3000/api/v1/ {"timestamp":"2023-02-23T04:32:22.926Z"}
info: Connected to the database. {"timestamp":"2023-02-23T04:32:22.975Z"}
error: 
      status - 400
      message - Authorization token is required 
      url - /api/v1/notes 
      method - POST 
      IP - ::ffff:127.0.0.1
     {"timestamp":"2023-02-23T04:32:23.395Z"}
info: Server started at http://localhost:3000/api/v1/ {"timestamp":"2023-02-23T04:35:27.944Z"}
info: Connected to the database. {"timestamp":"2023-02-23T04:35:28.012Z"}
error: 
      status - 400
      message - Authorization token is required 
      url - /api/v1/notes 
      method - POST 
      IP - ::ffff:127.0.0.1
     {"timestamp":"2023-02-23T04:35:28.452Z"}
error: 
      status - 400
      message - Authorization token is required 
      url - /api/v1/notes 
      method - GET 
      IP - ::ffff:127.0.0.1
     {"timestamp":"2023-02-23T04:35:28.487Z"}
info: Server started at http://localhost:3000/api/v1/ {"timestamp":"2023-02-23T04:48:43.710Z"}
info: Connected to the database. {"timestamp":"2023-02-23T04:48:43.753Z"}
error: 
      status - 400
      message - Authorization token is required 
      url - /api/v1/notes 
      method - POST 
      IP - ::ffff:127.0.0.1
     {"timestamp":"2023-02-23T04:48:44.398Z"}
error: 
      status - 400
      message - Authorization token is required 
      url - /api/v1/notes 
      method - GET 
      IP - ::ffff:127.0.0.1
     {"timestamp":"2023-02-23T04:48:44.509Z"}
info: Server started at http://localhost:3000/api/v1/ {"timestamp":"2023-02-23T04:50:46.929Z"}
info: Connected to the database. {"timestamp":"2023-02-23T04:50:46.973Z"}
error: 
      status - 400
      message - Authorization token is required 
      url - /api/v1/notes 
      method - POST 
      IP - ::ffff:127.0.0.1
     {"timestamp":"2023-02-23T04:50:47.436Z"}
error: 
      status - 400
      message - Authorization token is required 
      url - /api/v1/notes 
      method - GET 
      IP - ::ffff:127.0.0.1
     {"timestamp":"2023-02-23T04:50:47.507Z"}
info: Server started at http://localhost:3000/api/v1/ {"timestamp":"2023-02-23T04:52:02.280Z"}
info: Connected to the database. {"timestamp":"2023-02-23T04:52:02.326Z"}
error: 
      status - 400
      message - Authorization token is required 
      url - /api/v1/notes 
      method - POST 
      IP - ::ffff:127.0.0.1
     {"timestamp":"2023-02-23T04:52:02.735Z"}
error: 
      status - 400
      message - Authorization token is required 
      url - /api/v1/notes 
      method - GET 
      IP - ::ffff:127.0.0.1
     {"timestamp":"2023-02-23T04:52:02.771Z"}
info: Server started at http://localhost:3000/api/v1/ {"timestamp":"2023-02-23T04:52:49.698Z"}
info: Connected to the database. {"timestamp":"2023-02-23T04:52:49.740Z"}
error: 
      status - 400
      message - Authorization token is required 
      url - /api/v1/notes 
      method - POST 
      IP - ::ffff:127.0.0.1
     {"timestamp":"2023-02-23T04:52:50.158Z"}
error: 
      status - 400
      message - Authorization token is required 
      url - /api/v1/notes 
      method - GET 
      IP - ::ffff:127.0.0.1
     {"timestamp":"2023-02-23T04:52:50.193Z"}
info: Server started at http://localhost:3000/api/v1/ {"timestamp":"2023-02-23T04:54:25.256Z"}
info: Connected to the database. {"timestamp":"2023-02-23T04:54:25.301Z"}
error: 
      status - 400
      message - Authorization token is required 
      url - /api/v1/notes 
      method - POST 
      IP - ::ffff:127.0.0.1
     {"timestamp":"2023-02-23T04:54:25.767Z"}
error: 
      status - 400
      message - Authorization token is required 
      url - /api/v1/notes 
      method - GET 
      IP - ::ffff:127.0.0.1
     {"timestamp":"2023-02-23T04:54:25.802Z"}
info: Server started at http://localhost:3000/api/v1/ {"timestamp":"2023-02-23T04:56:46.270Z"}
info: Connected to the database. {"timestamp":"2023-02-23T04:56:46.320Z"}
error: 
      status - 400
      message - Authorization token is required 
      url - /api/v1/notes 
      method - POST 
      IP - ::ffff:127.0.0.1
     {"timestamp":"2023-02-23T04:56:46.738Z"}
error: 
      status - 400
      message - Authorization token is required 
      url - /api/v1/notes 
      method - GET 
      IP - ::ffff:127.0.0.1
     {"timestamp":"2023-02-23T04:56:46.771Z"}
info: Server started at http://localhost:3000/api/v1/ {"timestamp":"2023-02-23T04:58:38.646Z"}
info: Connected to the database. {"timestamp":"2023-02-23T04:58:38.694Z"}
error: 
      status - 400
      message - Authorization token is required 
      url - /api/v1/notes 
      method - POST 
      IP - ::ffff:127.0.0.1
     {"timestamp":"2023-02-23T04:58:39.117Z"}
error: 
      status - 400
      message - Authorization token is required 
      url - /api/v1/notes 
      method - GET 
      IP - ::ffff:127.0.0.1
     {"timestamp":"2023-02-23T04:58:39.151Z"}
info: Server started at http://localhost:3000/api/v1/ {"timestamp":"2023-02-23T04:59:48.966Z"}
info: Connected to the database. {"timestamp":"2023-02-23T04:59:49.011Z"}
error: 
      status - 400
      message - Authorization token is required 
      url - /api/v1/notes 
      method - POST 
      IP - ::ffff:127.0.0.1
     {"timestamp":"2023-02-23T04:59:49.422Z"}
error: 
      status - 400
      message - Authorization token is required 
      url - /api/v1/notes 
      method - GET 
      IP - ::ffff:127.0.0.1
     {"timestamp":"2023-02-23T04:59:49.454Z"}
info: Server started at http://localhost:3000/api/v1/ {"timestamp":"2023-02-23T05:09:28.359Z"}
info: Connected to the database. {"timestamp":"2023-02-23T05:09:28.404Z"}
error: 
      status - 400
      message - Authorization token is required 
      url - /api/v1/notes 
      method - POST 
      IP - ::ffff:127.0.0.1
     {"timestamp":"2023-02-23T05:09:28.819Z"}
error: 
      status - 400
      message - Authorization token is required 
      url - /api/v1/notes 
      method - GET 
      IP - ::ffff:127.0.0.1
     {"timestamp":"2023-02-23T05:09:28.852Z"}
error: 
    status - 500 
    message - JsonWebTokenError: jwt must be provided
    at Object.verify (C:\Users\SHREEKANT\Desktop\Node_Projects\fundoo-app\node_modules\jsonwebtoken\verify.js:53:17)
    at userVerification (C:\Users\SHREEKANT\Desktop\Node_Projects\fundoo-app\src\middlewares\/auth.middleware.js:34:20)
    at _callee$ (C:\Users\SHREEKANT\Desktop\Node_Projects\fundoo-app\src\middlewares\/auth.middleware.js:22:18)
    at tryCatch (C:\Users\SHREEKANT\Desktop\Node_Projects\fundoo-app\node_modules\@babel\runtime\helpers\regeneratorRuntime.js:44:17)
    at Generator.<anonymous> (C:\Users\SHREEKANT\Desktop\Node_Projects\fundoo-app\node_modules\@babel\runtime\helpers\regeneratorRuntime.js:125:22)
    at Generator.next (C:\Users\SHREEKANT\Desktop\Node_Projects\fundoo-app\node_modules\@babel\runtime\helpers\regeneratorRuntime.js:69:21)
    at asyncGeneratorStep (C:\Users\SHREEKANT\Desktop\Node_Projects\fundoo-app\node_modules\@babel\runtime\helpers\asyncToGenerator.js:3:24)
    at _next (C:\Users\SHREEKANT\Desktop\Node_Projects\fundoo-app\node_modules\@babel\runtime\helpers\asyncToGenerator.js:22:9)
    at C:\Users\SHREEKANT\Desktop\Node_Projects\fundoo-app\node_modules\@babel\runtime\helpers\asyncToGenerator.js:27:7
    at new Promise (<anonymous>)
    at C:\Users\SHREEKANT\Desktop\Node_Projects\fundoo-app\node_modules\@babel\runtime\helpers\asyncToGenerator.js:19:12
    at userAuth (C:\Users\SHREEKANT\Desktop\Node_Projects\fundoo-app\src\middlewares\/auth.middleware.js:12:22)
    at Layer.handle [as handle_request] (C:\Users\SHREEKANT\Desktop\Node_Projects\fundoo-app\node_modules\express\lib\router\layer.js:95:5)
    at next (C:\Users\SHREEKANT\Desktop\Node_Projects\fundoo-app\node_modules\express\lib\router\route.js:144:13)
    at newNoteValidator (C:\Users\SHREEKANT\Desktop\Node_Projects\fundoo-app\src\validators\/note.validator.js:23:5)
    at Layer.handle [as handle_request] (C:\Users\SHREEKANT\Desktop\Node_Projects\fundoo-app\node_modules\express\lib\router\layer.js:95:5)
    at next (C:\Users\SHREEKANT\Desktop\Node_Projects\fundoo-app\node_modules\express\lib\router\route.js:144:13)
    at Route.dispatch (C:\Users\SHREEKANT\Desktop\Node_Projects\fundoo-app\node_modules\express\lib\router\route.js:114:3)
    at Layer.handle [as handle_request] (C:\Users\SHREEKANT\Desktop\Node_Projects\fundoo-app\node_modules\express\lib\router\layer.js:95:5)
    at C:\Users\SHREEKANT\Desktop\Node_Projects\fundoo-app\node_modules\express\lib\router\index.js:284:15
    at param (C:\Users\SHREEKANT\Desktop\Node_Projects\fundoo-app\node_modules\express\lib\router\index.js:365:14)
    at param (C:\Users\SHREEKANT\Desktop\Node_Projects\fundoo-app\node_modules\express\lib\router\index.js:376:14)
    at Function.process_params (C:\Users\SHREEKANT\Desktop\Node_Projects\fundoo-app\node_modules\express\lib\router\index.js:421:3)
    at next (C:\Users\SHREEKANT\Desktop\Node_Projects\fundoo-app\node_modules\express\lib\router\index.js:280:10)
    at Function.handle (C:\Users\SHREEKANT\Desktop\Node_Projects\fundoo-app\node_modules\express\lib\router\index.js:175:3)
    at router (C:\Users\SHREEKANT\Desktop\Node_Projects\fundoo-app\node_modules\express\lib\router\index.js:47:12)
    at Layer.handle [as handle_request] (C:\Users\SHREEKANT\Desktop\Node_Projects\fundoo-app\node_modules\express\lib\router\layer.js:95:5)
    at trim_prefix (C:\Users\SHREEKANT\Desktop\Node_Projects\fundoo-app\node_modules\express\lib\router\index.js:328:13)
    at C:\Users\SHREEKANT\Desktop\Node_Projects\fundoo-app\node_modules\express\lib\router\index.js:286:9
    at Function.process_params (C:\Users\SHREEKANT\Desktop\Node_Projects\fundoo-app\node_modules\express\lib\router\index.js:346:12)
    at next (C:\Users\SHREEKANT\Desktop\Node_Projects\fundoo-app\node_modules\express\lib\router\index.js:280:10)
    at Function.handle (C:\Users\SHREEKANT\Desktop\Node_Projects\fundoo-app\node_modules\express\lib\router\index.js:175:3)
    at router (C:\Users\SHREEKANT\Desktop\Node_Projects\fundoo-app\node_modules\express\lib\router\index.js:47:12)
    at Layer.handle [as handle_request] (C:\Users\SHREEKANT\Desktop\Node_Projects\fundoo-app\node_modules\express\lib\router\layer.js:95:5)
    at trim_prefix (C:\Users\SHREEKANT\Desktop\Node_Projects\fundoo-app\node_modules\express\lib\router\index.js:328:13)
    at C:\Users\SHREEKANT\Desktop\Node_Projects\fundoo-app\node_modules\express\lib\router\index.js:286:9
    at Function.process_params (C:\Users\SHREEKANT\Desktop\Node_Projects\fundoo-app\node_modules\express\lib\router\index.js:346:12)
    at next (C:\Users\SHREEKANT\Desktop\Node_Projects\fundoo-app\node_modules\express\lib\router\index.js:280:10)
    at logger (C:\Users\SHREEKANT\Desktop\Node_Projects\fundoo-app\node_modules\morgan\index.js:144:5)
    at Layer.handle [as handle_request] (C:\Users\SHREEKANT\Desktop\Node_Projects\fundoo-app\node_modules\express\lib\router\layer.js:95:5)
    at trim_prefix (C:\Users\SHREEKANT\Desktop\Node_Projects\fundoo-app\node_modules\express\lib\router\index.js:328:13)
    at C:\Users\SHREEKANT\Desktop\Node_Projects\fundoo-app\node_modules\express\lib\router\index.js:286:9
    at Function.process_params (C:\Users\SHREEKANT\Desktop\Node_Projects\fundoo-app\node_modules\express\lib\router\index.js:346:12)
    at next (C:\Users\SHREEKANT\Desktop\Node_Projects\fundoo-app\node_modules\express\lib\router\index.js:280:10)
    at C:\Users\SHREEKANT\Desktop\Node_Projects\fundoo-app\node_modules\body-parser\lib\read.js:137:5
    at AsyncResource.runInAsyncScope (node:async_hooks:202:9)
    at invokeCallback (C:\Users\SHREEKANT\Desktop\Node_Projects\fundoo-app\node_modules\raw-body\index.js:231:16)
    at done (C:\Users\SHREEKANT\Desktop\Node_Projects\fundoo-app\node_modules\raw-body\index.js:220:7)
    at IncomingMessage.onEnd (C:\Users\SHREEKANT\Desktop\Node_Projects\fundoo-app\node_modules\raw-body\index.js:280:7)
    at IncomingMessage.emit (node:events:539:35)
    at endReadableNT (node:internal/streams/readable:1345:12)
    at processTicksAndRejections (node:internal/process/task_queues:83:21) 
    url - /api/v1/notes/63f6f5089f6ebb0e00366ce7 
    method - PUT 
    IP - ::ffff:127.0.0.1
   {"timestamp":"2023-02-23T05:09:28.898Z"}
info: Server started at http://localhost:3000/api/v1/ {"timestamp":"2023-02-23T05:12:24.181Z"}
info: Connected to the database. {"timestamp":"2023-02-23T05:12:24.238Z"}
error: 
      status - 400
      message - Authorization token is required 
      url - /api/v1/notes 
      method - POST 
      IP - ::ffff:127.0.0.1
     {"timestamp":"2023-02-23T05:12:24.672Z"}
error: 
      status - 400
      message - Authorization token is required 
      url - /api/v1/notes 
      method - GET 
      IP - ::ffff:127.0.0.1
     {"timestamp":"2023-02-23T05:12:24.717Z"}
info: Server started at http://localhost:3000/api/v1/ {"timestamp":"2023-02-23T05:16:32.284Z"}
info: Connected to the database. {"timestamp":"2023-02-23T05:16:32.329Z"}
error: 
      status - 400
      message - Authorization token is required 
      url - /api/v1/notes 
      method - POST 
      IP - ::ffff:127.0.0.1
     {"timestamp":"2023-02-23T05:16:32.737Z"}
error: 
      status - 400
      message - Authorization token is required 
      url - /api/v1/notes 
      method - GET 
      IP - ::ffff:127.0.0.1
     {"timestamp":"2023-02-23T05:16:32.771Z"}
error: 
    status - 500 
    message - JsonWebTokenError: jwt must be provided
    at Object.verify (C:\Users\SHREEKANT\Desktop\Node_Projects\fundoo-app\node_modules\jsonwebtoken\verify.js:53:17)
    at userVerification (C:\Users\SHREEKANT\Desktop\Node_Projects\fundoo-app\src\middlewares\/auth.middleware.js:34:20)
    at _callee$ (C:\Users\SHREEKANT\Desktop\Node_Projects\fundoo-app\src\middlewares\/auth.middleware.js:22:18)
    at tryCatch (C:\Users\SHREEKANT\Desktop\Node_Projects\fundoo-app\node_modules\@babel\runtime\helpers\regeneratorRuntime.js:44:17)
    at Generator.<anonymous> (C:\Users\SHREEKANT\Desktop\Node_Projects\fundoo-app\node_modules\@babel\runtime\helpers\regeneratorRuntime.js:125:22)
    at Generator.next (C:\Users\SHREEKANT\Desktop\Node_Projects\fundoo-app\node_modules\@babel\runtime\helpers\regeneratorRuntime.js:69:21)
    at asyncGeneratorStep (C:\Users\SHREEKANT\Desktop\Node_Projects\fundoo-app\node_modules\@babel\runtime\helpers\asyncToGenerator.js:3:24)
    at _next (C:\Users\SHREEKANT\Desktop\Node_Projects\fundoo-app\node_modules\@babel\runtime\helpers\asyncToGenerator.js:22:9)
    at C:\Users\SHREEKANT\Desktop\Node_Projects\fundoo-app\node_modules\@babel\runtime\helpers\asyncToGenerator.js:27:7
    at new Promise (<anonymous>)
    at C:\Users\SHREEKANT\Desktop\Node_Projects\fundoo-app\node_modules\@babel\runtime\helpers\asyncToGenerator.js:19:12
    at userAuth (C:\Users\SHREEKANT\Desktop\Node_Projects\fundoo-app\src\middlewares\/auth.middleware.js:12:22)
    at Layer.handle [as handle_request] (C:\Users\SHREEKANT\Desktop\Node_Projects\fundoo-app\node_modules\express\lib\router\layer.js:95:5)
    at next (C:\Users\SHREEKANT\Desktop\Node_Projects\fundoo-app\node_modules\express\lib\router\route.js:144:13)
    at Route.dispatch (C:\Users\SHREEKANT\Desktop\Node_Projects\fundoo-app\node_modules\express\lib\router\route.js:114:3)
    at Layer.handle [as handle_request] (C:\Users\SHREEKANT\Desktop\Node_Projects\fundoo-app\node_modules\express\lib\router\layer.js:95:5)
    at C:\Users\SHREEKANT\Desktop\Node_Projects\fundoo-app\node_modules\express\lib\router\index.js:284:15
    at param (C:\Users\SHREEKANT\Desktop\Node_Projects\fundoo-app\node_modules\express\lib\router\index.js:365:14)
    at param (C:\Users\SHREEKANT\Desktop\Node_Projects\fundoo-app\node_modules\express\lib\router\index.js:376:14)
    at Function.process_params (C:\Users\SHREEKANT\Desktop\Node_Projects\fundoo-app\node_modules\express\lib\router\index.js:421:3)
    at next (C:\Users\SHREEKANT\Desktop\Node_Projects\fundoo-app\node_modules\express\lib\router\index.js:280:10)
    at Function.handle (C:\Users\SHREEKANT\Desktop\Node_Projects\fundoo-app\node_modules\express\lib\router\index.js:175:3)
    at router (C:\Users\SHREEKANT\Desktop\Node_Projects\fundoo-app\node_modules\express\lib\router\index.js:47:12)
    at Layer.handle [as handle_request] (C:\Users\SHREEKANT\Desktop\Node_Projects\fundoo-app\node_modules\express\lib\router\layer.js:95:5)
    at trim_prefix (C:\Users\SHREEKANT\Desktop\Node_Projects\fundoo-app\node_modules\express\lib\router\index.js:328:13)
    at C:\Users\SHREEKANT\Desktop\Node_Projects\fundoo-app\node_modules\express\lib\router\index.js:286:9
    at Function.process_params (C:\Users\SHREEKANT\Desktop\Node_Projects\fundoo-app\node_modules\express\lib\router\index.js:346:12)
    at next (C:\Users\SHREEKANT\Desktop\Node_Projects\fundoo-app\node_modules\express\lib\router\index.js:280:10)
    at Function.handle (C:\Users\SHREEKANT\Desktop\Node_Projects\fundoo-app\node_modules\express\lib\router\index.js:175:3)
    at router (C:\Users\SHREEKANT\Desktop\Node_Projects\fundoo-app\node_modules\express\lib\router\index.js:47:12)
    at Layer.handle [as handle_request] (C:\Users\SHREEKANT\Desktop\Node_Projects\fundoo-app\node_modules\express\lib\router\layer.js:95:5)
    at trim_prefix (C:\Users\SHREEKANT\Desktop\Node_Projects\fundoo-app\node_modules\express\lib\router\index.js:328:13)
    at C:\Users\SHREEKANT\Desktop\Node_Projects\fundoo-app\node_modules\express\lib\router\index.js:286:9
    at Function.process_params (C:\Users\SHREEKANT\Desktop\Node_Projects\fundoo-app\node_modules\express\lib\router\index.js:346:12)
    at next (C:\Users\SHREEKANT\Desktop\Node_Projects\fundoo-app\node_modules\express\lib\router\index.js:280:10)
    at logger (C:\Users\SHREEKANT\Desktop\Node_Projects\fundoo-app\node_modules\morgan\index.js:144:5)
    at Layer.handle [as handle_request] (C:\Users\SHREEKANT\Desktop\Node_Projects\fundoo-app\node_modules\express\lib\router\layer.js:95:5)
    at trim_prefix (C:\Users\SHREEKANT\Desktop\Node_Projects\fundoo-app\node_modules\express\lib\router\index.js:328:13)
    at C:\Users\SHREEKANT\Desktop\Node_Projects\fundoo-app\node_modules\express\lib\router\index.js:286:9
    at Function.process_params (C:\Users\SHREEKANT\Desktop\Node_Projects\fundoo-app\node_modules\express\lib\router\index.js:346:12)
    at next (C:\Users\SHREEKANT\Desktop\Node_Projects\fundoo-app\node_modules\express\lib\router\index.js:280:10)
    at jsonParser (C:\Users\SHREEKANT\Desktop\Node_Projects\fundoo-app\node_modules\body-parser\lib\types\json.js:110:7)
    at Layer.handle [as handle_request] (C:\Users\SHREEKANT\Desktop\Node_Projects\fundoo-app\node_modules\express\lib\router\layer.js:95:5)
    at trim_prefix (C:\Users\SHREEKANT\Desktop\Node_Projects\fundoo-app\node_modules\express\lib\router\index.js:328:13)
    at C:\Users\SHREEKANT\Desktop\Node_Projects\fundoo-app\node_modules\express\lib\router\index.js:286:9
    at Function.process_params (C:\Users\SHREEKANT\Desktop\Node_Projects\fundoo-app\node_modules\express\lib\router\index.js:346:12)
    at next (C:\Users\SHREEKANT\Desktop\Node_Projects\fundoo-app\node_modules\express\lib\router\index.js:280:10)
    at urlencodedParser (C:\Users\SHREEKANT\Desktop\Node_Projects\fundoo-app\node_modules\body-parser\lib\types\urlencoded.js:91:7)
    at Layer.handle [as handle_request] (C:\Users\SHREEKANT\Desktop\Node_Projects\fundoo-app\node_modules\express\lib\router\layer.js:95:5)
    at trim_prefix (C:\Users\SHREEKANT\Desktop\Node_Projects\fundoo-app\node_modules\express\lib\router\index.js:328:13)
    at C:\Users\SHREEKANT\Desktop\Node_Projects\fundoo-app\node_modules\express\lib\router\index.js:286:9
    at Function.process_params (C:\Users\SHREEKANT\Desktop\Node_Projects\fundoo-app\node_modules\express\lib\router\index.js:346:12)
    at next (C:\Users\SHREEKANT\Desktop\Node_Projects\fundoo-app\node_modules\express\lib\router\index.js:280:10)
    at internalNext (C:\Users\SHREEKANT\Desktop\Node_Projects\fundoo-app\node_modules\helmet\dist\index.js:142:6)
    at xXssProtectionMiddleware (C:\Users\SHREEKANT\Desktop\Node_Projects\fundoo-app\node_modules\helmet\dist\middlewares\x-xss-protection\index.js:6:3)
    at internalNext (C:\Users\SHREEKANT\Desktop\Node_Projects\fundoo-app\node_modules\helmet\dist\index.js:145:6)
    at referrerPolicyMiddleware (C:\Users\SHREEKANT\Desktop\Node_Projects\fundoo-app\node_modules\helmet\dist\middlewares\referrer-policy\index.js:24:3)
    at internalNext (C:\Users\SHREEKANT\Desktop\Node_Projects\fundoo-app\node_modules\helmet\dist\index.js:145:6)
    at xPermittedCrossDomainPoliciesMiddleware (C:\Users\SHREEKANT\Desktop\Node_Projects\fundoo-app\node_modules\helmet\dist\middlewares\x-permitted-cross-domain-policies\index.js:15:3)
    at internalNext (C:\Users\SHREEKANT\Desktop\Node_Projects\fundoo-app\node_modules\helmet\dist\index.js:145:6)
    at xContentTypeOptionsMiddleware (C:\Users\SHREEKANT\Desktop\Node_Projects\fundoo-app\node_modules\helmet\dist\middlewares\x-content-type-options\index.js:6:3)
    at internalNext (C:\Users\SHREEKANT\Desktop\Node_Projects\fundoo-app\node_modules\helmet\dist\index.js:145:6)
    at xDownloadOptionsMiddleware (C:\Users\SHREEKANT\Desktop\Node_Projects\fundoo-app\node_modules\helmet\dist\middlewares\x-download-options\index.js:6:3)
    at internalNext (C:\Users\SHREEKANT\Desktop\Node_Projects\fundoo-app\node_modules\helmet\dist\index.js:145:6)
    at strictTransportSecurityMiddleware (C:\Users\SHREEKANT\Desktop\Node_Projects\fundoo-app\node_modules\helmet\dist\middlewares\strict-transport-security\index.js:34:3)
    at internalNext (C:\Users\SHREEKANT\Desktop\Node_Projects\fundoo-app\node_modules\helmet\dist\index.js:145:6)
    at xPoweredByMiddleware (C:\Users\SHREEKANT\Desktop\Node_Projects\fundoo-app\node_modules\helmet\dist\middlewares\x-powered-by\index.js:6:3)
    at internalNext (C:\Users\SHREEKANT\Desktop\Node_Projects\fundoo-app\node_modules\helmet\dist\index.js:145:6)
    at xFrameOptionsMiddleware (C:\Users\SHREEKANT\Desktop\Node_Projects\fundoo-app\node_modules\helmet\dist\middlewares\x-frame-options\index.js:21:3)
    at internalNext (C:\Users\SHREEKANT\Desktop\Node_Projects\fundoo-app\node_modules\helmet\dist\index.js:145:6)
    at expectCtMiddleware (C:\Users\SHREEKANT\Desktop\Node_Projects\fundoo-app\node_modules\helmet\dist\middlewares\expect-ct\index.js:24:3)
    at internalNext (C:\Users\SHREEKANT\Desktop\Node_Projects\fundoo-app\node_modules\helmet\dist\index.js:145:6)
    at xDnsPrefetchControlMiddleware (C:\Users\SHREEKANT\Desktop\Node_Projects\fundoo-app\node_modules\helmet\dist\middlewares\x-dns-prefetch-control\index.js:7:3)
    at internalNext (C:\Users\SHREEKANT\Desktop\Node_Projects\fundoo-app\node_modules\helmet\dist\index.js:145:6)
    at contentSecurityPolicyMiddleware (C:\Users\SHREEKANT\Desktop\Node_Projects\fundoo-app\node_modules\helmet\dist\middlewares\content-security-policy\index.js:124:4)
    at internalNext (C:\Users\SHREEKANT\Desktop\Node_Projects\fundoo-app\node_modules\helmet\dist\index.js:145:6)
    at helmetMiddleware (C:\Users\SHREEKANT\Desktop\Node_Projects\fundoo-app\node_modules\helmet\dist\index.js:147:6)
    at Layer.handle [as handle_request] (C:\Users\SHREEKANT\Desktop\Node_Projects\fundoo-app\node_modules\express\lib\router\layer.js:95:5)
    at trim_prefix (C:\Users\SHREEKANT\Desktop\Node_Projects\fundoo-app\node_modules\express\lib\router\index.js:328:13)
    at C:\Users\SHREEKANT\Desktop\Node_Projects\fundoo-app\node_modules\express\lib\router\index.js:286:9
    at Function.process_params (C:\Users\SHREEKANT\Desktop\Node_Projects\fundoo-app\node_modules\express\lib\router\index.js:346:12)
    at next (C:\Users\SHREEKANT\Desktop\Node_Projects\fundoo-app\node_modules\express\lib\router\index.js:280:10)
    at cors (C:\Users\SHREEKANT\Desktop\Node_Projects\fundoo-app\node_modules\cors\lib\index.js:188:7)
    at C:\Users\SHREEKANT\Desktop\Node_Projects\fundoo-app\node_modules\cors\lib\index.js:224:17
    at originCallback (C:\Users\SHREEKANT\Desktop\Node_Projects\fundoo-app\node_modules\cors\lib\index.js:214:15)
    at C:\Users\SHREEKANT\Desktop\Node_Projects\fundoo-app\node_modules\cors\lib\index.js:219:13
    at optionsCallback (C:\Users\SHREEKANT\Desktop\Node_Projects\fundoo-app\node_modules\cors\lib\index.js:199:9)
    at corsMiddleware (C:\Users\SHREEKANT\Desktop\Node_Projects\fundoo-app\node_modules\cors\lib\index.js:204:7)
    at Layer.handle [as handle_request] (C:\Users\SHREEKANT\Desktop\Node_Projects\fundoo-app\node_modules\express\lib\router\layer.js:95:5)
    at trim_prefix (C:\Users\SHREEKANT\Desktop\Node_Projects\fundoo-app\node_modules\express\lib\router\index.js:328:13)
    at C:\Users\SHREEKANT\Desktop\Node_Projects\fundoo-app\node_modules\express\lib\router\index.js:286:9
    at Function.process_params (C:\Users\SHREEKANT\Desktop\Node_Projects\fundoo-app\node_modules\express\lib\router\index.js:346:12)
    at next (C:\Users\SHREEKANT\Desktop\Node_Projects\fundoo-app\node_modules\express\lib\router\index.js:280:10)
    at expressInit (C:\Users\SHREEKANT\Desktop\Node_Projects\fundoo-app\node_modules\express\lib\middleware\init.js:40:5)
    at Layer.handle [as handle_request] (C:\Users\SHREEKANT\Desktop\Node_Projects\fundoo-app\node_modules\express\lib\router\layer.js:95:5)
    at trim_prefix (C:\Users\SHREEKANT\Desktop\Node_Projects\fundoo-app\node_modules\express\lib\router\index.js:328:13)
    at C:\Users\SHREEKANT\Desktop\Node_Projects\fundoo-app\node_modules\express\lib\router\index.js:286:9
    at Function.process_params (C:\Users\SHREEKANT\Desktop\Node_Projects\fundoo-app\node_modules\express\lib\router\index.js:346:12)
    at next (C:\Users\SHREEKANT\Desktop\Node_Projects\fundoo-app\node_modules\express\lib\router\index.js:280:10)
    at query (C:\Users\SHREEKANT\Desktop\Node_Projects\fundoo-app\node_modules\express\lib\middleware\query.js:45:5)
    at Layer.handle [as handle_request] (C:\Users\SHREEKANT\Desktop\Node_Projects\fundoo-app\node_modules\express\lib\router\layer.js:95:5)
    at trim_prefix (C:\Users\SHREEKANT\Desktop\Node_Projects\fundoo-app\node_modules\express\lib\router\index.js:328:13)
    at C:\Users\SHREEKANT\Desktop\Node_Projects\fundoo-app\node_modules\express\lib\router\index.js:286:9
    at Function.process_params (C:\Users\SHREEKANT\Desktop\Node_Projects\fundoo-app\node_modules\express\lib\router\index.js:346:12)
    at next (C:\Users\SHREEKANT\Desktop\Node_Projects\fundoo-app\node_modules\express\lib\router\index.js:280:10)
    at Function.handle (C:\Users\SHREEKANT\Desktop\Node_Projects\fundoo-app\node_modules\express\lib\router\index.js:175:3)
    at Function.handle (C:\Users\SHREEKANT\Desktop\Node_Projects\fundoo-app\node_modules\express\lib\application.js:181:10)
    at Server.app (C:\Users\SHREEKANT\Desktop\Node_Projects\fundoo-app\node_modules\express\lib\express.js:39:9)
    at Server.emit (node:events:527:28)
    at parserOnIncoming (node:_http_server:956:12)
    at HTTPParser.parserOnHeadersComplete (node:_http_common:128:17) 
    url - /api/v1/notes/63f6f6b0693fb01a80dc4a3f 
    method - DELETE 
    IP - ::ffff:127.0.0.1
   {"timestamp":"2023-02-23T05:16:32.849Z"}
info: Server started at http://localhost:3000/api/v1/ {"timestamp":"2023-02-23T05:17:02.770Z"}
info: Connected to the database. {"timestamp":"2023-02-23T05:17:02.820Z"}
error: 
      status - 400
      message - Authorization token is required 
      url - /api/v1/notes 
      method - POST 
      IP - ::ffff:127.0.0.1
     {"timestamp":"2023-02-23T05:17:03.227Z"}
error: 
      status - 400
      message - Authorization token is required 
      url - /api/v1/notes 
      method - GET 
      IP - ::ffff:127.0.0.1
     {"timestamp":"2023-02-23T05:17:03.261Z"}
