info: Server started at http://localhost:3000/api/v1/ {"timestamp":"2023-02-19T15:43:24.564Z"}
info: Connected to the database. {"timestamp":"2023-02-19T15:43:24.712Z"}
error: 
    status - 500 
    message - TypeError: Cannot read properties of undefined (reading 'password')
    at _callee2$ (C:\Users\SHREEKANT\Desktop\Node_Projects\fundoo-app\src\services\/user.service.js:63:36)
    at tryCatch (C:\Users\SHREEKANT\Desktop\Node_Projects\fundoo-app\node_modules\@babel\runtime\helpers\regeneratorRuntime.js:44:17)
    at Generator.<anonymous> (C:\Users\SHREEKANT\Desktop\Node_Projects\fundoo-app\node_modules\@babel\runtime\helpers\regeneratorRuntime.js:125:22)
    at Generator.next (C:\Users\SHREEKANT\Desktop\Node_Projects\fundoo-app\node_modules\@babel\runtime\helpers\regeneratorRuntime.js:69:21)
    at asyncGeneratorStep (C:\Users\SHREEKANT\Desktop\Node_Projects\fundoo-app\node_modules\@babel\runtime\helpers\asyncToGenerator.js:3:24)
    at _next (C:\Users\SHREEKANT\Desktop\Node_Projects\fundoo-app\node_modules\@babel\runtime\helpers\asyncToGenerator.js:22:9)
    at processTicksAndRejections (node:internal/process/task_queues:96:5) 
    url - /api/v1/users/login 
    method - POST 
    IP - ::1
   {"timestamp":"2023-02-19T15:47:30.749Z"}
info: Server started at http://localhost:3000/api/v1/ {"timestamp":"2023-02-19T15:48:39.792Z"}
info: Connected to the database. {"timestamp":"2023-02-19T15:48:39.850Z"}
info: Server started at http://localhost:3000/api/v1/ {"timestamp":"2023-02-19T15:49:13.938Z"}
info: Connected to the database. {"timestamp":"2023-02-19T15:49:14.001Z"}
