info: Server started at http://localhost:3000/api/v1/ {"timestamp":"2023-02-24T05:24:53.194Z"}
info: Connected to the database. {"timestamp":"2023-02-24T05:24:53.393Z"}
info: Server started at http://localhost:3000/api/v1/ {"timestamp":"2023-02-24T05:42:47.558Z"}
info: Connected to the database. {"timestamp":"2023-02-24T05:42:47.594Z"}
info: Server started at http://localhost:3000/api/v1/ {"timestamp":"2023-02-24T05:44:04.008Z"}
info: Connected to the database. {"timestamp":"2023-02-24T05:44:04.047Z"}
info: Server started at http://localhost:3000/api/v1/ {"timestamp":"2023-02-24T05:54:25.968Z"}
info: Connected to the database. {"timestamp":"2023-02-24T05:54:26.048Z"}
info: Server started at http://localhost:3000/api/v1/ {"timestamp":"2023-02-24T05:54:32.075Z"}
info: Connected to the database. {"timestamp":"2023-02-24T05:54:32.110Z"}
info: Server started at http://localhost:3000/api/v1/ {"timestamp":"2023-02-24T05:55:06.214Z"}
info: Connected to the database. {"timestamp":"2023-02-24T05:55:06.266Z"}
info: Server started at http://localhost:3000/api/v1/ {"timestamp":"2023-02-24T06:36:34.635Z"}
info: Connected to the database. {"timestamp":"2023-02-24T06:36:34.685Z"}
info: Server started at http://localhost:3000/api/v1/ {"timestamp":"2023-02-24T06:39:02.997Z"}
info: Connected to the database. {"timestamp":"2023-02-24T06:39:03.050Z"}
info: Server started at http://localhost:3000/api/v1/ {"timestamp":"2023-02-24T06:40:55.030Z"}
info: Connected to the database. {"timestamp":"2023-02-24T06:40:55.072Z"}
info: Server started at http://localhost:3000/api/v1/ {"timestamp":"2023-02-24T08:27:32.343Z"}
info: Connected to the database. {"timestamp":"2023-02-24T08:27:32.387Z"}
info: Server started at http://localhost:3000/api/v1/ {"timestamp":"2023-02-24T08:27:59.924Z"}
info: Connected to the database. {"timestamp":"2023-02-24T08:27:59.978Z"}
info: Server started at http://localhost:3000/api/v1/ {"timestamp":"2023-02-24T08:29:59.447Z"}
info: Connected to the database. {"timestamp":"2023-02-24T08:29:59.482Z"}
error: 
      status - 400
      message - Authorization token is required 
      url - /api/v1/users/reset 
      method - POST 
      IP - ::1
     {"timestamp":"2023-02-24T08:31:31.738Z"}
info: Server started at http://localhost:3000/api/v1/ {"timestamp":"2023-02-24T08:45:22.950Z"}
info: Connected to the database. {"timestamp":"2023-02-24T08:45:22.987Z"}
info: Server started at http://localhost:3000/api/v1/ {"timestamp":"2023-02-24T08:57:58.524Z"}
info: Connected to the database. {"timestamp":"2023-02-24T08:57:58.564Z"}
info: Server started at http://localhost:3000/api/v1/ {"timestamp":"2023-02-24T08:58:14.225Z"}
info: Connected to the database. {"timestamp":"2023-02-24T08:58:14.287Z"}
info: Server started at http://localhost:3000/api/v1/ {"timestamp":"2023-02-24T08:59:08.565Z"}
info: Connected to the database. {"timestamp":"2023-02-24T08:59:08.615Z"}
info: Server started at http://localhost:3000/api/v1/ {"timestamp":"2023-02-24T09:02:23.772Z"}
info: Connected to the database. {"timestamp":"2023-02-24T09:02:23.808Z"}
error: 
      status - 400
      message - Authorization token is required 
      url - /api/v1/users/reset 
      method - POST 
      IP - ::1
     {"timestamp":"2023-02-24T09:05:45.977Z"}
info: Server started at http://localhost:3000/api/v1/ {"timestamp":"2023-02-24T09:52:58.625Z"}
info: Connected to the database. {"timestamp":"2023-02-24T09:52:58.677Z"}
info: Server started at http://localhost:3000/api/v1/ {"timestamp":"2023-02-24T09:53:46.225Z"}
info: Connected to the database. {"timestamp":"2023-02-24T09:53:46.263Z"}
info: Server started at http://localhost:3000/api/v1/ {"timestamp":"2023-02-24T10:13:30.356Z"}
info: Connected to the database. {"timestamp":"2023-02-24T10:13:30.387Z"}
info: Server started at http://localhost:3000/api/v1/ {"timestamp":"2023-02-24T10:17:03.820Z"}
info: Connected to the database. {"timestamp":"2023-02-24T10:17:03.874Z"}
info: Server started at http://localhost:3000/api/v1/ {"timestamp":"2023-02-24T10:18:34.582Z"}
info: Connected to the database. {"timestamp":"2023-02-24T10:18:34.623Z"}
info: Server started at http://localhost:3000/api/v1/ {"timestamp":"2023-02-24T10:19:34.025Z"}
info: Connected to the database. {"timestamp":"2023-02-24T10:19:34.074Z"}
info: Server started at http://localhost:3000/api/v1/ {"timestamp":"2023-02-24T10:19:48.400Z"}
info: Connected to the database. {"timestamp":"2023-02-24T10:19:48.465Z"}
