info: Server started at http://localhost:5000/api/v1/ {"timestamp":"2023-02-27T03:06:43.510Z"}
info: Connected to the database. {"timestamp":"2023-02-27T03:06:43.568Z"}
info: Server started at http://localhost:5000/api/v1/ {"timestamp":"2023-02-27T03:15:13.833Z"}
info: Connected to the database. {"timestamp":"2023-02-27T03:15:13.898Z"}
error: 
      status - 400
      message - Authorization token is required 
      url - /api/v1/users/reset 
      method - POST 
      IP - ::1
     {"timestamp":"2023-02-27T03:16:19.073Z"}
info: Server started at http://localhost:5000/api/v1/ {"timestamp":"2023-02-27T03:17:55.361Z"}
info: Connected to the database. {"timestamp":"2023-02-27T03:17:55.447Z"}
info: Server started at http://localhost:5000/api/v1/ {"timestamp":"2023-02-27T03:18:48.792Z"}
info: Connected to the database. {"timestamp":"2023-02-27T03:18:48.853Z"}
info: Server started at http://localhost:5000/api/v1/ {"timestamp":"2023-02-27T03:32:31.584Z"}
info: Connected to the database. {"timestamp":"2023-02-27T03:32:31.625Z"}
info: Server started at http://localhost:5000/api/v1/ {"timestamp":"2023-02-27T03:33:52.788Z"}
info: Connected to the database. {"timestamp":"2023-02-27T03:33:52.835Z"}
info: Server started at http://localhost:5000/api/v1/ {"timestamp":"2023-02-27T03:42:11.865Z"}
info: Connected to the database. {"timestamp":"2023-02-27T03:42:11.917Z"}
info: Server started at http://localhost:5000/api/v1/ {"timestamp":"2023-02-27T03:43:06.117Z"}
info: Connected to the database. {"timestamp":"2023-02-27T03:43:06.176Z"}
info: Server started at http://localhost:5000/api/v1/ {"timestamp":"2023-02-27T14:57:42.204Z"}
info: Connected to the database. {"timestamp":"2023-02-27T14:57:42.430Z"}
info: Server started at http://localhost:5000/api/v1/ {"timestamp":"2023-02-27T15:07:17.559Z"}
info: Connected to the database. {"timestamp":"2023-02-27T15:07:17.606Z"}
info: Server started at http://localhost:5000/api/v1/ {"timestamp":"2023-02-27T15:32:33.688Z"}
info: Connected to the database. {"timestamp":"2023-02-27T15:32:33.722Z"}
info: Server started at http://localhost:5000/api/v1/ {"timestamp":"2023-02-27T15:35:32.882Z"}
info: Connected to the database. {"timestamp":"2023-02-27T15:35:32.933Z"}
info: Server started at http://localhost:5000/api/v1/ {"timestamp":"2023-02-27T15:42:28.868Z"}
info: Connected to the database. {"timestamp":"2023-02-27T15:42:28.908Z"}
info: Server started at http://localhost:5000/api/v1/ {"timestamp":"2023-02-27T15:42:51.507Z"}
info: Connected to the database. {"timestamp":"2023-02-27T15:42:51.544Z"}
info: Server started at http://localhost:5000/api/v1/ {"timestamp":"2023-02-27T15:46:40.341Z"}
info: Connected to the database. {"timestamp":"2023-02-27T15:46:40.372Z"}
info: Server started at http://localhost:5000/api/v1/ {"timestamp":"2023-02-27T15:47:44.305Z"}
info: Connected to the database. {"timestamp":"2023-02-27T15:47:44.343Z"}
info: Server started at http://localhost:5000/api/v1/ {"timestamp":"2023-02-27T15:51:07.465Z"}
info: Connected to the database. {"timestamp":"2023-02-27T15:51:07.501Z"}
info: Server started at http://localhost:5000/api/v1/ {"timestamp":"2023-02-27T15:52:25.884Z"}
info: Connected to the database. {"timestamp":"2023-02-27T15:52:25.927Z"}
info: Server started at http://localhost:5000/api/v1/ {"timestamp":"2023-02-27T15:53:13.425Z"}
info: Connected to the database. {"timestamp":"2023-02-27T15:53:13.484Z"}
info: Server started at http://localhost:5000/api/v1/ {"timestamp":"2023-02-27T15:53:25.137Z"}
info: Connected to the database. {"timestamp":"2023-02-27T15:53:25.171Z"}
info: Server started at http://localhost:5000/api/v1/ {"timestamp":"2023-02-27T16:09:36.071Z"}
info: Connected to the database. {"timestamp":"2023-02-27T16:09:36.146Z"}
info: Server started at http://localhost:5000/api/v1/ {"timestamp":"2023-02-27T16:24:15.434Z"}
info: Connected to the database. {"timestamp":"2023-02-27T16:24:15.541Z"}
info: Server started at http://localhost:5000/api/v1/ {"timestamp":"2023-02-27T16:25:17.012Z"}
info: Connected to the database. {"timestamp":"2023-02-27T16:25:17.045Z"}
