info: Server started at http://localhost:3000/api/v1/ {"timestamp":"2023-02-20T03:11:24.277Z"}
info: Connected to the database. {"timestamp":"2023-02-20T03:11:24.398Z"}
error: 
    status - 500 
    message - ValidationError: "firstName" with value "aptarish" fails to match the required pattern: /^[A-Z]{1,1}[a-z]{2,30}$/ 
    url - /api/v1/users 
    method - POST 
    IP - ::1
   {"timestamp":"2023-02-20T03:21:21.084Z"}
error: 
    status - 500 
    message - ValidationError: "email" must be a valid email 
    url - /api/v1/users 
    method - POST 
    IP - ::1
   {"timestamp":"2023-02-20T03:21:46.845Z"}
error: 
    status - 500 
    message - ValidationError: "password" should contain at least 1 uppercase character 
    url - /api/v1/users 
    method - POST 
    IP - ::1
   {"timestamp":"2023-02-20T03:22:18.251Z"}
info: Server started at http://localhost:3000/api/v1/ {"timestamp":"2023-02-20T03:34:57.276Z"}
info: Connected to the database. {"timestamp":"2023-02-20T03:34:57.348Z"}
info: Server started at http://localhost:3000/api/v1/ {"timestamp":"2023-02-20T04:01:03.572Z"}
info: Connected to the database. {"timestamp":"2023-02-20T04:01:03.606Z"}
info: Server started at http://localhost:3000/api/v1/ {"timestamp":"2023-02-20T04:01:53.761Z"}
info: Connected to the database. {"timestamp":"2023-02-20T04:01:53.795Z"}
info: Server started at http://localhost:3000/api/v1/ {"timestamp":"2023-02-20T04:06:34.537Z"}
info: Connected to the database. {"timestamp":"2023-02-20T04:06:34.573Z"}
info: Server started at http://localhost:3000/api/v1/ {"timestamp":"2023-02-20T04:08:08.774Z"}
info: Connected to the database. {"timestamp":"2023-02-20T04:08:08.814Z"}
info: Server started at http://localhost:3000/api/v1/ {"timestamp":"2023-02-20T04:08:25.572Z"}
info: Connected to the database. {"timestamp":"2023-02-20T04:08:25.604Z"}
info: Server started at http://localhost:3000/api/v1/ {"timestamp":"2023-02-20T04:10:11.455Z"}
info: Connected to the database. {"timestamp":"2023-02-20T04:10:11.489Z"}
info: Server started at http://localhost:3000/api/v1/ {"timestamp":"2023-02-20T06:46:09.148Z"}
info: Connected to the database. {"timestamp":"2023-02-20T06:46:09.260Z"}
info: Server started at http://localhost:3000/api/v1/ {"timestamp":"2023-02-20T06:48:27.137Z"}
info: Connected to the database. {"timestamp":"2023-02-20T06:48:27.189Z"}
info: Server started at http://localhost:3000/api/v1/ {"timestamp":"2023-02-20T06:50:42.400Z"}
info: Connected to the database. {"timestamp":"2023-02-20T06:50:42.431Z"}
info: Server started at http://localhost:3000/api/v1/ {"timestamp":"2023-02-20T06:55:02.431Z"}
info: Connected to the database. {"timestamp":"2023-02-20T06:55:02.487Z"}
error: 
      status - 400
      message - Authorization token is required 
      url - /api/v1/users/login 
      method - POST 
      IP - ::1
     {"timestamp":"2023-02-20T06:55:05.156Z"}
error: 
    status - 500 
    message - JsonWebTokenError: invalid signature
    at C:\Users\SHREEKANT\Desktop\Node_Projects\fundoo-app\node_modules\jsonwebtoken\verify.js:133:19
    at getSecret (C:\Users\SHREEKANT\Desktop\Node_Projects\fundoo-app\node_modules\jsonwebtoken\verify.js:90:14)
    at Object.verify (C:\Users\SHREEKANT\Desktop\Node_Projects\fundoo-app\node_modules\jsonwebtoken\verify.js:94:10)
    at _callee$ (C:\Users\SHREEKANT\Desktop\Node_Projects\fundoo-app\src\middlewares\/auth.middleware.js:22:32)
    at tryCatch (C:\Users\SHREEKANT\Desktop\Node_Projects\fundoo-app\node_modules\@babel\runtime\helpers\regeneratorRuntime.js:44:17)
    at Generator.<anonymous> (C:\Users\SHREEKANT\Desktop\Node_Projects\fundoo-app\node_modules\@babel\runtime\helpers\regeneratorRuntime.js:125:22)
    at Generator.next (C:\Users\SHREEKANT\Desktop\Node_Projects\fundoo-app\node_modules\@babel\runtime\helpers\regeneratorRuntime.js:69:21)
    at asyncGeneratorStep (C:\Users\SHREEKANT\Desktop\Node_Projects\fundoo-app\node_modules\@babel\runtime\helpers\asyncToGenerator.js:3:24)
    at _next (C:\Users\SHREEKANT\Desktop\Node_Projects\fundoo-app\node_modules\@babel\runtime\helpers\asyncToGenerator.js:22:9)
    at C:\Users\SHREEKANT\Desktop\Node_Projects\fundoo-app\node_modules\@babel\runtime\helpers\asyncToGenerator.js:27:7
    at new Promise (<anonymous>)
    at C:\Users\SHREEKANT\Desktop\Node_Projects\fundoo-app\node_modules\@babel\runtime\helpers\asyncToGenerator.js:19:12
    at userAuth (C:\Users\SHREEKANT\Desktop\Node_Projects\fundoo-app\src\middlewares\/auth.middleware.js:12:22)
    at Layer.handle [as handle_request] (C:\Users\SHREEKANT\Desktop\Node_Projects\fundoo-app\node_modules\express\lib\router\layer.js:95:5)
    at next (C:\Users\SHREEKANT\Desktop\Node_Projects\fundoo-app\node_modules\express\lib\router\route.js:144:13)
    at Route.dispatch (C:\Users\SHREEKANT\Desktop\Node_Projects\fundoo-app\node_modules\express\lib\router\route.js:114:3)
    at Layer.handle [as handle_request] (C:\Users\SHREEKANT\Desktop\Node_Projects\fundoo-app\node_modules\express\lib\router\layer.js:95:5)
    at C:\Users\SHREEKANT\Desktop\Node_Projects\fundoo-app\node_modules\express\lib\router\index.js:284:15
    at Function.process_params (C:\Users\SHREEKANT\Desktop\Node_Projects\fundoo-app\node_modules\express\lib\router\index.js:346:12)
    at next (C:\Users\SHREEKANT\Desktop\Node_Projects\fundoo-app\node_modules\express\lib\router\index.js:280:10)
    at Function.handle (C:\Users\SHREEKANT\Desktop\Node_Projects\fundoo-app\node_modules\express\lib\router\index.js:175:3)
    at router (C:\Users\SHREEKANT\Desktop\Node_Projects\fundoo-app\node_modules\express\lib\router\index.js:47:12)
    at Layer.handle [as handle_request] (C:\Users\SHREEKANT\Desktop\Node_Projects\fundoo-app\node_modules\express\lib\router\layer.js:95:5)
    at trim_prefix (C:\Users\SHREEKANT\Desktop\Node_Projects\fundoo-app\node_modules\express\lib\router\index.js:328:13)
    at C:\Users\SHREEKANT\Desktop\Node_Projects\fundoo-app\node_modules\express\lib\router\index.js:286:9
    at Function.process_params (C:\Users\SHREEKANT\Desktop\Node_Projects\fundoo-app\node_modules\express\lib\router\index.js:346:12)
    at next (C:\Users\SHREEKANT\Desktop\Node_Projects\fundoo-app\node_modules\express\lib\router\index.js:280:10)
    at Function.handle (C:\Users\SHREEKANT\Desktop\Node_Projects\fundoo-app\node_modules\express\lib\router\index.js:175:3)
    at router (C:\Users\SHREEKANT\Desktop\Node_Projects\fundoo-app\node_modules\express\lib\router\index.js:47:12)
    at Layer.handle [as handle_request] (C:\Users\SHREEKANT\Desktop\Node_Projects\fundoo-app\node_modules\express\lib\router\layer.js:95:5)
    at trim_prefix (C:\Users\SHREEKANT\Desktop\Node_Projects\fundoo-app\node_modules\express\lib\router\index.js:328:13)
    at C:\Users\SHREEKANT\Desktop\Node_Projects\fundoo-app\node_modules\express\lib\router\index.js:286:9
    at Function.process_params (C:\Users\SHREEKANT\Desktop\Node_Projects\fundoo-app\node_modules\express\lib\router\index.js:346:12)
    at next (C:\Users\SHREEKANT\Desktop\Node_Projects\fundoo-app\node_modules\express\lib\router\index.js:280:10)
    at logger (C:\Users\SHREEKANT\Desktop\Node_Projects\fundoo-app\node_modules\morgan\index.js:144:5)
    at Layer.handle [as handle_request] (C:\Users\SHREEKANT\Desktop\Node_Projects\fundoo-app\node_modules\express\lib\router\layer.js:95:5)
    at trim_prefix (C:\Users\SHREEKANT\Desktop\Node_Projects\fundoo-app\node_modules\express\lib\router\index.js:328:13)
    at C:\Users\SHREEKANT\Desktop\Node_Projects\fundoo-app\node_modules\express\lib\router\index.js:286:9
    at Function.process_params (C:\Users\SHREEKANT\Desktop\Node_Projects\fundoo-app\node_modules\express\lib\router\index.js:346:12)
    at next (C:\Users\SHREEKANT\Desktop\Node_Projects\fundoo-app\node_modules\express\lib\router\index.js:280:10)
    at C:\Users\SHREEKANT\Desktop\Node_Projects\fundoo-app\node_modules\body-parser\lib\read.js:137:5
    at AsyncResource.runInAsyncScope (node:async_hooks:202:9)
    at invokeCallback (C:\Users\SHREEKANT\Desktop\Node_Projects\fundoo-app\node_modules\raw-body\index.js:231:16)
    at done (C:\Users\SHREEKANT\Desktop\Node_Projects\fundoo-app\node_modules\raw-body\index.js:220:7)
    at IncomingMessage.onEnd (C:\Users\SHREEKANT\Desktop\Node_Projects\fundoo-app\node_modules\raw-body\index.js:280:7)
    at IncomingMessage.emit (node:events:539:35)
    at IncomingMessage.emit (node:domain:475:12)
    at endReadableNT (node:internal/streams/readable:1345:12)
    at processTicksAndRejections (node:internal/process/task_queues:83:21) 
    url - /api/v1/users/login 
    method - POST 
    IP - ::1
   {"timestamp":"2023-02-20T06:55:26.297Z"}
info: Server started at http://localhost:3000/api/v1/ {"timestamp":"2023-02-20T06:56:04.620Z"}
info: Connected to the database. {"timestamp":"2023-02-20T06:56:04.680Z"}
info: Server started at http://localhost:3000/api/v1/ {"timestamp":"2023-02-20T06:58:23.938Z"}
info: Connected to the database. {"timestamp":"2023-02-20T06:58:23.978Z"}
error: 
      status - 400
      message - Authorization token is required 
      url - /api/v1/users/login 
      method - POST 
      IP - ::1
     {"timestamp":"2023-02-20T06:59:42.565Z"}
info: Server started at http://localhost:3000/api/v1/ {"timestamp":"2023-02-20T07:01:25.660Z"}
info: Connected to the database. {"timestamp":"2023-02-20T07:01:25.716Z"}
info: Server started at http://localhost:3000/api/v1/ {"timestamp":"2023-02-20T07:02:53.870Z"}
info: Connected to the database. {"timestamp":"2023-02-20T07:02:53.936Z"}
info: Server started at http://localhost:3000/api/v1/ {"timestamp":"2023-02-20T07:03:34.623Z"}
info: Connected to the database. {"timestamp":"2023-02-20T07:03:34.672Z"}
info: Server started at http://localhost:3000/api/v1/ {"timestamp":"2023-02-20T07:04:26.133Z"}
info: Connected to the database. {"timestamp":"2023-02-20T07:04:26.169Z"}
info: Server started at http://localhost:3000/api/v1/ {"timestamp":"2023-02-20T07:09:44.581Z"}
info: Connected to the database. {"timestamp":"2023-02-20T07:09:44.650Z"}
info: Server started at http://localhost:3000/api/v1/ {"timestamp":"2023-02-20T07:14:03.090Z"}
info: Connected to the database. {"timestamp":"2023-02-20T07:14:03.154Z"}
info: Server started at http://localhost:3000/api/v1/ {"timestamp":"2023-02-20T07:15:02.079Z"}
info: Connected to the database. {"timestamp":"2023-02-20T07:15:02.149Z"}
info: Server started at http://localhost:3000/api/v1/ {"timestamp":"2023-02-20T07:16:03.186Z"}
info: Connected to the database. {"timestamp":"2023-02-20T07:16:03.251Z"}
info: Server started at http://localhost:3000/api/v1/ {"timestamp":"2023-02-20T07:16:49.299Z"}
info: Connected to the database. {"timestamp":"2023-02-20T07:16:49.332Z"}
error: 
    status - 500 
    message - JsonWebTokenError: jwt must be provided
    at Object.verify (C:\Users\SHREEKANT\Desktop\Node_Projects\fundoo-app\node_modules\jsonwebtoken\verify.js:53:17)
    at _callee$ (C:\Users\SHREEKANT\Desktop\Node_Projects\fundoo-app\src\middlewares\/auth.middleware.js:23:32)
    at tryCatch (C:\Users\SHREEKANT\Desktop\Node_Projects\fundoo-app\node_modules\@babel\runtime\helpers\regeneratorRuntime.js:44:17)
    at Generator.<anonymous> (C:\Users\SHREEKANT\Desktop\Node_Projects\fundoo-app\node_modules\@babel\runtime\helpers\regeneratorRuntime.js:125:22)
    at Generator.next (C:\Users\SHREEKANT\Desktop\Node_Projects\fundoo-app\node_modules\@babel\runtime\helpers\regeneratorRuntime.js:69:21)
    at asyncGeneratorStep (C:\Users\SHREEKANT\Desktop\Node_Projects\fundoo-app\node_modules\@babel\runtime\helpers\asyncToGenerator.js:3:24)
    at _next (C:\Users\SHREEKANT\Desktop\Node_Projects\fundoo-app\node_modules\@babel\runtime\helpers\asyncToGenerator.js:22:9)
    at C:\Users\SHREEKANT\Desktop\Node_Projects\fundoo-app\node_modules\@babel\runtime\helpers\asyncToGenerator.js:27:7
    at new Promise (<anonymous>)
    at C:\Users\SHREEKANT\Desktop\Node_Projects\fundoo-app\node_modules\@babel\runtime\helpers\asyncToGenerator.js:19:12
    at userAuth (C:\Users\SHREEKANT\Desktop\Node_Projects\fundoo-app\src\middlewares\/auth.middleware.js:12:22)
    at Layer.handle [as handle_request] (C:\Users\SHREEKANT\Desktop\Node_Projects\fundoo-app\node_modules\express\lib\router\layer.js:95:5)
    at next (C:\Users\SHREEKANT\Desktop\Node_Projects\fundoo-app\node_modules\express\lib\router\route.js:144:13)
    at Route.dispatch (C:\Users\SHREEKANT\Desktop\Node_Projects\fundoo-app\node_modules\express\lib\router\route.js:114:3)
    at Layer.handle [as handle_request] (C:\Users\SHREEKANT\Desktop\Node_Projects\fundoo-app\node_modules\express\lib\router\layer.js:95:5)
    at C:\Users\SHREEKANT\Desktop\Node_Projects\fundoo-app\node_modules\express\lib\router\index.js:284:15
    at Function.process_params (C:\Users\SHREEKANT\Desktop\Node_Projects\fundoo-app\node_modules\express\lib\router\index.js:346:12)
    at next (C:\Users\SHREEKANT\Desktop\Node_Projects\fundoo-app\node_modules\express\lib\router\index.js:280:10)
    at Function.handle (C:\Users\SHREEKANT\Desktop\Node_Projects\fundoo-app\node_modules\express\lib\router\index.js:175:3)
    at router (C:\Users\SHREEKANT\Desktop\Node_Projects\fundoo-app\node_modules\express\lib\router\index.js:47:12)
    at Layer.handle [as handle_request] (C:\Users\SHREEKANT\Desktop\Node_Projects\fundoo-app\node_modules\express\lib\router\layer.js:95:5)
    at trim_prefix (C:\Users\SHREEKANT\Desktop\Node_Projects\fundoo-app\node_modules\express\lib\router\index.js:328:13)
    at C:\Users\SHREEKANT\Desktop\Node_Projects\fundoo-app\node_modules\express\lib\router\index.js:286:9
    at Function.process_params (C:\Users\SHREEKANT\Desktop\Node_Projects\fundoo-app\node_modules\express\lib\router\index.js:346:12)
    at next (C:\Users\SHREEKANT\Desktop\Node_Projects\fundoo-app\node_modules\express\lib\router\index.js:280:10)
    at Function.handle (C:\Users\SHREEKANT\Desktop\Node_Projects\fundoo-app\node_modules\express\lib\router\index.js:175:3)
    at router (C:\Users\SHREEKANT\Desktop\Node_Projects\fundoo-app\node_modules\express\lib\router\index.js:47:12)
    at Layer.handle [as handle_request] (C:\Users\SHREEKANT\Desktop\Node_Projects\fundoo-app\node_modules\express\lib\router\layer.js:95:5)
    at trim_prefix (C:\Users\SHREEKANT\Desktop\Node_Projects\fundoo-app\node_modules\express\lib\router\index.js:328:13)
    at C:\Users\SHREEKANT\Desktop\Node_Projects\fundoo-app\node_modules\express\lib\router\index.js:286:9
    at Function.process_params (C:\Users\SHREEKANT\Desktop\Node_Projects\fundoo-app\node_modules\express\lib\router\index.js:346:12)
    at next (C:\Users\SHREEKANT\Desktop\Node_Projects\fundoo-app\node_modules\express\lib\router\index.js:280:10)
    at logger (C:\Users\SHREEKANT\Desktop\Node_Projects\fundoo-app\node_modules\morgan\index.js:144:5)
    at Layer.handle [as handle_request] (C:\Users\SHREEKANT\Desktop\Node_Projects\fundoo-app\node_modules\express\lib\router\layer.js:95:5)
    at trim_prefix (C:\Users\SHREEKANT\Desktop\Node_Projects\fundoo-app\node_modules\express\lib\router\index.js:328:13)
    at C:\Users\SHREEKANT\Desktop\Node_Projects\fundoo-app\node_modules\express\lib\router\index.js:286:9
    at Function.process_params (C:\Users\SHREEKANT\Desktop\Node_Projects\fundoo-app\node_modules\express\lib\router\index.js:346:12)
    at next (C:\Users\SHREEKANT\Desktop\Node_Projects\fundoo-app\node_modules\express\lib\router\index.js:280:10)
    at C:\Users\SHREEKANT\Desktop\Node_Projects\fundoo-app\node_modules\body-parser\lib\read.js:137:5
    at AsyncResource.runInAsyncScope (node:async_hooks:202:9)
    at invokeCallback (C:\Users\SHREEKANT\Desktop\Node_Projects\fundoo-app\node_modules\raw-body\index.js:231:16)
    at done (C:\Users\SHREEKANT\Desktop\Node_Projects\fundoo-app\node_modules\raw-body\index.js:220:7)
    at IncomingMessage.onEnd (C:\Users\SHREEKANT\Desktop\Node_Projects\fundoo-app\node_modules\raw-body\index.js:280:7)
    at IncomingMessage.emit (node:events:539:35)
    at IncomingMessage.emit (node:domain:475:12)
    at endReadableNT (node:internal/streams/readable:1345:12)
    at processTicksAndRejections (node:internal/process/task_queues:83:21) 
    url - /api/v1/users/login 
    method - POST 
    IP - ::1
   {"timestamp":"2023-02-20T07:17:59.562Z"}
error: 
    status - 500 
    message - JsonWebTokenError: jwt must be provided
    at Object.verify (C:\Users\SHREEKANT\Desktop\Node_Projects\fundoo-app\node_modules\jsonwebtoken\verify.js:53:17)
    at _callee$ (C:\Users\SHREEKANT\Desktop\Node_Projects\fundoo-app\src\middlewares\/auth.middleware.js:23:32)
    at tryCatch (C:\Users\SHREEKANT\Desktop\Node_Projects\fundoo-app\node_modules\@babel\runtime\helpers\regeneratorRuntime.js:44:17)
    at Generator.<anonymous> (C:\Users\SHREEKANT\Desktop\Node_Projects\fundoo-app\node_modules\@babel\runtime\helpers\regeneratorRuntime.js:125:22)
    at Generator.next (C:\Users\SHREEKANT\Desktop\Node_Projects\fundoo-app\node_modules\@babel\runtime\helpers\regeneratorRuntime.js:69:21)
    at asyncGeneratorStep (C:\Users\SHREEKANT\Desktop\Node_Projects\fundoo-app\node_modules\@babel\runtime\helpers\asyncToGenerator.js:3:24)
    at _next (C:\Users\SHREEKANT\Desktop\Node_Projects\fundoo-app\node_modules\@babel\runtime\helpers\asyncToGenerator.js:22:9)
    at C:\Users\SHREEKANT\Desktop\Node_Projects\fundoo-app\node_modules\@babel\runtime\helpers\asyncToGenerator.js:27:7
    at new Promise (<anonymous>)
    at C:\Users\SHREEKANT\Desktop\Node_Projects\fundoo-app\node_modules\@babel\runtime\helpers\asyncToGenerator.js:19:12
    at userAuth (C:\Users\SHREEKANT\Desktop\Node_Projects\fundoo-app\src\middlewares\/auth.middleware.js:12:22)
    at Layer.handle [as handle_request] (C:\Users\SHREEKANT\Desktop\Node_Projects\fundoo-app\node_modules\express\lib\router\layer.js:95:5)
    at next (C:\Users\SHREEKANT\Desktop\Node_Projects\fundoo-app\node_modules\express\lib\router\route.js:144:13)
    at Route.dispatch (C:\Users\SHREEKANT\Desktop\Node_Projects\fundoo-app\node_modules\express\lib\router\route.js:114:3)
    at Layer.handle [as handle_request] (C:\Users\SHREEKANT\Desktop\Node_Projects\fundoo-app\node_modules\express\lib\router\layer.js:95:5)
    at C:\Users\SHREEKANT\Desktop\Node_Projects\fundoo-app\node_modules\express\lib\router\index.js:284:15
    at Function.process_params (C:\Users\SHREEKANT\Desktop\Node_Projects\fundoo-app\node_modules\express\lib\router\index.js:346:12)
    at next (C:\Users\SHREEKANT\Desktop\Node_Projects\fundoo-app\node_modules\express\lib\router\index.js:280:10)
    at Function.handle (C:\Users\SHREEKANT\Desktop\Node_Projects\fundoo-app\node_modules\express\lib\router\index.js:175:3)
    at router (C:\Users\SHREEKANT\Desktop\Node_Projects\fundoo-app\node_modules\express\lib\router\index.js:47:12)
    at Layer.handle [as handle_request] (C:\Users\SHREEKANT\Desktop\Node_Projects\fundoo-app\node_modules\express\lib\router\layer.js:95:5)
    at trim_prefix (C:\Users\SHREEKANT\Desktop\Node_Projects\fundoo-app\node_modules\express\lib\router\index.js:328:13)
    at C:\Users\SHREEKANT\Desktop\Node_Projects\fundoo-app\node_modules\express\lib\router\index.js:286:9
    at Function.process_params (C:\Users\SHREEKANT\Desktop\Node_Projects\fundoo-app\node_modules\express\lib\router\index.js:346:12)
    at next (C:\Users\SHREEKANT\Desktop\Node_Projects\fundoo-app\node_modules\express\lib\router\index.js:280:10)
    at Function.handle (C:\Users\SHREEKANT\Desktop\Node_Projects\fundoo-app\node_modules\express\lib\router\index.js:175:3)
    at router (C:\Users\SHREEKANT\Desktop\Node_Projects\fundoo-app\node_modules\express\lib\router\index.js:47:12)
    at Layer.handle [as handle_request] (C:\Users\SHREEKANT\Desktop\Node_Projects\fundoo-app\node_modules\express\lib\router\layer.js:95:5)
    at trim_prefix (C:\Users\SHREEKANT\Desktop\Node_Projects\fundoo-app\node_modules\express\lib\router\index.js:328:13)
    at C:\Users\SHREEKANT\Desktop\Node_Projects\fundoo-app\node_modules\express\lib\router\index.js:286:9
    at Function.process_params (C:\Users\SHREEKANT\Desktop\Node_Projects\fundoo-app\node_modules\express\lib\router\index.js:346:12)
    at next (C:\Users\SHREEKANT\Desktop\Node_Projects\fundoo-app\node_modules\express\lib\router\index.js:280:10)
    at logger (C:\Users\SHREEKANT\Desktop\Node_Projects\fundoo-app\node_modules\morgan\index.js:144:5)
    at Layer.handle [as handle_request] (C:\Users\SHREEKANT\Desktop\Node_Projects\fundoo-app\node_modules\express\lib\router\layer.js:95:5)
    at trim_prefix (C:\Users\SHREEKANT\Desktop\Node_Projects\fundoo-app\node_modules\express\lib\router\index.js:328:13)
    at C:\Users\SHREEKANT\Desktop\Node_Projects\fundoo-app\node_modules\express\lib\router\index.js:286:9
    at Function.process_params (C:\Users\SHREEKANT\Desktop\Node_Projects\fundoo-app\node_modules\express\lib\router\index.js:346:12)
    at next (C:\Users\SHREEKANT\Desktop\Node_Projects\fundoo-app\node_modules\express\lib\router\index.js:280:10)
    at C:\Users\SHREEKANT\Desktop\Node_Projects\fundoo-app\node_modules\body-parser\lib\read.js:137:5
    at AsyncResource.runInAsyncScope (node:async_hooks:202:9)
    at invokeCallback (C:\Users\SHREEKANT\Desktop\Node_Projects\fundoo-app\node_modules\raw-body\index.js:231:16)
    at done (C:\Users\SHREEKANT\Desktop\Node_Projects\fundoo-app\node_modules\raw-body\index.js:220:7)
    at IncomingMessage.onEnd (C:\Users\SHREEKANT\Desktop\Node_Projects\fundoo-app\node_modules\raw-body\index.js:280:7)
    at IncomingMessage.emit (node:events:539:35)
    at IncomingMessage.emit (node:domain:475:12)
    at endReadableNT (node:internal/streams/readable:1345:12)
    at processTicksAndRejections (node:internal/process/task_queues:83:21) 
    url - /api/v1/users/login 
    method - POST 
    IP - ::1
   {"timestamp":"2023-02-20T07:18:54.707Z"}
info: Server started at http://localhost:3000/api/v1/ {"timestamp":"2023-02-20T07:20:13.102Z"}
info: Connected to the database. {"timestamp":"2023-02-20T07:20:13.149Z"}
info: Server started at http://localhost:3000/api/v1/ {"timestamp":"2023-02-20T07:36:31.552Z"}
info: Connected to the database. {"timestamp":"2023-02-20T07:36:31.584Z"}
info: Server started at http://localhost:3000/api/v1/ {"timestamp":"2023-02-20T07:42:09.870Z"}
info: Connected to the database. {"timestamp":"2023-02-20T07:42:09.920Z"}
info: Server started at http://localhost:3000/api/v1/ {"timestamp":"2023-02-20T07:43:09.141Z"}
info: Connected to the database. {"timestamp":"2023-02-20T07:43:09.193Z"}
info: Server started at http://localhost:3000/api/v1/ {"timestamp":"2023-02-20T07:45:15.796Z"}
info: Connected to the database. {"timestamp":"2023-02-20T07:45:15.843Z"}
info: Server started at http://localhost:3000/api/v1/ {"timestamp":"2023-02-20T07:46:03.672Z"}
info: Connected to the database. {"timestamp":"2023-02-20T07:46:03.728Z"}
info: Server started at http://localhost:3000/api/v1/ {"timestamp":"2023-02-20T07:46:52.251Z"}
info: Connected to the database. {"timestamp":"2023-02-20T07:46:52.290Z"}
info: Server started at http://localhost:3000/api/v1/ {"timestamp":"2023-02-20T07:47:15.737Z"}
info: Connected to the database. {"timestamp":"2023-02-20T07:47:15.799Z"}
info: Server started at http://localhost:3000/api/v1/ {"timestamp":"2023-02-20T07:47:44.843Z"}
info: Connected to the database. {"timestamp":"2023-02-20T07:47:44.880Z"}
info: Server started at http://localhost:3000/api/v1/ {"timestamp":"2023-02-20T07:49:22.024Z"}
info: Connected to the database. {"timestamp":"2023-02-20T07:49:22.063Z"}
info: Server started at http://localhost:3000/api/v1/ {"timestamp":"2023-02-20T07:50:41.002Z"}
info: Connected to the database. {"timestamp":"2023-02-20T07:50:41.055Z"}
info: Server started at http://localhost:3000/api/v1/ {"timestamp":"2023-02-20T07:51:26.309Z"}
info: Connected to the database. {"timestamp":"2023-02-20T07:51:26.353Z"}
info: Server started at http://localhost:3000/api/v1/ {"timestamp":"2023-02-20T07:52:35.938Z"}
info: Connected to the database. {"timestamp":"2023-02-20T07:52:35.980Z"}
info: Server started at http://localhost:3000/api/v1/ {"timestamp":"2023-02-20T07:53:11.860Z"}
info: Connected to the database. {"timestamp":"2023-02-20T07:53:11.911Z"}
info: Server started at http://localhost:3000/api/v1/ {"timestamp":"2023-02-20T07:53:36.473Z"}
info: Connected to the database. {"timestamp":"2023-02-20T07:53:36.506Z"}
info: Server started at http://localhost:3000/api/v1/ {"timestamp":"2023-02-20T07:55:06.969Z"}
info: Connected to the database. {"timestamp":"2023-02-20T07:55:07.015Z"}
info: Server started at http://localhost:3000/api/v1/ {"timestamp":"2023-02-20T07:55:56.008Z"}
info: Connected to the database. {"timestamp":"2023-02-20T07:55:56.061Z"}
info: Server started at http://localhost:3000/api/v1/ {"timestamp":"2023-02-20T07:57:57.189Z"}
info: Connected to the database. {"timestamp":"2023-02-20T07:57:57.228Z"}
info: Server started at http://localhost:3000/api/v1/ {"timestamp":"2023-02-20T08:37:59.325Z"}
info: Connected to the database. {"timestamp":"2023-02-20T08:37:59.360Z"}
error: 
      status - 400
      message - Authorization token is required 
      url - /api/v1/notes 
      method - POST 
      IP - ::1
     {"timestamp":"2023-02-20T08:40:02.546Z"}
info: Server started at http://localhost:3000/api/v1/ {"timestamp":"2023-02-20T08:41:41.033Z"}
info: Connected to the database. {"timestamp":"2023-02-20T08:41:41.080Z"}
info: Server started at http://localhost:3000/api/v1/ {"timestamp":"2023-02-20T08:42:28.575Z"}
info: Connected to the database. {"timestamp":"2023-02-20T08:42:28.618Z"}
info: Server started at http://localhost:3000/api/v1/ {"timestamp":"2023-02-20T08:42:54.963Z"}
info: Connected to the database. {"timestamp":"2023-02-20T08:42:55.008Z"}
info: Server started at http://localhost:3000/api/v1/ {"timestamp":"2023-02-20T08:46:39.385Z"}
info: Connected to the database. {"timestamp":"2023-02-20T08:46:39.422Z"}
info: Server started at http://localhost:3000/api/v1/ {"timestamp":"2023-02-20T08:47:17.258Z"}
info: Connected to the database. {"timestamp":"2023-02-20T08:47:17.295Z"}
info: Server started at http://localhost:3000/api/v1/ {"timestamp":"2023-02-20T08:55:08.373Z"}
info: Connected to the database. {"timestamp":"2023-02-20T08:55:08.413Z"}
info: Server started at http://localhost:3000/api/v1/ {"timestamp":"2023-02-20T08:58:31.391Z"}
info: Connected to the database. {"timestamp":"2023-02-20T08:58:31.425Z"}
info: Server started at http://localhost:3000/api/v1/ {"timestamp":"2023-02-20T09:00:05.359Z"}
info: Connected to the database. {"timestamp":"2023-02-20T09:00:05.399Z"}
info: Server started at http://localhost:3000/api/v1/ {"timestamp":"2023-02-20T09:11:21.933Z"}
info: Connected to the database. {"timestamp":"2023-02-20T09:11:21.969Z"}
info: Server started at http://localhost:3000/api/v1/ {"timestamp":"2023-02-20T10:16:09.803Z"}
info: Connected to the database. {"timestamp":"2023-02-20T10:16:09.878Z"}
error: 
    status - 500 
    message - JsonWebTokenError: invalid token
    at Object.verify (C:\Users\SHREEKANT\Desktop\Node_Projects\fundoo-app\node_modules\jsonwebtoken\verify.js:75:17)
    at _callee$ (C:\Users\SHREEKANT\Desktop\Node_Projects\fundoo-app\src\middlewares\/auth.middleware.js:23:32)
    at tryCatch (C:\Users\SHREEKANT\Desktop\Node_Projects\fundoo-app\node_modules\@babel\runtime\helpers\regeneratorRuntime.js:44:17)
    at Generator.<anonymous> (C:\Users\SHREEKANT\Desktop\Node_Projects\fundoo-app\node_modules\@babel\runtime\helpers\regeneratorRuntime.js:125:22)
    at Generator.next (C:\Users\SHREEKANT\Desktop\Node_Projects\fundoo-app\node_modules\@babel\runtime\helpers\regeneratorRuntime.js:69:21)
    at asyncGeneratorStep (C:\Users\SHREEKANT\Desktop\Node_Projects\fundoo-app\node_modules\@babel\runtime\helpers\asyncToGenerator.js:3:24)
    at _next (C:\Users\SHREEKANT\Desktop\Node_Projects\fundoo-app\node_modules\@babel\runtime\helpers\asyncToGenerator.js:22:9)
    at C:\Users\SHREEKANT\Desktop\Node_Projects\fundoo-app\node_modules\@babel\runtime\helpers\asyncToGenerator.js:27:7
    at new Promise (<anonymous>)
    at C:\Users\SHREEKANT\Desktop\Node_Projects\fundoo-app\node_modules\@babel\runtime\helpers\asyncToGenerator.js:19:12
    at userAuth (C:\Users\SHREEKANT\Desktop\Node_Projects\fundoo-app\src\middlewares\/auth.middleware.js:12:22)
    at Layer.handle [as handle_request] (C:\Users\SHREEKANT\Desktop\Node_Projects\fundoo-app\node_modules\express\lib\router\layer.js:95:5)
    at next (C:\Users\SHREEKANT\Desktop\Node_Projects\fundoo-app\node_modules\express\lib\router\route.js:144:13)
    at Route.dispatch (C:\Users\SHREEKANT\Desktop\Node_Projects\fundoo-app\node_modules\express\lib\router\route.js:114:3)
    at Layer.handle [as handle_request] (C:\Users\SHREEKANT\Desktop\Node_Projects\fundoo-app\node_modules\express\lib\router\layer.js:95:5)
    at C:\Users\SHREEKANT\Desktop\Node_Projects\fundoo-app\node_modules\express\lib\router\index.js:284:15
    at param (C:\Users\SHREEKANT\Desktop\Node_Projects\fundoo-app\node_modules\express\lib\router\index.js:365:14)
    at param (C:\Users\SHREEKANT\Desktop\Node_Projects\fundoo-app\node_modules\express\lib\router\index.js:376:14)
    at Function.process_params (C:\Users\SHREEKANT\Desktop\Node_Projects\fundoo-app\node_modules\express\lib\router\index.js:421:3)
    at next (C:\Users\SHREEKANT\Desktop\Node_Projects\fundoo-app\node_modules\express\lib\router\index.js:280:10)
    at Function.handle (C:\Users\SHREEKANT\Desktop\Node_Projects\fundoo-app\node_modules\express\lib\router\index.js:175:3)
    at router (C:\Users\SHREEKANT\Desktop\Node_Projects\fundoo-app\node_modules\express\lib\router\index.js:47:12)
    at Layer.handle [as handle_request] (C:\Users\SHREEKANT\Desktop\Node_Projects\fundoo-app\node_modules\express\lib\router\layer.js:95:5)
    at trim_prefix (C:\Users\SHREEKANT\Desktop\Node_Projects\fundoo-app\node_modules\express\lib\router\index.js:328:13)
    at C:\Users\SHREEKANT\Desktop\Node_Projects\fundoo-app\node_modules\express\lib\router\index.js:286:9
    at Function.process_params (C:\Users\SHREEKANT\Desktop\Node_Projects\fundoo-app\node_modules\express\lib\router\index.js:346:12)
    at next (C:\Users\SHREEKANT\Desktop\Node_Projects\fundoo-app\node_modules\express\lib\router\index.js:280:10)
    at Function.handle (C:\Users\SHREEKANT\Desktop\Node_Projects\fundoo-app\node_modules\express\lib\router\index.js:175:3)
    at router (C:\Users\SHREEKANT\Desktop\Node_Projects\fundoo-app\node_modules\express\lib\router\index.js:47:12)
    at Layer.handle [as handle_request] (C:\Users\SHREEKANT\Desktop\Node_Projects\fundoo-app\node_modules\express\lib\router\layer.js:95:5)
    at trim_prefix (C:\Users\SHREEKANT\Desktop\Node_Projects\fundoo-app\node_modules\express\lib\router\index.js:328:13)
    at C:\Users\SHREEKANT\Desktop\Node_Projects\fundoo-app\node_modules\express\lib\router\index.js:286:9
    at Function.process_params (C:\Users\SHREEKANT\Desktop\Node_Projects\fundoo-app\node_modules\express\lib\router\index.js:346:12)
    at next (C:\Users\SHREEKANT\Desktop\Node_Projects\fundoo-app\node_modules\express\lib\router\index.js:280:10)
    at logger (C:\Users\SHREEKANT\Desktop\Node_Projects\fundoo-app\node_modules\morgan\index.js:144:5)
    at Layer.handle [as handle_request] (C:\Users\SHREEKANT\Desktop\Node_Projects\fundoo-app\node_modules\express\lib\router\layer.js:95:5)
    at trim_prefix (C:\Users\SHREEKANT\Desktop\Node_Projects\fundoo-app\node_modules\express\lib\router\index.js:328:13)
    at C:\Users\SHREEKANT\Desktop\Node_Projects\fundoo-app\node_modules\express\lib\router\index.js:286:9
    at Function.process_params (C:\Users\SHREEKANT\Desktop\Node_Projects\fundoo-app\node_modules\express\lib\router\index.js:346:12)
    at next (C:\Users\SHREEKANT\Desktop\Node_Projects\fundoo-app\node_modules\express\lib\router\index.js:280:10)
    at jsonParser (C:\Users\SHREEKANT\Desktop\Node_Projects\fundoo-app\node_modules\body-parser\lib\types\json.js:110:7)
    at Layer.handle [as handle_request] (C:\Users\SHREEKANT\Desktop\Node_Projects\fundoo-app\node_modules\express\lib\router\layer.js:95:5)
    at trim_prefix (C:\Users\SHREEKANT\Desktop\Node_Projects\fundoo-app\node_modules\express\lib\router\index.js:328:13)
    at C:\Users\SHREEKANT\Desktop\Node_Projects\fundoo-app\node_modules\express\lib\router\index.js:286:9
    at Function.process_params (C:\Users\SHREEKANT\Desktop\Node_Projects\fundoo-app\node_modules\express\lib\router\index.js:346:12)
    at next (C:\Users\SHREEKANT\Desktop\Node_Projects\fundoo-app\node_modules\express\lib\router\index.js:280:10)
    at urlencodedParser (C:\Users\SHREEKANT\Desktop\Node_Projects\fundoo-app\node_modules\body-parser\lib\types\urlencoded.js:91:7)
    at Layer.handle [as handle_request] (C:\Users\SHREEKANT\Desktop\Node_Projects\fundoo-app\node_modules\express\lib\router\layer.js:95:5)
    at trim_prefix (C:\Users\SHREEKANT\Desktop\Node_Projects\fundoo-app\node_modules\express\lib\router\index.js:328:13)
    at C:\Users\SHREEKANT\Desktop\Node_Projects\fundoo-app\node_modules\express\lib\router\index.js:286:9 
    url - /api/v1/notes/63f33207e8e674013cbbeeb9 
    method - GET 
    IP - ::1
   {"timestamp":"2023-02-20T10:16:32.988Z"}
info: Server started at http://localhost:3000/api/v1/ {"timestamp":"2023-02-20T10:21:12.884Z"}
info: Connected to the database. {"timestamp":"2023-02-20T10:21:12.939Z"}
info: Server started at http://localhost:3000/api/v1/ {"timestamp":"2023-02-20T10:21:51.793Z"}
info: Connected to the database. {"timestamp":"2023-02-20T10:21:51.837Z"}
info: Server started at http://localhost:3000/api/v1/ {"timestamp":"2023-02-20T10:24:33.355Z"}
info: Connected to the database. {"timestamp":"2023-02-20T10:24:33.394Z"}
info: Server started at http://localhost:3000/api/v1/ {"timestamp":"2023-02-20T10:25:09.603Z"}
info: Connected to the database. {"timestamp":"2023-02-20T10:25:09.668Z"}
info: Server started at http://localhost:3000/api/v1/ {"timestamp":"2023-02-20T10:26:20.250Z"}
info: Connected to the database. {"timestamp":"2023-02-20T10:26:20.287Z"}
info: Server started at http://localhost:3000/api/v1/ {"timestamp":"2023-02-20T10:26:31.024Z"}
info: Connected to the database. {"timestamp":"2023-02-20T10:26:31.055Z"}
info: Server started at http://localhost:3000/api/v1/ {"timestamp":"2023-02-20T10:28:03.134Z"}
info: Connected to the database. {"timestamp":"2023-02-20T10:28:03.198Z"}
info: Server started at http://localhost:3000/api/v1/ {"timestamp":"2023-02-20T10:28:57.872Z"}
info: Connected to the database. {"timestamp":"2023-02-20T10:28:57.916Z"}
info: Server started at http://localhost:3000/api/v1/ {"timestamp":"2023-02-20T10:33:07.284Z"}
info: Connected to the database. {"timestamp":"2023-02-20T10:33:07.327Z"}
info: Server started at http://localhost:3000/api/v1/ {"timestamp":"2023-02-20T10:34:48.728Z"}
info: Connected to the database. {"timestamp":"2023-02-20T10:34:48.779Z"}
info: Server started at http://localhost:3000/api/v1/ {"timestamp":"2023-02-20T10:35:20.415Z"}
info: Connected to the database. {"timestamp":"2023-02-20T10:35:20.458Z"}
info: Server started at http://localhost:3000/api/v1/ {"timestamp":"2023-02-20T10:36:45.486Z"}
info: Connected to the database. {"timestamp":"2023-02-20T10:36:45.528Z"}
info: Server started at http://localhost:3000/api/v1/ {"timestamp":"2023-02-20T10:39:29.767Z"}
info: Connected to the database. {"timestamp":"2023-02-20T10:39:29.825Z"}
info: Server started at http://localhost:3000/api/v1/ {"timestamp":"2023-02-20T10:41:43.303Z"}
info: Connected to the database. {"timestamp":"2023-02-20T10:41:43.336Z"}
info: Server started at http://localhost:3000/api/v1/ {"timestamp":"2023-02-20T10:46:03.749Z"}
info: Connected to the database. {"timestamp":"2023-02-20T10:46:03.805Z"}
info: Server started at http://localhost:3000/api/v1/ {"timestamp":"2023-02-20T10:59:03.563Z"}
info: Connected to the database. {"timestamp":"2023-02-20T10:59:03.601Z"}
info: Server started at http://localhost:3000/api/v1/ {"timestamp":"2023-02-20T11:04:28.882Z"}
info: Connected to the database. {"timestamp":"2023-02-20T11:04:28.926Z"}
info: Server started at http://localhost:3000/api/v1/ {"timestamp":"2023-02-20T11:05:55.073Z"}
info: Connected to the database. {"timestamp":"2023-02-20T11:05:55.144Z"}
info: Server started at http://localhost:3000/api/v1/ {"timestamp":"2023-02-20T11:07:25.945Z"}
info: Connected to the database. {"timestamp":"2023-02-20T11:07:25.996Z"}
info: Server started at http://localhost:3000/api/v1/ {"timestamp":"2023-02-20T11:08:08.247Z"}
info: Connected to the database. {"timestamp":"2023-02-20T11:08:08.282Z"}
info: Server started at http://localhost:3000/api/v1/ {"timestamp":"2023-02-20T11:14:32.677Z"}
info: Connected to the database. {"timestamp":"2023-02-20T11:14:32.737Z"}
info: Server started at http://localhost:3000/api/v1/ {"timestamp":"2023-02-20T11:18:22.669Z"}
info: Connected to the database. {"timestamp":"2023-02-20T11:18:22.727Z"}
info: Server started at http://localhost:3000/api/v1/ {"timestamp":"2023-02-20T14:11:53.727Z"}
info: Connected to the database. {"timestamp":"2023-02-20T14:11:53.802Z"}
error: 
      status - 400
      message - Authorization token is required 
      url - /api/v1/notes 
      method - GET 
      IP - ::1
     {"timestamp":"2023-02-20T14:12:10.794Z"}
error: 
      status - 400
      message - Authorization token is required 
      url - /api/v1/notes 
      method - POST 
      IP - ::1
     {"timestamp":"2023-02-20T14:12:48.479Z"}
