info: ::1 - - [16/Feb/2023:09:59:04 +0000] "POST /api/v1/users HTTP/1.1" 201 296 "-" "PostmanRuntime/7.31.0"

info: ::1 - - [16/Feb/2023:10:01:09 +0000] "POST /api/v1/users HTTP/1.1" 201 299 "-" "PostmanRuntime/7.31.0"

info: ::1 - - [16/Feb/2023:10:01:24 +0000] "POST /api/v1/users HTTP/1.1" 201 298 "-" "PostmanRuntime/7.31.0"

info: ::1 - - [16/Feb/2023:10:21:18 +0000] "POST /api/v1/users HTTP/1.1" 201 299 "-" "PostmanRuntime/7.31.0"

info: ::1 - - [16/Feb/2023:10:24:17 +0000] "POST /api/v1/users HTTP/1.1" 201 299 "-" "PostmanRuntime/7.31.0"

info: ::1 - - [16/Feb/2023:10:24:23 +0000] "POST /api/v1/users HTTP/1.1" 500 75 "-" "PostmanRuntime/7.31.0"

info: ::1 - - [16/Feb/2023:10:27:26 +0000] "POST /api/v1/users HTTP/1.1" 500 54 "-" "PostmanRuntime/7.31.0"

info: ::1 - - [16/Feb/2023:10:38:21 +0000] "POST /api/v1/users HTTP/1.1" 400 73 "-" "PostmanRuntime/7.31.0"

info: ::1 - - [16/Feb/2023:10:38:29 +0000] "POST /api/v1/users HTTP/1.1" 201 299 "-" "PostmanRuntime/7.31.0"

info: ::1 - - [16/Feb/2023:10:38:45 +0000] "POST /api/v1/users HTTP/1.1" 400 73 "-" "PostmanRuntime/7.31.0"

<<<<<<< HEAD
info: ::1 - - [16/Feb/2023:11:08:48 +0000] "GET /api/v1/users/chandra@rama.com HTTP/1.1" 500 105 "-" "PostmanRuntime/7.31.0"

info: ::1 - - [16/Feb/2023:11:33:55 +0000] "POST /api/v1/users HTTP/1.1" 400 73 "-" "PostmanRuntime/7.31.0"

info: ::1 - - [16/Feb/2023:11:34:02 +0000] "POST /api/v1/users HTTP/1.1" 201 299 "-" "PostmanRuntime/7.31.0"

info: ::1 - - [16/Feb/2023:11:35:08 +0000] "POST /api/v1/users HTTP/1.1" 400 73 "-" "PostmanRuntime/7.31.0"

info: ::1 - - [16/Feb/2023:11:44:01 +0000] "POST /api/v1/users HTTP/1.1" 201 299 "-" "PostmanRuntime/7.31.0"

info: ::1 - - [16/Feb/2023:11:44:09 +0000] "POST /api/v1/users HTTP/1.1" 500 66 "-" "PostmanRuntime/7.31.0"

info: ::1 - - [16/Feb/2023:11:44:25 +0000] "POST /api/v1/users HTTP/1.1" 500 66 "-" "PostmanRuntime/7.31.0"

info: ::1 - - [16/Feb/2023:12:00:37 +0000] "POST /api/v1/users HTTP/1.1" 201 299 "-" "PostmanRuntime/7.31.0"

info: ::1 - - [16/Feb/2023:12:01:19 +0000] "POST /api/v1/users HTTP/1.1" 201 299 "-" "PostmanRuntime/7.31.0"

info: ::1 - - [16/Feb/2023:12:03:02 +0000] "POST /api/v1/users HTTP/1.1" 201 299 "-" "PostmanRuntime/7.31.0"

info: ::1 - - [16/Feb/2023:12:12:17 +0000] "POST /api/v1/users HTTP/1.1" 201 89 "-" "PostmanRuntime/7.31.0"

info: ::1 - - [16/Feb/2023:12:12:26 +0000] "POST /api/v1/users HTTP/1.1" 201 89 "-" "PostmanRuntime/7.31.0"

info: ::1 - - [16/Feb/2023:12:12:41 +0000] "POST /api/v1/users HTTP/1.1" 201 89 "-" "PostmanRuntime/7.31.0"

info: ::1 - - [16/Feb/2023:12:13:26 +0000] "POST /api/v1/users HTTP/1.1" 201 89 "-" "PostmanRuntime/7.31.0"

info: ::1 - - [16/Feb/2023:12:13:36 +0000] "POST /api/v1/users HTTP/1.1" 201 89 "-" "PostmanRuntime/7.31.0"

info: ::1 - - [16/Feb/2023:12:13:56 +0000] "POST /api/v1/users HTTP/1.1" 201 89 "-" "PostmanRuntime/7.31.0"

info: ::1 - - [16/Feb/2023:12:13:58 +0000] "POST /api/v1/users HTTP/1.1" 201 89 "-" "PostmanRuntime/7.31.0"

info: ::1 - - [16/Feb/2023:12:15:20 +0000] "POST /api/v1/users HTTP/1.1" 201 89 "-" "PostmanRuntime/7.31.0"

info: ::1 - - [16/Feb/2023:12:18:12 +0000] "POST /api/v1/users HTTP/1.1" 201 89 "-" "PostmanRuntime/7.31.0"

info: ::1 - - [16/Feb/2023:12:20:08 +0000] "POST /api/v1/users HTTP/1.1" 201 89 "-" "PostmanRuntime/7.31.0"

info: ::1 - - [16/Feb/2023:12:20:43 +0000] "POST /api/v1/users HTTP/1.1" 500 88 "-" "PostmanRuntime/7.31.0"

info: ::1 - - [16/Feb/2023:12:23:39 +0000] "POST /api/v1/users HTTP/1.1" 201 89 "-" "PostmanRuntime/7.31.0"

info: ::1 - - [16/Feb/2023:12:26:29 +0000] "POST /api/v1/users HTTP/1.1" 201 89 "-" "PostmanRuntime/7.31.0"

info: ::1 - - [16/Feb/2023:12:29:03 +0000] "POST /api/v1/users HTTP/1.1" 201 89 "-" "PostmanRuntime/7.31.0"

info: ::1 - - [16/Feb/2023:13:01:54 +0000] "POST /api/v1/users HTTP/1.1" 500 78 "-" "PostmanRuntime/7.31.0"

info: ::1 - - [16/Feb/2023:13:03:43 +0000] "POST /api/v1/users HTTP/1.1" 201 89 "-" "PostmanRuntime/7.31.0"

info: ::1 - - [16/Feb/2023:13:21:25 +0000] "POST /api/v1/users HTTP/1.1" 201 89 "-" "PostmanRuntime/7.31.0"

info: ::1 - - [16/Feb/2023:13:22:03 +0000] "POST /api/v1/users HTTP/1.1" 201 89 "-" "PostmanRuntime/7.31.0"

info: ::1 - - [16/Feb/2023:13:24:24 +0000] "POST /api/v1/users HTTP/1.1" 201 301 "-" "PostmanRuntime/7.31.0"

info: ::1 - - [16/Feb/2023:13:30:17 +0000] "POST /api/v1/users HTTP/1.1" 500 84 "-" "PostmanRuntime/7.31.0"

error: uncaughtException: db is not defined
ReferenceError: db is not defined
    at C:\Users\SHREEKANT\Desktop\Node_Projects\fundoo-app\src\services\/user.service.js:18:5
    at C:\Users\SHREEKANT\Desktop\Node_Projects\fundoo-app\node_modules\mongoose\lib\model.js:5074:18
    at processTicksAndRejections (node:internal/process/task_queues:78:11)
    at runNextTicks (node:internal/process/task_queues:65:3)
    at processImmediate (node:internal/timers:437:9) {"date":"Thu Feb 16 2023 19:02:44 GMT+0530 (India Standard Time)","error":{},"exception":true,"os":{"loadavg":[0,0,0],"uptime":35854},"process":{"argv":["node","C:\\Users\\SHREEKANT\\Desktop\\Node_Projects\\fundoo-app\\src\\index.js"],"cwd":"C:\\Users\\SHREEKANT\\Desktop\\Node_Projects\\fundoo-app","execPath":"C:\\Program Files\\nodejs\\node.exe","gid":null,"memoryUsage":{"arrayBuffers":18801519,"external":21858662,"heapTotal":81956864,"heapUsed":51007720,"rss":115109888},"pid":12176,"uid":null,"version":"v16.15.0"},"stack":"ReferenceError: db is not defined\n    at C:\\Users\\SHREEKANT\\Desktop\\Node_Projects\\fundoo-app\\src\\services\\/user.service.js:18:5\n    at C:\\Users\\SHREEKANT\\Desktop\\Node_Projects\\fundoo-app\\node_modules\\mongoose\\lib\\model.js:5074:18\n    at processTicksAndRejections (node:internal/process/task_queues:78:11)\n    at runNextTicks (node:internal/process/task_queues:65:3)\n    at processImmediate (node:internal/timers:437:9)","trace":[{"column":5,"file":"C:\\Users\\SHREEKANT\\Desktop\\Node_Projects\\fundoo-app\\src\\services\\/user.service.js","function":null,"line":18,"method":null,"native":false},{"column":18,"file":"C:\\Users\\SHREEKANT\\Desktop\\Node_Projects\\fundoo-app\\node_modules\\mongoose\\lib\\model.js","function":null,"line":5074,"method":null,"native":false},{"column":11,"file":"node:internal/process/task_queues","function":"processTicksAndRejections","line":78,"method":null,"native":false},{"column":3,"file":"node:internal/process/task_queues","function":"runNextTicks","line":65,"method":null,"native":false},{"column":9,"file":"node:internal/timers","function":"processImmediate","line":437,"method":null,"native":false}]}
info: ::1 - - [16/Feb/2023:13:32:44 +0000] "POST /api/v1/users HTTP/1.1" 201 89 "-" "PostmanRuntime/7.31.0"

info: ::1 - - [16/Feb/2023:13:33:58 +0000] "POST /api/v1/users HTTP/1.1" 201 89 "-" "PostmanRuntime/7.31.0"

info: ::1 - - [16/Feb/2023:13:34:26 +0000] "POST /api/v1/users HTTP/1.1" 201 304 "-" "PostmanRuntime/7.31.0"

info: ::1 - - [16/Feb/2023:13:36:23 +0000] "POST /api/v1/users HTTP/1.1" 201 89 "-" "PostmanRuntime/7.31.0"

error: uncaughtException: Cannot read properties of null (reading 'email')
TypeError: Cannot read properties of null (reading 'email')
    at C:\Users\SHREEKANT\Desktop\Node_Projects\fundoo-app\src\services\/user.service.js:17:24
    at C:\Users\SHREEKANT\Desktop\Node_Projects\fundoo-app\node_modules\mongoose\lib\model.js:5074:18
    at processTicksAndRejections (node:internal/process/task_queues:78:11) {"date":"Thu Feb 16 2023 19:06:32 GMT+0530 (India Standard Time)","error":{},"exception":true,"os":{"loadavg":[0,0,0],"uptime":36082},"process":{"argv":["node","C:\\Users\\SHREEKANT\\Desktop\\Node_Projects\\fundoo-app\\src\\index.js"],"cwd":"C:\\Users\\SHREEKANT\\Desktop\\Node_Projects\\fundoo-app","execPath":"C:\\Program Files\\nodejs\\node.exe","gid":null,"memoryUsage":{"arrayBuffers":18803418,"external":29366667,"heapTotal":81956864,"heapUsed":51245160,"rss":115191808},"pid":18856,"uid":null,"version":"v16.15.0"},"stack":"TypeError: Cannot read properties of null (reading 'email')\n    at C:\\Users\\SHREEKANT\\Desktop\\Node_Projects\\fundoo-app\\src\\services\\/user.service.js:17:24\n    at C:\\Users\\SHREEKANT\\Desktop\\Node_Projects\\fundoo-app\\node_modules\\mongoose\\lib\\model.js:5074:18\n    at processTicksAndRejections (node:internal/process/task_queues:78:11)","trace":[{"column":24,"file":"C:\\Users\\SHREEKANT\\Desktop\\Node_Projects\\fundoo-app\\src\\services\\/user.service.js","function":null,"line":17,"method":null,"native":false},{"column":18,"file":"C:\\Users\\SHREEKANT\\Desktop\\Node_Projects\\fundoo-app\\node_modules\\mongoose\\lib\\model.js","function":null,"line":5074,"method":null,"native":false},{"column":11,"file":"node:internal/process/task_queues","function":"processTicksAndRejections","line":78,"method":null,"native":false}]}
info: ::1 - - [16/Feb/2023:13:38:33 +0000] "POST /api/v1/users HTTP/1.1" 201 89 "-" "PostmanRuntime/7.31.0"

info: ::1 - - [16/Feb/2023:13:38:44 +0000] "POST /api/v1/users HTTP/1.1" 201 89 "-" "PostmanRuntime/7.31.0"

error: uncaughtException: Cannot read properties of null (reading 'email')
TypeError: Cannot read properties of null (reading 'email')
    at C:\Users\SHREEKANT\Desktop\Node_Projects\fundoo-app\src\services\/user.service.js:13:24
    at C:\Users\SHREEKANT\Desktop\Node_Projects\fundoo-app\node_modules\mongoose\lib\model.js:5074:18
    at processTicksAndRejections (node:internal/process/task_queues:78:11) {"date":"Thu Feb 16 2023 19:08:44 GMT+0530 (India Standard Time)","error":{},"exception":true,"os":{"loadavg":[0,0,0],"uptime":36214},"process":{"argv":["node","C:\\Users\\SHREEKANT\\Desktop\\Node_Projects\\fundoo-app\\src\\index.js"],"cwd":"C:\\Users\\SHREEKANT\\Desktop\\Node_Projects\\fundoo-app","execPath":"C:\\Program Files\\nodejs\\node.exe","gid":null,"memoryUsage":{"arrayBuffers":18469595,"external":20043372,"heapTotal":50528256,"heapUsed":46452648,"rss":83656704},"pid":1528,"uid":null,"version":"v16.15.0"},"stack":"TypeError: Cannot read properties of null (reading 'email')\n    at C:\\Users\\SHREEKANT\\Desktop\\Node_Projects\\fundoo-app\\src\\services\\/user.service.js:13:24\n    at C:\\Users\\SHREEKANT\\Desktop\\Node_Projects\\fundoo-app\\node_modules\\mongoose\\lib\\model.js:5074:18\n    at processTicksAndRejections (node:internal/process/task_queues:78:11)","trace":[{"column":24,"file":"C:\\Users\\SHREEKANT\\Desktop\\Node_Projects\\fundoo-app\\src\\services\\/user.service.js","function":null,"line":13,"method":null,"native":false},{"column":18,"file":"C:\\Users\\SHREEKANT\\Desktop\\Node_Projects\\fundoo-app\\node_modules\\mongoose\\lib\\model.js","function":null,"line":5074,"method":null,"native":false},{"column":11,"file":"node:internal/process/task_queues","function":"processTicksAndRejections","line":78,"method":null,"native":false}]}
info: ::1 - - [16/Feb/2023:13:39:31 +0000] "POST /api/v1/users HTTP/1.1" 201 89 "-" "PostmanRuntime/7.31.0"

info: ::1 - - [16/Feb/2023:13:39:46 +0000] "POST /api/v1/users HTTP/1.1" 201 89 "-" "PostmanRuntime/7.31.0"

info: ::1 - - [16/Feb/2023:13:40:44 +0000] "POST /api/v1/users HTTP/1.1" 201 89 "-" "PostmanRuntime/7.31.0"

info: ::1 - - [16/Feb/2023:13:42:22 +0000] "POST /api/v1/users HTTP/1.1" 201 89 "-" "PostmanRuntime/7.31.0"

info: ::1 - - [16/Feb/2023:14:39:06 +0000] "POST /api/v1/users HTTP/1.1" 201 300 "-" "PostmanRuntime/7.31.0"

info: ::1 - - [16/Feb/2023:14:41:13 +0000] "POST /api/v1/users HTTP/1.1" 201 300 "-" "PostmanRuntime/7.31.0"

info: ::1 - - [16/Feb/2023:14:41:37 +0000] "POST /api/v1/users HTTP/1.1" 201 300 "-" "PostmanRuntime/7.31.0"

info: ::1 - - [16/Feb/2023:14:52:12 +0000] "POST /api/v1/users HTTP/1.1" 409 87 "-" "PostmanRuntime/7.31.0"

error: uncaughtException: Cannot set headers after they are sent to the client
Error: Cannot set headers after they are sent to the client
    at new NodeError (node:internal/errors:372:5)
    at ServerResponse.setHeader (node:_http_outgoing:576:11)
    at ServerResponse.header (C:\Users\SHREEKANT\Desktop\Node_Projects\fundoo-app\node_modules\express\lib\response.js:794:10)
    at ServerResponse.send (C:\Users\SHREEKANT\Desktop\Node_Projects\fundoo-app\node_modules\express\lib\response.js:174:12)
    at ServerResponse.json (C:\Users\SHREEKANT\Desktop\Node_Projects\fundoo-app\node_modules\express\lib\response.js:278:15)
    at _callee$ (C:\Users\SHREEKANT\Desktop\Node_Projects\fundoo-app\src\controllers\/user.controller.js:22:43)
    at tryCatch (C:\Users\SHREEKANT\Desktop\Node_Projects\fundoo-app\node_modules\@babel\runtime\helpers\regeneratorRuntime.js:44:17)
    at Generator.<anonymous> (C:\Users\SHREEKANT\Desktop\Node_Projects\fundoo-app\node_modules\@babel\runtime\helpers\regeneratorRuntime.js:125:22)
    at Generator.next (C:\Users\SHREEKANT\Desktop\Node_Projects\fundoo-app\node_modules\@babel\runtime\helpers\regeneratorRuntime.js:69:21)
    at asyncGeneratorStep (C:\Users\SHREEKANT\Desktop\Node_Projects\fundoo-app\node_modules\@babel\runtime\helpers\asyncToGenerator.js:3:24)
    at _next (C:\Users\SHREEKANT\Desktop\Node_Projects\fundoo-app\node_modules\@babel\runtime\helpers\asyncToGenerator.js:22:9)
    at C:\Users\SHREEKANT\Desktop\Node_Projects\fundoo-app\node_modules\@babel\runtime\helpers\asyncToGenerator.js:27:7
    at new Promise (<anonymous>)
    at C:\Users\SHREEKANT\Desktop\Node_Projects\fundoo-app\node_modules\@babel\runtime\helpers\asyncToGenerator.js:19:12
    at filter (C:\Users\SHREEKANT\Desktop\Node_Projects\fundoo-app\src\controllers\/user.controller.js:35:8)
    at Array.filter (<anonymous>)
    at _callee2$ (C:\Users\SHREEKANT\Desktop\Node_Projects\fundoo-app\src\controllers\/user.controller.js:20:10)
    at tryCatch (C:\Users\SHREEKANT\Desktop\Node_Projects\fundoo-app\node_modules\@babel\runtime\helpers\regeneratorRuntime.js:44:17)
    at Generator.<anonymous> (C:\Users\SHREEKANT\Desktop\Node_Projects\fundoo-app\node_modules\@babel\runtime\helpers\regeneratorRuntime.js:125:22)
    at Generator.next (C:\Users\SHREEKANT\Desktop\Node_Projects\fundoo-app\node_modules\@babel\runtime\helpers\regeneratorRuntime.js:69:21)
    at asyncGeneratorStep (C:\Users\SHREEKANT\Desktop\Node_Projects\fundoo-app\node_modules\@babel\runtime\helpers\asyncToGenerator.js:3:24)
    at _next (C:\Users\SHREEKANT\Desktop\Node_Projects\fundoo-app\node_modules\@babel\runtime\helpers\asyncToGenerator.js:22:9)
    at processTicksAndRejections (node:internal/process/task_queues:96:5) {"date":"Thu Feb 16 2023 20:22:12 GMT+0530 (India Standard Time)","error":{"code":"ERR_HTTP_HEADERS_SENT"},"exception":true,"os":{"loadavg":[0,0,0],"uptime":40623},"process":{"argv":["node","C:\\Users\\SHREEKANT\\Desktop\\Node_Projects\\fundoo-app\\src\\index.js"],"cwd":"C:\\Users\\SHREEKANT\\Desktop\\Node_Projects\\fundoo-app","execPath":"C:\\Program Files\\nodejs\\node.exe","gid":null,"memoryUsage":{"arrayBuffers":18729091,"external":29214412,"heapTotal":81850368,"heapUsed":53328656,"rss":114446336},"pid":16592,"uid":null,"version":"v16.15.0"},"stack":"Error: Cannot set headers after they are sent to the client\n    at new NodeError (node:internal/errors:372:5)\n    at ServerResponse.setHeader (node:_http_outgoing:576:11)\n    at ServerResponse.header (C:\\Users\\SHREEKANT\\Desktop\\Node_Projects\\fundoo-app\\node_modules\\express\\lib\\response.js:794:10)\n    at ServerResponse.send (C:\\Users\\SHREEKANT\\Desktop\\Node_Projects\\fundoo-app\\node_modules\\express\\lib\\response.js:174:12)\n    at ServerResponse.json (C:\\Users\\SHREEKANT\\Desktop\\Node_Projects\\fundoo-app\\node_modules\\express\\lib\\response.js:278:15)\n    at _callee$ (C:\\Users\\SHREEKANT\\Desktop\\Node_Projects\\fundoo-app\\src\\controllers\\/user.controller.js:22:43)\n    at tryCatch (C:\\Users\\SHREEKANT\\Desktop\\Node_Projects\\fundoo-app\\node_modules\\@babel\\runtime\\helpers\\regeneratorRuntime.js:44:17)\n    at Generator.<anonymous> (C:\\Users\\SHREEKANT\\Desktop\\Node_Projects\\fundoo-app\\node_modules\\@babel\\runtime\\helpers\\regeneratorRuntime.js:125:22)\n    at Generator.next (C:\\Users\\SHREEKANT\\Desktop\\Node_Projects\\fundoo-app\\node_modules\\@babel\\runtime\\helpers\\regeneratorRuntime.js:69:21)\n    at asyncGeneratorStep (C:\\Users\\SHREEKANT\\Desktop\\Node_Projects\\fundoo-app\\node_modules\\@babel\\runtime\\helpers\\asyncToGenerator.js:3:24)\n    at _next (C:\\Users\\SHREEKANT\\Desktop\\Node_Projects\\fundoo-app\\node_modules\\@babel\\runtime\\helpers\\asyncToGenerator.js:22:9)\n    at C:\\Users\\SHREEKANT\\Desktop\\Node_Projects\\fundoo-app\\node_modules\\@babel\\runtime\\helpers\\asyncToGenerator.js:27:7\n    at new Promise (<anonymous>)\n    at C:\\Users\\SHREEKANT\\Desktop\\Node_Projects\\fundoo-app\\node_modules\\@babel\\runtime\\helpers\\asyncToGenerator.js:19:12\n    at filter (C:\\Users\\SHREEKANT\\Desktop\\Node_Projects\\fundoo-app\\src\\controllers\\/user.controller.js:35:8)\n    at Array.filter (<anonymous>)\n    at _callee2$ (C:\\Users\\SHREEKANT\\Desktop\\Node_Projects\\fundoo-app\\src\\controllers\\/user.controller.js:20:10)\n    at tryCatch (C:\\Users\\SHREEKANT\\Desktop\\Node_Projects\\fundoo-app\\node_modules\\@babel\\runtime\\helpers\\regeneratorRuntime.js:44:17)\n    at Generator.<anonymous> (C:\\Users\\SHREEKANT\\Desktop\\Node_Projects\\fundoo-app\\node_modules\\@babel\\runtime\\helpers\\regeneratorRuntime.js:125:22)\n    at Generator.next (C:\\Users\\SHREEKANT\\Desktop\\Node_Projects\\fundoo-app\\node_modules\\@babel\\runtime\\helpers\\regeneratorRuntime.js:69:21)\n    at asyncGeneratorStep (C:\\Users\\SHREEKANT\\Desktop\\Node_Projects\\fundoo-app\\node_modules\\@babel\\runtime\\helpers\\asyncToGenerator.js:3:24)\n    at _next (C:\\Users\\SHREEKANT\\Desktop\\Node_Projects\\fundoo-app\\node_modules\\@babel\\runtime\\helpers\\asyncToGenerator.js:22:9)\n    at processTicksAndRejections (node:internal/process/task_queues:96:5)","trace":[{"column":5,"file":"node:internal/errors","function":"new NodeError","line":372,"method":null,"native":false},{"column":11,"file":"node:_http_outgoing","function":"ServerResponse.setHeader","line":576,"method":"setHeader","native":false},{"column":10,"file":"C:\\Users\\SHREEKANT\\Desktop\\Node_Projects\\fundoo-app\\node_modules\\express\\lib\\response.js","function":"ServerResponse.header","line":794,"method":"header","native":false},{"column":12,"file":"C:\\Users\\SHREEKANT\\Desktop\\Node_Projects\\fundoo-app\\node_modules\\express\\lib\\response.js","function":"ServerResponse.send","line":174,"method":"send","native":false},{"column":15,"file":"C:\\Users\\SHREEKANT\\Desktop\\Node_Projects\\fundoo-app\\node_modules\\express\\lib\\response.js","function":"ServerResponse.json","line":278,"method":"json","native":false},{"column":43,"file":"C:\\Users\\SHREEKANT\\Desktop\\Node_Projects\\fundoo-app\\src\\controllers\\/user.controller.js","function":"_callee$","line":22,"method":null,"native":false},{"column":17,"file":"C:\\Users\\SHREEKANT\\Desktop\\Node_Projects\\fundoo-app\\node_modules\\@babel\\runtime\\helpers\\regeneratorRuntime.js","function":"tryCatch","line":44,"method":null,"native":false},{"column":22,"file":"C:\\Users\\SHREEKANT\\Desktop\\Node_Projects\\fundoo-app\\node_modules\\@babel\\runtime\\helpers\\regeneratorRuntime.js","function":null,"line":125,"method":null,"native":false},{"column":21,"file":"C:\\Users\\SHREEKANT\\Desktop\\Node_Projects\\fundoo-app\\node_modules\\@babel\\runtime\\helpers\\regeneratorRuntime.js","function":"Generator.next","line":69,"method":"next","native":false},{"column":24,"file":"C:\\Users\\SHREEKANT\\Desktop\\Node_Projects\\fundoo-app\\node_modules\\@babel\\runtime\\helpers\\asyncToGenerator.js","function":"asyncGeneratorStep","line":3,"method":null,"native":false},{"column":9,"file":"C:\\Users\\SHREEKANT\\Desktop\\Node_Projects\\fundoo-app\\node_modules\\@babel\\runtime\\helpers\\asyncToGenerator.js","function":"_next","line":22,"method":null,"native":false},{"column":7,"file":"C:\\Users\\SHREEKANT\\Desktop\\Node_Projects\\fundoo-app\\node_modules\\@babel\\runtime\\helpers\\asyncToGenerator.js","function":null,"line":27,"method":null,"native":false},{"column":null,"file":null,"function":"new Promise","line":null,"method":null,"native":false},{"column":12,"file":"C:\\Users\\SHREEKANT\\Desktop\\Node_Projects\\fundoo-app\\node_modules\\@babel\\runtime\\helpers\\asyncToGenerator.js","function":null,"line":19,"method":null,"native":false},{"column":8,"file":"C:\\Users\\SHREEKANT\\Desktop\\Node_Projects\\fundoo-app\\src\\controllers\\/user.controller.js","function":"filter","line":35,"method":null,"native":false},{"column":null,"file":null,"function":"Array.filter","line":null,"method":"filter","native":false},{"column":10,"file":"C:\\Users\\SHREEKANT\\Desktop\\Node_Projects\\fundoo-app\\src\\controllers\\/user.controller.js","function":"_callee2$","line":20,"method":null,"native":false},{"column":17,"file":"C:\\Users\\SHREEKANT\\Desktop\\Node_Projects\\fundoo-app\\node_modules\\@babel\\runtime\\helpers\\regeneratorRuntime.js","function":"tryCatch","line":44,"method":null,"native":false},{"column":22,"file":"C:\\Users\\SHREEKANT\\Desktop\\Node_Projects\\fundoo-app\\node_modules\\@babel\\runtime\\helpers\\regeneratorRuntime.js","function":null,"line":125,"method":null,"native":false},{"column":21,"file":"C:\\Users\\SHREEKANT\\Desktop\\Node_Projects\\fundoo-app\\node_modules\\@babel\\runtime\\helpers\\regeneratorRuntime.js","function":"Generator.next","line":69,"method":"next","native":false},{"column":24,"file":"C:\\Users\\SHREEKANT\\Desktop\\Node_Projects\\fundoo-app\\node_modules\\@babel\\runtime\\helpers\\asyncToGenerator.js","function":"asyncGeneratorStep","line":3,"method":null,"native":false},{"column":9,"file":"C:\\Users\\SHREEKANT\\Desktop\\Node_Projects\\fundoo-app\\node_modules\\@babel\\runtime\\helpers\\asyncToGenerator.js","function":"_next","line":22,"method":null,"native":false},{"column":5,"file":"node:internal/process/task_queues","function":"processTicksAndRejections","line":96,"method":null,"native":false}]}
error: uncaughtException: Cannot set headers after they are sent to the client
Error: Cannot set headers after they are sent to the client
    at new NodeError (node:internal/errors:372:5)
    at ServerResponse.setHeader (node:_http_outgoing:576:11)
    at ServerResponse.header (C:\Users\SHREEKANT\Desktop\Node_Projects\fundoo-app\node_modules\express\lib\response.js:794:10)
    at ServerResponse.send (C:\Users\SHREEKANT\Desktop\Node_Projects\fundoo-app\node_modules\express\lib\response.js:174:12)
    at ServerResponse.json (C:\Users\SHREEKANT\Desktop\Node_Projects\fundoo-app\node_modules\express\lib\response.js:278:15)
    at _callee$ (C:\Users\SHREEKANT\Desktop\Node_Projects\fundoo-app\src\controllers\/user.controller.js:22:43)
    at tryCatch (C:\Users\SHREEKANT\Desktop\Node_Projects\fundoo-app\node_modules\@babel\runtime\helpers\regeneratorRuntime.js:44:17)
    at Generator.<anonymous> (C:\Users\SHREEKANT\Desktop\Node_Projects\fundoo-app\node_modules\@babel\runtime\helpers\regeneratorRuntime.js:125:22)
    at Generator.next (C:\Users\SHREEKANT\Desktop\Node_Projects\fundoo-app\node_modules\@babel\runtime\helpers\regeneratorRuntime.js:69:21)
    at asyncGeneratorStep (C:\Users\SHREEKANT\Desktop\Node_Projects\fundoo-app\node_modules\@babel\runtime\helpers\asyncToGenerator.js:3:24)
    at _next (C:\Users\SHREEKANT\Desktop\Node_Projects\fundoo-app\node_modules\@babel\runtime\helpers\asyncToGenerator.js:22:9)
    at C:\Users\SHREEKANT\Desktop\Node_Projects\fundoo-app\node_modules\@babel\runtime\helpers\asyncToGenerator.js:27:7
    at new Promise (<anonymous>)
    at C:\Users\SHREEKANT\Desktop\Node_Projects\fundoo-app\node_modules\@babel\runtime\helpers\asyncToGenerator.js:19:12
    at filter (C:\Users\SHREEKANT\Desktop\Node_Projects\fundoo-app\src\controllers\/user.controller.js:35:8)
    at Array.filter (<anonymous>)
    at _callee2$ (C:\Users\SHREEKANT\Desktop\Node_Projects\fundoo-app\src\controllers\/user.controller.js:20:10)
    at tryCatch (C:\Users\SHREEKANT\Desktop\Node_Projects\fundoo-app\node_modules\@babel\runtime\helpers\regeneratorRuntime.js:44:17)
    at Generator.<anonymous> (C:\Users\SHREEKANT\Desktop\Node_Projects\fundoo-app\node_modules\@babel\runtime\helpers\regeneratorRuntime.js:125:22)
    at Generator.next (C:\Users\SHREEKANT\Desktop\Node_Projects\fundoo-app\node_modules\@babel\runtime\helpers\regeneratorRuntime.js:69:21)
    at asyncGeneratorStep (C:\Users\SHREEKANT\Desktop\Node_Projects\fundoo-app\node_modules\@babel\runtime\helpers\asyncToGenerator.js:3:24)
    at _next (C:\Users\SHREEKANT\Desktop\Node_Projects\fundoo-app\node_modules\@babel\runtime\helpers\asyncToGenerator.js:22:9)
    at processTicksAndRejections (node:internal/process/task_queues:96:5) {"date":"Thu Feb 16 2023 20:22:13 GMT+0530 (India Standard Time)","error":{"code":"ERR_HTTP_HEADERS_SENT"},"exception":true,"os":{"loadavg":[0,0,0],"uptime":40623},"process":{"argv":["node","C:\\Users\\SHREEKANT\\Desktop\\Node_Projects\\fundoo-app\\src\\index.js"],"cwd":"C:\\Users\\SHREEKANT\\Desktop\\Node_Projects\\fundoo-app","execPath":"C:\\Program Files\\nodejs\\node.exe","gid":null,"memoryUsage":{"arrayBuffers":18759988,"external":29245309,"heapTotal":81850368,"heapUsed":53830152,"rss":114511872},"pid":16592,"uid":null,"version":"v16.15.0"},"stack":"Error: Cannot set headers after they are sent to the client\n    at new NodeError (node:internal/errors:372:5)\n    at ServerResponse.setHeader (node:_http_outgoing:576:11)\n    at ServerResponse.header (C:\\Users\\SHREEKANT\\Desktop\\Node_Projects\\fundoo-app\\node_modules\\express\\lib\\response.js:794:10)\n    at ServerResponse.send (C:\\Users\\SHREEKANT\\Desktop\\Node_Projects\\fundoo-app\\node_modules\\express\\lib\\response.js:174:12)\n    at ServerResponse.json (C:\\Users\\SHREEKANT\\Desktop\\Node_Projects\\fundoo-app\\node_modules\\express\\lib\\response.js:278:15)\n    at _callee$ (C:\\Users\\SHREEKANT\\Desktop\\Node_Projects\\fundoo-app\\src\\controllers\\/user.controller.js:22:43)\n    at tryCatch (C:\\Users\\SHREEKANT\\Desktop\\Node_Projects\\fundoo-app\\node_modules\\@babel\\runtime\\helpers\\regeneratorRuntime.js:44:17)\n    at Generator.<anonymous> (C:\\Users\\SHREEKANT\\Desktop\\Node_Projects\\fundoo-app\\node_modules\\@babel\\runtime\\helpers\\regeneratorRuntime.js:125:22)\n    at Generator.next (C:\\Users\\SHREEKANT\\Desktop\\Node_Projects\\fundoo-app\\node_modules\\@babel\\runtime\\helpers\\regeneratorRuntime.js:69:21)\n    at asyncGeneratorStep (C:\\Users\\SHREEKANT\\Desktop\\Node_Projects\\fundoo-app\\node_modules\\@babel\\runtime\\helpers\\asyncToGenerator.js:3:24)\n    at _next (C:\\Users\\SHREEKANT\\Desktop\\Node_Projects\\fundoo-app\\node_modules\\@babel\\runtime\\helpers\\asyncToGenerator.js:22:9)\n    at C:\\Users\\SHREEKANT\\Desktop\\Node_Projects\\fundoo-app\\node_modules\\@babel\\runtime\\helpers\\asyncToGenerator.js:27:7\n    at new Promise (<anonymous>)\n    at C:\\Users\\SHREEKANT\\Desktop\\Node_Projects\\fundoo-app\\node_modules\\@babel\\runtime\\helpers\\asyncToGenerator.js:19:12\n    at filter (C:\\Users\\SHREEKANT\\Desktop\\Node_Projects\\fundoo-app\\src\\controllers\\/user.controller.js:35:8)\n    at Array.filter (<anonymous>)\n    at _callee2$ (C:\\Users\\SHREEKANT\\Desktop\\Node_Projects\\fundoo-app\\src\\controllers\\/user.controller.js:20:10)\n    at tryCatch (C:\\Users\\SHREEKANT\\Desktop\\Node_Projects\\fundoo-app\\node_modules\\@babel\\runtime\\helpers\\regeneratorRuntime.js:44:17)\n    at Generator.<anonymous> (C:\\Users\\SHREEKANT\\Desktop\\Node_Projects\\fundoo-app\\node_modules\\@babel\\runtime\\helpers\\regeneratorRuntime.js:125:22)\n    at Generator.next (C:\\Users\\SHREEKANT\\Desktop\\Node_Projects\\fundoo-app\\node_modules\\@babel\\runtime\\helpers\\regeneratorRuntime.js:69:21)\n    at asyncGeneratorStep (C:\\Users\\SHREEKANT\\Desktop\\Node_Projects\\fundoo-app\\node_modules\\@babel\\runtime\\helpers\\asyncToGenerator.js:3:24)\n    at _next (C:\\Users\\SHREEKANT\\Desktop\\Node_Projects\\fundoo-app\\node_modules\\@babel\\runtime\\helpers\\asyncToGenerator.js:22:9)\n    at processTicksAndRejections (node:internal/process/task_queues:96:5)","trace":[{"column":5,"file":"node:internal/errors","function":"new NodeError","line":372,"method":null,"native":false},{"column":11,"file":"node:_http_outgoing","function":"ServerResponse.setHeader","line":576,"method":"setHeader","native":false},{"column":10,"file":"C:\\Users\\SHREEKANT\\Desktop\\Node_Projects\\fundoo-app\\node_modules\\express\\lib\\response.js","function":"ServerResponse.header","line":794,"method":"header","native":false},{"column":12,"file":"C:\\Users\\SHREEKANT\\Desktop\\Node_Projects\\fundoo-app\\node_modules\\express\\lib\\response.js","function":"ServerResponse.send","line":174,"method":"send","native":false},{"column":15,"file":"C:\\Users\\SHREEKANT\\Desktop\\Node_Projects\\fundoo-app\\node_modules\\express\\lib\\response.js","function":"ServerResponse.json","line":278,"method":"json","native":false},{"column":43,"file":"C:\\Users\\SHREEKANT\\Desktop\\Node_Projects\\fundoo-app\\src\\controllers\\/user.controller.js","function":"_callee$","line":22,"method":null,"native":false},{"column":17,"file":"C:\\Users\\SHREEKANT\\Desktop\\Node_Projects\\fundoo-app\\node_modules\\@babel\\runtime\\helpers\\regeneratorRuntime.js","function":"tryCatch","line":44,"method":null,"native":false},{"column":22,"file":"C:\\Users\\SHREEKANT\\Desktop\\Node_Projects\\fundoo-app\\node_modules\\@babel\\runtime\\helpers\\regeneratorRuntime.js","function":null,"line":125,"method":null,"native":false},{"column":21,"file":"C:\\Users\\SHREEKANT\\Desktop\\Node_Projects\\fundoo-app\\node_modules\\@babel\\runtime\\helpers\\regeneratorRuntime.js","function":"Generator.next","line":69,"method":"next","native":false},{"column":24,"file":"C:\\Users\\SHREEKANT\\Desktop\\Node_Projects\\fundoo-app\\node_modules\\@babel\\runtime\\helpers\\asyncToGenerator.js","function":"asyncGeneratorStep","line":3,"method":null,"native":false},{"column":9,"file":"C:\\Users\\SHREEKANT\\Desktop\\Node_Projects\\fundoo-app\\node_modules\\@babel\\runtime\\helpers\\asyncToGenerator.js","function":"_next","line":22,"method":null,"native":false},{"column":7,"file":"C:\\Users\\SHREEKANT\\Desktop\\Node_Projects\\fundoo-app\\node_modules\\@babel\\runtime\\helpers\\asyncToGenerator.js","function":null,"line":27,"method":null,"native":false},{"column":null,"file":null,"function":"new Promise","line":null,"method":null,"native":false},{"column":12,"file":"C:\\Users\\SHREEKANT\\Desktop\\Node_Projects\\fundoo-app\\node_modules\\@babel\\runtime\\helpers\\asyncToGenerator.js","function":null,"line":19,"method":null,"native":false},{"column":8,"file":"C:\\Users\\SHREEKANT\\Desktop\\Node_Projects\\fundoo-app\\src\\controllers\\/user.controller.js","function":"filter","line":35,"method":null,"native":false},{"column":null,"file":null,"function":"Array.filter","line":null,"method":"filter","native":false},{"column":10,"file":"C:\\Users\\SHREEKANT\\Desktop\\Node_Projects\\fundoo-app\\src\\controllers\\/user.controller.js","function":"_callee2$","line":20,"method":null,"native":false},{"column":17,"file":"C:\\Users\\SHREEKANT\\Desktop\\Node_Projects\\fundoo-app\\node_modules\\@babel\\runtime\\helpers\\regeneratorRuntime.js","function":"tryCatch","line":44,"method":null,"native":false},{"column":22,"file":"C:\\Users\\SHREEKANT\\Desktop\\Node_Projects\\fundoo-app\\node_modules\\@babel\\runtime\\helpers\\regeneratorRuntime.js","function":null,"line":125,"method":null,"native":false},{"column":21,"file":"C:\\Users\\SHREEKANT\\Desktop\\Node_Projects\\fundoo-app\\node_modules\\@babel\\runtime\\helpers\\regeneratorRuntime.js","function":"Generator.next","line":69,"method":"next","native":false},{"column":24,"file":"C:\\Users\\SHREEKANT\\Desktop\\Node_Projects\\fundoo-app\\node_modules\\@babel\\runtime\\helpers\\asyncToGenerator.js","function":"asyncGeneratorStep","line":3,"method":null,"native":false},{"column":9,"file":"C:\\Users\\SHREEKANT\\Desktop\\Node_Projects\\fundoo-app\\node_modules\\@babel\\runtime\\helpers\\asyncToGenerator.js","function":"_next","line":22,"method":null,"native":false},{"column":5,"file":"node:internal/process/task_queues","function":"processTicksAndRejections","line":96,"method":null,"native":false}]}
info: ::1 - - [16/Feb/2023:14:54:00 +0000] "POST /api/v1/users HTTP/1.1" 400 87 "-" "PostmanRuntime/7.31.0"

error: uncaughtException: Cannot set headers after they are sent to the client
Error: Cannot set headers after they are sent to the client
    at new NodeError (node:internal/errors:372:5)
    at ServerResponse.setHeader (node:_http_outgoing:576:11)
    at ServerResponse.header (C:\Users\SHREEKANT\Desktop\Node_Projects\fundoo-app\node_modules\express\lib\response.js:794:10)
    at ServerResponse.send (C:\Users\SHREEKANT\Desktop\Node_Projects\fundoo-app\node_modules\express\lib\response.js:174:12)
    at ServerResponse.json (C:\Users\SHREEKANT\Desktop\Node_Projects\fundoo-app\node_modules\express\lib\response.js:278:15)
    at _callee$ (C:\Users\SHREEKANT\Desktop\Node_Projects\fundoo-app\src\controllers\/user.controller.js:29:42)
    at tryCatch (C:\Users\SHREEKANT\Desktop\Node_Projects\fundoo-app\node_modules\@babel\runtime\helpers\regeneratorRuntime.js:44:17)
    at Generator.<anonymous> (C:\Users\SHREEKANT\Desktop\Node_Projects\fundoo-app\node_modules\@babel\runtime\helpers\regeneratorRuntime.js:125:22)
    at Generator.next (C:\Users\SHREEKANT\Desktop\Node_Projects\fundoo-app\node_modules\@babel\runtime\helpers\regeneratorRuntime.js:69:21)
    at asyncGeneratorStep (C:\Users\SHREEKANT\Desktop\Node_Projects\fundoo-app\node_modules\@babel\runtime\helpers\asyncToGenerator.js:3:24)
    at _next (C:\Users\SHREEKANT\Desktop\Node_Projects\fundoo-app\node_modules\@babel\runtime\helpers\asyncToGenerator.js:22:9)
    at processTicksAndRejections (node:internal/process/task_queues:96:5) {"date":"Thu Feb 16 2023 20:24:00 GMT+0530 (India Standard Time)","error":{"code":"ERR_HTTP_HEADERS_SENT"},"exception":true,"os":{"loadavg":[0,0,0],"uptime":40731},"process":{"argv":["node","C:\\Users\\SHREEKANT\\Desktop\\Node_Projects\\fundoo-app\\src\\index.js"],"cwd":"C:\\Users\\SHREEKANT\\Desktop\\Node_Projects\\fundoo-app","execPath":"C:\\Program Files\\nodejs\\node.exe","gid":null,"memoryUsage":{"arrayBuffers":18732030,"external":29253431,"heapTotal":81850368,"heapUsed":56343712,"rss":114810880},"pid":17764,"uid":null,"version":"v16.15.0"},"stack":"Error: Cannot set headers after they are sent to the client\n    at new NodeError (node:internal/errors:372:5)\n    at ServerResponse.setHeader (node:_http_outgoing:576:11)\n    at ServerResponse.header (C:\\Users\\SHREEKANT\\Desktop\\Node_Projects\\fundoo-app\\node_modules\\express\\lib\\response.js:794:10)\n    at ServerResponse.send (C:\\Users\\SHREEKANT\\Desktop\\Node_Projects\\fundoo-app\\node_modules\\express\\lib\\response.js:174:12)\n    at ServerResponse.json (C:\\Users\\SHREEKANT\\Desktop\\Node_Projects\\fundoo-app\\node_modules\\express\\lib\\response.js:278:15)\n    at _callee$ (C:\\Users\\SHREEKANT\\Desktop\\Node_Projects\\fundoo-app\\src\\controllers\\/user.controller.js:29:42)\n    at tryCatch (C:\\Users\\SHREEKANT\\Desktop\\Node_Projects\\fundoo-app\\node_modules\\@babel\\runtime\\helpers\\regeneratorRuntime.js:44:17)\n    at Generator.<anonymous> (C:\\Users\\SHREEKANT\\Desktop\\Node_Projects\\fundoo-app\\node_modules\\@babel\\runtime\\helpers\\regeneratorRuntime.js:125:22)\n    at Generator.next (C:\\Users\\SHREEKANT\\Desktop\\Node_Projects\\fundoo-app\\node_modules\\@babel\\runtime\\helpers\\regeneratorRuntime.js:69:21)\n    at asyncGeneratorStep (C:\\Users\\SHREEKANT\\Desktop\\Node_Projects\\fundoo-app\\node_modules\\@babel\\runtime\\helpers\\asyncToGenerator.js:3:24)\n    at _next (C:\\Users\\SHREEKANT\\Desktop\\Node_Projects\\fundoo-app\\node_modules\\@babel\\runtime\\helpers\\asyncToGenerator.js:22:9)\n    at processTicksAndRejections (node:internal/process/task_queues:96:5)","trace":[{"column":5,"file":"node:internal/errors","function":"new NodeError","line":372,"method":null,"native":false},{"column":11,"file":"node:_http_outgoing","function":"ServerResponse.setHeader","line":576,"method":"setHeader","native":false},{"column":10,"file":"C:\\Users\\SHREEKANT\\Desktop\\Node_Projects\\fundoo-app\\node_modules\\express\\lib\\response.js","function":"ServerResponse.header","line":794,"method":"header","native":false},{"column":12,"file":"C:\\Users\\SHREEKANT\\Desktop\\Node_Projects\\fundoo-app\\node_modules\\express\\lib\\response.js","function":"ServerResponse.send","line":174,"method":"send","native":false},{"column":15,"file":"C:\\Users\\SHREEKANT\\Desktop\\Node_Projects\\fundoo-app\\node_modules\\express\\lib\\response.js","function":"ServerResponse.json","line":278,"method":"json","native":false},{"column":42,"file":"C:\\Users\\SHREEKANT\\Desktop\\Node_Projects\\fundoo-app\\src\\controllers\\/user.controller.js","function":"_callee$","line":29,"method":null,"native":false},{"column":17,"file":"C:\\Users\\SHREEKANT\\Desktop\\Node_Projects\\fundoo-app\\node_modules\\@babel\\runtime\\helpers\\regeneratorRuntime.js","function":"tryCatch","line":44,"method":null,"native":false},{"column":22,"file":"C:\\Users\\SHREEKANT\\Desktop\\Node_Projects\\fundoo-app\\node_modules\\@babel\\runtime\\helpers\\regeneratorRuntime.js","function":null,"line":125,"method":null,"native":false},{"column":21,"file":"C:\\Users\\SHREEKANT\\Desktop\\Node_Projects\\fundoo-app\\node_modules\\@babel\\runtime\\helpers\\regeneratorRuntime.js","function":"Generator.next","line":69,"method":"next","native":false},{"column":24,"file":"C:\\Users\\SHREEKANT\\Desktop\\Node_Projects\\fundoo-app\\node_modules\\@babel\\runtime\\helpers\\asyncToGenerator.js","function":"asyncGeneratorStep","line":3,"method":null,"native":false},{"column":9,"file":"C:\\Users\\SHREEKANT\\Desktop\\Node_Projects\\fundoo-app\\node_modules\\@babel\\runtime\\helpers\\asyncToGenerator.js","function":"_next","line":22,"method":null,"native":false},{"column":5,"file":"node:internal/process/task_queues","function":"processTicksAndRejections","line":96,"method":null,"native":false}]}
info: ::1 - - [16/Feb/2023:15:23:44 +0000] "POST /api/v1/users HTTP/1.1" 201 300 "-" "PostmanRuntime/7.31.0"

error: uncaughtException: Cannot set headers after they are sent to the client
Error: Cannot set headers after they are sent to the client
    at new NodeError (node:internal/errors:372:5)
    at ServerResponse.setHeader (node:_http_outgoing:576:11)
    at ServerResponse.header (C:\Users\SHREEKANT\Desktop\Node_Projects\fundoo-app\node_modules\express\lib\response.js:794:10)
    at ServerResponse.send (C:\Users\SHREEKANT\Desktop\Node_Projects\fundoo-app\node_modules\express\lib\response.js:174:12)
    at ServerResponse.json (C:\Users\SHREEKANT\Desktop\Node_Projects\fundoo-app\node_modules\express\lib\response.js:278:15)
    at _callee$ (C:\Users\SHREEKANT\Desktop\Node_Projects\fundoo-app\src\controllers\/user.controller.js:29:42)
    at tryCatch (C:\Users\SHREEKANT\Desktop\Node_Projects\fundoo-app\node_modules\@babel\runtime\helpers\regeneratorRuntime.js:44:17)
    at Generator.<anonymous> (C:\Users\SHREEKANT\Desktop\Node_Projects\fundoo-app\node_modules\@babel\runtime\helpers\regeneratorRuntime.js:125:22)
    at Generator.next (C:\Users\SHREEKANT\Desktop\Node_Projects\fundoo-app\node_modules\@babel\runtime\helpers\regeneratorRuntime.js:69:21)
    at asyncGeneratorStep (C:\Users\SHREEKANT\Desktop\Node_Projects\fundoo-app\node_modules\@babel\runtime\helpers\asyncToGenerator.js:3:24)
    at _next (C:\Users\SHREEKANT\Desktop\Node_Projects\fundoo-app\node_modules\@babel\runtime\helpers\asyncToGenerator.js:22:9)
    at processTicksAndRejections (node:internal/process/task_queues:96:5) {"date":"Thu Feb 16 2023 20:53:44 GMT+0530 (India Standard Time)","error":{"code":"ERR_HTTP_HEADERS_SENT"},"exception":true,"os":{"loadavg":[0,0,0],"uptime":42514},"process":{"argv":["node","C:\\Users\\SHREEKANT\\Desktop\\Node_Projects\\fundoo-app\\src\\index.js"],"cwd":"C:\\Users\\SHREEKANT\\Desktop\\Node_Projects\\fundoo-app","execPath":"C:\\Program Files\\nodejs\\node.exe","gid":null,"memoryUsage":{"arrayBuffers":18355868,"external":19929645,"heapTotal":58286080,"heapUsed":51238336,"rss":88297472},"pid":11984,"uid":null,"version":"v16.15.0"},"stack":"Error: Cannot set headers after they are sent to the client\n    at new NodeError (node:internal/errors:372:5)\n    at ServerResponse.setHeader (node:_http_outgoing:576:11)\n    at ServerResponse.header (C:\\Users\\SHREEKANT\\Desktop\\Node_Projects\\fundoo-app\\node_modules\\express\\lib\\response.js:794:10)\n    at ServerResponse.send (C:\\Users\\SHREEKANT\\Desktop\\Node_Projects\\fundoo-app\\node_modules\\express\\lib\\response.js:174:12)\n    at ServerResponse.json (C:\\Users\\SHREEKANT\\Desktop\\Node_Projects\\fundoo-app\\node_modules\\express\\lib\\response.js:278:15)\n    at _callee$ (C:\\Users\\SHREEKANT\\Desktop\\Node_Projects\\fundoo-app\\src\\controllers\\/user.controller.js:29:42)\n    at tryCatch (C:\\Users\\SHREEKANT\\Desktop\\Node_Projects\\fundoo-app\\node_modules\\@babel\\runtime\\helpers\\regeneratorRuntime.js:44:17)\n    at Generator.<anonymous> (C:\\Users\\SHREEKANT\\Desktop\\Node_Projects\\fundoo-app\\node_modules\\@babel\\runtime\\helpers\\regeneratorRuntime.js:125:22)\n    at Generator.next (C:\\Users\\SHREEKANT\\Desktop\\Node_Projects\\fundoo-app\\node_modules\\@babel\\runtime\\helpers\\regeneratorRuntime.js:69:21)\n    at asyncGeneratorStep (C:\\Users\\SHREEKANT\\Desktop\\Node_Projects\\fundoo-app\\node_modules\\@babel\\runtime\\helpers\\asyncToGenerator.js:3:24)\n    at _next (C:\\Users\\SHREEKANT\\Desktop\\Node_Projects\\fundoo-app\\node_modules\\@babel\\runtime\\helpers\\asyncToGenerator.js:22:9)\n    at processTicksAndRejections (node:internal/process/task_queues:96:5)","trace":[{"column":5,"file":"node:internal/errors","function":"new NodeError","line":372,"method":null,"native":false},{"column":11,"file":"node:_http_outgoing","function":"ServerResponse.setHeader","line":576,"method":"setHeader","native":false},{"column":10,"file":"C:\\Users\\SHREEKANT\\Desktop\\Node_Projects\\fundoo-app\\node_modules\\express\\lib\\response.js","function":"ServerResponse.header","line":794,"method":"header","native":false},{"column":12,"file":"C:\\Users\\SHREEKANT\\Desktop\\Node_Projects\\fundoo-app\\node_modules\\express\\lib\\response.js","function":"ServerResponse.send","line":174,"method":"send","native":false},{"column":15,"file":"C:\\Users\\SHREEKANT\\Desktop\\Node_Projects\\fundoo-app\\node_modules\\express\\lib\\response.js","function":"ServerResponse.json","line":278,"method":"json","native":false},{"column":42,"file":"C:\\Users\\SHREEKANT\\Desktop\\Node_Projects\\fundoo-app\\src\\controllers\\/user.controller.js","function":"_callee$","line":29,"method":null,"native":false},{"column":17,"file":"C:\\Users\\SHREEKANT\\Desktop\\Node_Projects\\fundoo-app\\node_modules\\@babel\\runtime\\helpers\\regeneratorRuntime.js","function":"tryCatch","line":44,"method":null,"native":false},{"column":22,"file":"C:\\Users\\SHREEKANT\\Desktop\\Node_Projects\\fundoo-app\\node_modules\\@babel\\runtime\\helpers\\regeneratorRuntime.js","function":null,"line":125,"method":null,"native":false},{"column":21,"file":"C:\\Users\\SHREEKANT\\Desktop\\Node_Projects\\fundoo-app\\node_modules\\@babel\\runtime\\helpers\\regeneratorRuntime.js","function":"Generator.next","line":69,"method":"next","native":false},{"column":24,"file":"C:\\Users\\SHREEKANT\\Desktop\\Node_Projects\\fundoo-app\\node_modules\\@babel\\runtime\\helpers\\asyncToGenerator.js","function":"asyncGeneratorStep","line":3,"method":null,"native":false},{"column":9,"file":"C:\\Users\\SHREEKANT\\Desktop\\Node_Projects\\fundoo-app\\node_modules\\@babel\\runtime\\helpers\\asyncToGenerator.js","function":"_next","line":22,"method":null,"native":false},{"column":5,"file":"node:internal/process/task_queues","function":"processTicksAndRejections","line":96,"method":null,"native":false}]}
info: ::1 - - [16/Feb/2023:15:34:15 +0000] "POST /api/v1/users HTTP/1.1" 201 300 "-" "PostmanRuntime/7.31.0"

info: ::1 - - [16/Feb/2023:15:34:54 +0000] "POST /api/v1/users HTTP/1.1" 500 89 "-" "PostmanRuntime/7.31.0"

info: ::1 - - [16/Feb/2023:15:35:07 +0000] "POST /api/v1/users HTTP/1.1" 201 304 "-" "PostmanRuntime/7.31.0"

info: ::1 - - [16/Feb/2023:15:35:51 +0000] "POST /api/v1/users HTTP/1.1" 201 304 "-" "PostmanRuntime/7.31.0"

info: ::1 - - [16/Feb/2023:15:37:05 +0000] "POST /api/v1/users HTTP/1.1" 201 304 "-" "PostmanRuntime/7.31.0"

info: ::1 - - [16/Feb/2023:15:39:30 +0000] "POST /api/v1/users HTTP/1.1" - - "-" "PostmanRuntime/7.31.0"

info: ::1 - - [16/Feb/2023:15:47:13 +0000] "POST /api/v1/users HTTP/1.1" 400 87 "-" "PostmanRuntime/7.31.0"

error: uncaughtException: Cannot set headers after they are sent to the client
Error: Cannot set headers after they are sent to the client
    at new NodeError (node:internal/errors:372:5)
    at ServerResponse.setHeader (node:_http_outgoing:576:11)
    at ServerResponse.header (C:\Users\SHREEKANT\Desktop\Node_Projects\fundoo-app\node_modules\express\lib\response.js:794:10)
    at ServerResponse.send (C:\Users\SHREEKANT\Desktop\Node_Projects\fundoo-app\node_modules\express\lib\response.js:174:12)
    at ServerResponse.json (C:\Users\SHREEKANT\Desktop\Node_Projects\fundoo-app\node_modules\express\lib\response.js:278:15)
    at _callee$ (C:\Users\SHREEKANT\Desktop\Node_Projects\fundoo-app\src\controllers\/user.controller.js:23:46)
    at tryCatch (C:\Users\SHREEKANT\Desktop\Node_Projects\fundoo-app\node_modules\@babel\runtime\helpers\regeneratorRuntime.js:44:17)
    at Generator.<anonymous> (C:\Users\SHREEKANT\Desktop\Node_Projects\fundoo-app\node_modules\@babel\runtime\helpers\regeneratorRuntime.js:125:22)
    at Generator.next (C:\Users\SHREEKANT\Desktop\Node_Projects\fundoo-app\node_modules\@babel\runtime\helpers\regeneratorRuntime.js:69:21)
    at asyncGeneratorStep (C:\Users\SHREEKANT\Desktop\Node_Projects\fundoo-app\node_modules\@babel\runtime\helpers\asyncToGenerator.js:3:24)
    at _next (C:\Users\SHREEKANT\Desktop\Node_Projects\fundoo-app\node_modules\@babel\runtime\helpers\asyncToGenerator.js:22:9)
    at C:\Users\SHREEKANT\Desktop\Node_Projects\fundoo-app\node_modules\@babel\runtime\helpers\asyncToGenerator.js:27:7
    at new Promise (<anonymous>)
    at C:\Users\SHREEKANT\Desktop\Node_Projects\fundoo-app\node_modules\@babel\runtime\helpers\asyncToGenerator.js:19:12
    at map (C:\Users\SHREEKANT\Desktop\Node_Projects\fundoo-app\src\controllers\/user.controller.js:29:8)
    at Array.map (<anonymous>)
    at _callee2$ (C:\Users\SHREEKANT\Desktop\Node_Projects\fundoo-app\src\controllers\/user.controller.js:20:10)
    at tryCatch (C:\Users\SHREEKANT\Desktop\Node_Projects\fundoo-app\node_modules\@babel\runtime\helpers\regeneratorRuntime.js:44:17)
    at Generator.<anonymous> (C:\Users\SHREEKANT\Desktop\Node_Projects\fundoo-app\node_modules\@babel\runtime\helpers\regeneratorRuntime.js:125:22)
    at Generator.next (C:\Users\SHREEKANT\Desktop\Node_Projects\fundoo-app\node_modules\@babel\runtime\helpers\regeneratorRuntime.js:69:21)
    at asyncGeneratorStep (C:\Users\SHREEKANT\Desktop\Node_Projects\fundoo-app\node_modules\@babel\runtime\helpers\asyncToGenerator.js:3:24)
    at _next (C:\Users\SHREEKANT\Desktop\Node_Projects\fundoo-app\node_modules\@babel\runtime\helpers\asyncToGenerator.js:22:9)
    at processTicksAndRejections (node:internal/process/task_queues:96:5) {"date":"Thu Feb 16 2023 21:17:13 GMT+0530 (India Standard Time)","error":{"code":"ERR_HTTP_HEADERS_SENT"},"exception":true,"os":{"loadavg":[0,0,0],"uptime":43924},"process":{"argv":["node","C:\\Users\\SHREEKANT\\Desktop\\Node_Projects\\fundoo-app\\src\\index.js"],"cwd":"C:\\Users\\SHREEKANT\\Desktop\\Node_Projects\\fundoo-app","execPath":"C:\\Program Files\\nodejs\\node.exe","gid":null,"memoryUsage":{"arrayBuffers":19030004,"external":29220205,"heapTotal":81326080,"heapUsed":53266424,"rss":114888704},"pid":2480,"uid":null,"version":"v16.15.0"},"stack":"Error: Cannot set headers after they are sent to the client\n    at new NodeError (node:internal/errors:372:5)\n    at ServerResponse.setHeader (node:_http_outgoing:576:11)\n    at ServerResponse.header (C:\\Users\\SHREEKANT\\Desktop\\Node_Projects\\fundoo-app\\node_modules\\express\\lib\\response.js:794:10)\n    at ServerResponse.send (C:\\Users\\SHREEKANT\\Desktop\\Node_Projects\\fundoo-app\\node_modules\\express\\lib\\response.js:174:12)\n    at ServerResponse.json (C:\\Users\\SHREEKANT\\Desktop\\Node_Projects\\fundoo-app\\node_modules\\express\\lib\\response.js:278:15)\n    at _callee$ (C:\\Users\\SHREEKANT\\Desktop\\Node_Projects\\fundoo-app\\src\\controllers\\/user.controller.js:23:46)\n    at tryCatch (C:\\Users\\SHREEKANT\\Desktop\\Node_Projects\\fundoo-app\\node_modules\\@babel\\runtime\\helpers\\regeneratorRuntime.js:44:17)\n    at Generator.<anonymous> (C:\\Users\\SHREEKANT\\Desktop\\Node_Projects\\fundoo-app\\node_modules\\@babel\\runtime\\helpers\\regeneratorRuntime.js:125:22)\n    at Generator.next (C:\\Users\\SHREEKANT\\Desktop\\Node_Projects\\fundoo-app\\node_modules\\@babel\\runtime\\helpers\\regeneratorRuntime.js:69:21)\n    at asyncGeneratorStep (C:\\Users\\SHREEKANT\\Desktop\\Node_Projects\\fundoo-app\\node_modules\\@babel\\runtime\\helpers\\asyncToGenerator.js:3:24)\n    at _next (C:\\Users\\SHREEKANT\\Desktop\\Node_Projects\\fundoo-app\\node_modules\\@babel\\runtime\\helpers\\asyncToGenerator.js:22:9)\n    at C:\\Users\\SHREEKANT\\Desktop\\Node_Projects\\fundoo-app\\node_modules\\@babel\\runtime\\helpers\\asyncToGenerator.js:27:7\n    at new Promise (<anonymous>)\n    at C:\\Users\\SHREEKANT\\Desktop\\Node_Projects\\fundoo-app\\node_modules\\@babel\\runtime\\helpers\\asyncToGenerator.js:19:12\n    at map (C:\\Users\\SHREEKANT\\Desktop\\Node_Projects\\fundoo-app\\src\\controllers\\/user.controller.js:29:8)\n    at Array.map (<anonymous>)\n    at _callee2$ (C:\\Users\\SHREEKANT\\Desktop\\Node_Projects\\fundoo-app\\src\\controllers\\/user.controller.js:20:10)\n    at tryCatch (C:\\Users\\SHREEKANT\\Desktop\\Node_Projects\\fundoo-app\\node_modules\\@babel\\runtime\\helpers\\regeneratorRuntime.js:44:17)\n    at Generator.<anonymous> (C:\\Users\\SHREEKANT\\Desktop\\Node_Projects\\fundoo-app\\node_modules\\@babel\\runtime\\helpers\\regeneratorRuntime.js:125:22)\n    at Generator.next (C:\\Users\\SHREEKANT\\Desktop\\Node_Projects\\fundoo-app\\node_modules\\@babel\\runtime\\helpers\\regeneratorRuntime.js:69:21)\n    at asyncGeneratorStep (C:\\Users\\SHREEKANT\\Desktop\\Node_Projects\\fundoo-app\\node_modules\\@babel\\runtime\\helpers\\asyncToGenerator.js:3:24)\n    at _next (C:\\Users\\SHREEKANT\\Desktop\\Node_Projects\\fundoo-app\\node_modules\\@babel\\runtime\\helpers\\asyncToGenerator.js:22:9)\n    at processTicksAndRejections (node:internal/process/task_queues:96:5)","trace":[{"column":5,"file":"node:internal/errors","function":"new NodeError","line":372,"method":null,"native":false},{"column":11,"file":"node:_http_outgoing","function":"ServerResponse.setHeader","line":576,"method":"setHeader","native":false},{"column":10,"file":"C:\\Users\\SHREEKANT\\Desktop\\Node_Projects\\fundoo-app\\node_modules\\express\\lib\\response.js","function":"ServerResponse.header","line":794,"method":"header","native":false},{"column":12,"file":"C:\\Users\\SHREEKANT\\Desktop\\Node_Projects\\fundoo-app\\node_modules\\express\\lib\\response.js","function":"ServerResponse.send","line":174,"method":"send","native":false},{"column":15,"file":"C:\\Users\\SHREEKANT\\Desktop\\Node_Projects\\fundoo-app\\node_modules\\express\\lib\\response.js","function":"ServerResponse.json","line":278,"method":"json","native":false},{"column":46,"file":"C:\\Users\\SHREEKANT\\Desktop\\Node_Projects\\fundoo-app\\src\\controllers\\/user.controller.js","function":"_callee$","line":23,"method":null,"native":false},{"column":17,"file":"C:\\Users\\SHREEKANT\\Desktop\\Node_Projects\\fundoo-app\\node_modules\\@babel\\runtime\\helpers\\regeneratorRuntime.js","function":"tryCatch","line":44,"method":null,"native":false},{"column":22,"file":"C:\\Users\\SHREEKANT\\Desktop\\Node_Projects\\fundoo-app\\node_modules\\@babel\\runtime\\helpers\\regeneratorRuntime.js","function":null,"line":125,"method":null,"native":false},{"column":21,"file":"C:\\Users\\SHREEKANT\\Desktop\\Node_Projects\\fundoo-app\\node_modules\\@babel\\runtime\\helpers\\regeneratorRuntime.js","function":"Generator.next","line":69,"method":"next","native":false},{"column":24,"file":"C:\\Users\\SHREEKANT\\Desktop\\Node_Projects\\fundoo-app\\node_modules\\@babel\\runtime\\helpers\\asyncToGenerator.js","function":"asyncGeneratorStep","line":3,"method":null,"native":false},{"column":9,"file":"C:\\Users\\SHREEKANT\\Desktop\\Node_Projects\\fundoo-app\\node_modules\\@babel\\runtime\\helpers\\asyncToGenerator.js","function":"_next","line":22,"method":null,"native":false},{"column":7,"file":"C:\\Users\\SHREEKANT\\Desktop\\Node_Projects\\fundoo-app\\node_modules\\@babel\\runtime\\helpers\\asyncToGenerator.js","function":null,"line":27,"method":null,"native":false},{"column":null,"file":null,"function":"new Promise","line":null,"method":null,"native":false},{"column":12,"file":"C:\\Users\\SHREEKANT\\Desktop\\Node_Projects\\fundoo-app\\node_modules\\@babel\\runtime\\helpers\\asyncToGenerator.js","function":null,"line":19,"method":null,"native":false},{"column":8,"file":"C:\\Users\\SHREEKANT\\Desktop\\Node_Projects\\fundoo-app\\src\\controllers\\/user.controller.js","function":"map","line":29,"method":null,"native":false},{"column":null,"file":null,"function":"Array.map","line":null,"method":"map","native":false},{"column":10,"file":"C:\\Users\\SHREEKANT\\Desktop\\Node_Projects\\fundoo-app\\src\\controllers\\/user.controller.js","function":"_callee2$","line":20,"method":null,"native":false},{"column":17,"file":"C:\\Users\\SHREEKANT\\Desktop\\Node_Projects\\fundoo-app\\node_modules\\@babel\\runtime\\helpers\\regeneratorRuntime.js","function":"tryCatch","line":44,"method":null,"native":false},{"column":22,"file":"C:\\Users\\SHREEKANT\\Desktop\\Node_Projects\\fundoo-app\\node_modules\\@babel\\runtime\\helpers\\regeneratorRuntime.js","function":null,"line":125,"method":null,"native":false},{"column":21,"file":"C:\\Users\\SHREEKANT\\Desktop\\Node_Projects\\fundoo-app\\node_modules\\@babel\\runtime\\helpers\\regeneratorRuntime.js","function":"Generator.next","line":69,"method":"next","native":false},{"column":24,"file":"C:\\Users\\SHREEKANT\\Desktop\\Node_Projects\\fundoo-app\\node_modules\\@babel\\runtime\\helpers\\asyncToGenerator.js","function":"asyncGeneratorStep","line":3,"method":null,"native":false},{"column":9,"file":"C:\\Users\\SHREEKANT\\Desktop\\Node_Projects\\fundoo-app\\node_modules\\@babel\\runtime\\helpers\\asyncToGenerator.js","function":"_next","line":22,"method":null,"native":false},{"column":5,"file":"node:internal/process/task_queues","function":"processTicksAndRejections","line":96,"method":null,"native":false}]}
error: uncaughtException: Cannot set headers after they are sent to the client
Error: Cannot set headers after they are sent to the client
    at new NodeError (node:internal/errors:372:5)
    at ServerResponse.setHeader (node:_http_outgoing:576:11)
    at ServerResponse.header (C:\Users\SHREEKANT\Desktop\Node_Projects\fundoo-app\node_modules\express\lib\response.js:794:10)
    at ServerResponse.send (C:\Users\SHREEKANT\Desktop\Node_Projects\fundoo-app\node_modules\express\lib\response.js:174:12)
    at ServerResponse.json (C:\Users\SHREEKANT\Desktop\Node_Projects\fundoo-app\node_modules\express\lib\response.js:278:15)
    at _callee$ (C:\Users\SHREEKANT\Desktop\Node_Projects\fundoo-app\src\controllers\/user.controller.js:23:46)
    at tryCatch (C:\Users\SHREEKANT\Desktop\Node_Projects\fundoo-app\node_modules\@babel\runtime\helpers\regeneratorRuntime.js:44:17)
    at Generator.<anonymous> (C:\Users\SHREEKANT\Desktop\Node_Projects\fundoo-app\node_modules\@babel\runtime\helpers\regeneratorRuntime.js:125:22)
    at Generator.next (C:\Users\SHREEKANT\Desktop\Node_Projects\fundoo-app\node_modules\@babel\runtime\helpers\regeneratorRuntime.js:69:21)
    at asyncGeneratorStep (C:\Users\SHREEKANT\Desktop\Node_Projects\fundoo-app\node_modules\@babel\runtime\helpers\asyncToGenerator.js:3:24)
    at _next (C:\Users\SHREEKANT\Desktop\Node_Projects\fundoo-app\node_modules\@babel\runtime\helpers\asyncToGenerator.js:22:9)
    at C:\Users\SHREEKANT\Desktop\Node_Projects\fundoo-app\node_modules\@babel\runtime\helpers\asyncToGenerator.js:27:7
    at new Promise (<anonymous>)
    at C:\Users\SHREEKANT\Desktop\Node_Projects\fundoo-app\node_modules\@babel\runtime\helpers\asyncToGenerator.js:19:12
    at map (C:\Users\SHREEKANT\Desktop\Node_Projects\fundoo-app\src\controllers\/user.controller.js:29:8)
    at Array.map (<anonymous>)
    at _callee2$ (C:\Users\SHREEKANT\Desktop\Node_Projects\fundoo-app\src\controllers\/user.controller.js:20:10)
    at tryCatch (C:\Users\SHREEKANT\Desktop\Node_Projects\fundoo-app\node_modules\@babel\runtime\helpers\regeneratorRuntime.js:44:17)
    at Generator.<anonymous> (C:\Users\SHREEKANT\Desktop\Node_Projects\fundoo-app\node_modules\@babel\runtime\helpers\regeneratorRuntime.js:125:22)
    at Generator.next (C:\Users\SHREEKANT\Desktop\Node_Projects\fundoo-app\node_modules\@babel\runtime\helpers\regeneratorRuntime.js:69:21)
    at asyncGeneratorStep (C:\Users\SHREEKANT\Desktop\Node_Projects\fundoo-app\node_modules\@babel\runtime\helpers\asyncToGenerator.js:3:24)
    at _next (C:\Users\SHREEKANT\Desktop\Node_Projects\fundoo-app\node_modules\@babel\runtime\helpers\asyncToGenerator.js:22:9)
    at processTicksAndRejections (node:internal/process/task_queues:96:5) {"date":"Thu Feb 16 2023 21:17:13 GMT+0530 (India Standard Time)","error":{"code":"ERR_HTTP_HEADERS_SENT"},"exception":true,"os":{"loadavg":[0,0,0],"uptime":43924},"process":{"argv":["node","C:\\Users\\SHREEKANT\\Desktop\\Node_Projects\\fundoo-app\\src\\index.js"],"cwd":"C:\\Users\\SHREEKANT\\Desktop\\Node_Projects\\fundoo-app","execPath":"C:\\Program Files\\nodejs\\node.exe","gid":null,"memoryUsage":{"arrayBuffers":19060835,"external":29251036,"heapTotal":81326080,"heapUsed":53766144,"rss":114929664},"pid":2480,"uid":null,"version":"v16.15.0"},"stack":"Error: Cannot set headers after they are sent to the client\n    at new NodeError (node:internal/errors:372:5)\n    at ServerResponse.setHeader (node:_http_outgoing:576:11)\n    at ServerResponse.header (C:\\Users\\SHREEKANT\\Desktop\\Node_Projects\\fundoo-app\\node_modules\\express\\lib\\response.js:794:10)\n    at ServerResponse.send (C:\\Users\\SHREEKANT\\Desktop\\Node_Projects\\fundoo-app\\node_modules\\express\\lib\\response.js:174:12)\n    at ServerResponse.json (C:\\Users\\SHREEKANT\\Desktop\\Node_Projects\\fundoo-app\\node_modules\\express\\lib\\response.js:278:15)\n    at _callee$ (C:\\Users\\SHREEKANT\\Desktop\\Node_Projects\\fundoo-app\\src\\controllers\\/user.controller.js:23:46)\n    at tryCatch (C:\\Users\\SHREEKANT\\Desktop\\Node_Projects\\fundoo-app\\node_modules\\@babel\\runtime\\helpers\\regeneratorRuntime.js:44:17)\n    at Generator.<anonymous> (C:\\Users\\SHREEKANT\\Desktop\\Node_Projects\\fundoo-app\\node_modules\\@babel\\runtime\\helpers\\regeneratorRuntime.js:125:22)\n    at Generator.next (C:\\Users\\SHREEKANT\\Desktop\\Node_Projects\\fundoo-app\\node_modules\\@babel\\runtime\\helpers\\regeneratorRuntime.js:69:21)\n    at asyncGeneratorStep (C:\\Users\\SHREEKANT\\Desktop\\Node_Projects\\fundoo-app\\node_modules\\@babel\\runtime\\helpers\\asyncToGenerator.js:3:24)\n    at _next (C:\\Users\\SHREEKANT\\Desktop\\Node_Projects\\fundoo-app\\node_modules\\@babel\\runtime\\helpers\\asyncToGenerator.js:22:9)\n    at C:\\Users\\SHREEKANT\\Desktop\\Node_Projects\\fundoo-app\\node_modules\\@babel\\runtime\\helpers\\asyncToGenerator.js:27:7\n    at new Promise (<anonymous>)\n    at C:\\Users\\SHREEKANT\\Desktop\\Node_Projects\\fundoo-app\\node_modules\\@babel\\runtime\\helpers\\asyncToGenerator.js:19:12\n    at map (C:\\Users\\SHREEKANT\\Desktop\\Node_Projects\\fundoo-app\\src\\controllers\\/user.controller.js:29:8)\n    at Array.map (<anonymous>)\n    at _callee2$ (C:\\Users\\SHREEKANT\\Desktop\\Node_Projects\\fundoo-app\\src\\controllers\\/user.controller.js:20:10)\n    at tryCatch (C:\\Users\\SHREEKANT\\Desktop\\Node_Projects\\fundoo-app\\node_modules\\@babel\\runtime\\helpers\\regeneratorRuntime.js:44:17)\n    at Generator.<anonymous> (C:\\Users\\SHREEKANT\\Desktop\\Node_Projects\\fundoo-app\\node_modules\\@babel\\runtime\\helpers\\regeneratorRuntime.js:125:22)\n    at Generator.next (C:\\Users\\SHREEKANT\\Desktop\\Node_Projects\\fundoo-app\\node_modules\\@babel\\runtime\\helpers\\regeneratorRuntime.js:69:21)\n    at asyncGeneratorStep (C:\\Users\\SHREEKANT\\Desktop\\Node_Projects\\fundoo-app\\node_modules\\@babel\\runtime\\helpers\\asyncToGenerator.js:3:24)\n    at _next (C:\\Users\\SHREEKANT\\Desktop\\Node_Projects\\fundoo-app\\node_modules\\@babel\\runtime\\helpers\\asyncToGenerator.js:22:9)\n    at processTicksAndRejections (node:internal/process/task_queues:96:5)","trace":[{"column":5,"file":"node:internal/errors","function":"new NodeError","line":372,"method":null,"native":false},{"column":11,"file":"node:_http_outgoing","function":"ServerResponse.setHeader","line":576,"method":"setHeader","native":false},{"column":10,"file":"C:\\Users\\SHREEKANT\\Desktop\\Node_Projects\\fundoo-app\\node_modules\\express\\lib\\response.js","function":"ServerResponse.header","line":794,"method":"header","native":false},{"column":12,"file":"C:\\Users\\SHREEKANT\\Desktop\\Node_Projects\\fundoo-app\\node_modules\\express\\lib\\response.js","function":"ServerResponse.send","line":174,"method":"send","native":false},{"column":15,"file":"C:\\Users\\SHREEKANT\\Desktop\\Node_Projects\\fundoo-app\\node_modules\\express\\lib\\response.js","function":"ServerResponse.json","line":278,"method":"json","native":false},{"column":46,"file":"C:\\Users\\SHREEKANT\\Desktop\\Node_Projects\\fundoo-app\\src\\controllers\\/user.controller.js","function":"_callee$","line":23,"method":null,"native":false},{"column":17,"file":"C:\\Users\\SHREEKANT\\Desktop\\Node_Projects\\fundoo-app\\node_modules\\@babel\\runtime\\helpers\\regeneratorRuntime.js","function":"tryCatch","line":44,"method":null,"native":false},{"column":22,"file":"C:\\Users\\SHREEKANT\\Desktop\\Node_Projects\\fundoo-app\\node_modules\\@babel\\runtime\\helpers\\regeneratorRuntime.js","function":null,"line":125,"method":null,"native":false},{"column":21,"file":"C:\\Users\\SHREEKANT\\Desktop\\Node_Projects\\fundoo-app\\node_modules\\@babel\\runtime\\helpers\\regeneratorRuntime.js","function":"Generator.next","line":69,"method":"next","native":false},{"column":24,"file":"C:\\Users\\SHREEKANT\\Desktop\\Node_Projects\\fundoo-app\\node_modules\\@babel\\runtime\\helpers\\asyncToGenerator.js","function":"asyncGeneratorStep","line":3,"method":null,"native":false},{"column":9,"file":"C:\\Users\\SHREEKANT\\Desktop\\Node_Projects\\fundoo-app\\node_modules\\@babel\\runtime\\helpers\\asyncToGenerator.js","function":"_next","line":22,"method":null,"native":false},{"column":7,"file":"C:\\Users\\SHREEKANT\\Desktop\\Node_Projects\\fundoo-app\\node_modules\\@babel\\runtime\\helpers\\asyncToGenerator.js","function":null,"line":27,"method":null,"native":false},{"column":null,"file":null,"function":"new Promise","line":null,"method":null,"native":false},{"column":12,"file":"C:\\Users\\SHREEKANT\\Desktop\\Node_Projects\\fundoo-app\\node_modules\\@babel\\runtime\\helpers\\asyncToGenerator.js","function":null,"line":19,"method":null,"native":false},{"column":8,"file":"C:\\Users\\SHREEKANT\\Desktop\\Node_Projects\\fundoo-app\\src\\controllers\\/user.controller.js","function":"map","line":29,"method":null,"native":false},{"column":null,"file":null,"function":"Array.map","line":null,"method":"map","native":false},{"column":10,"file":"C:\\Users\\SHREEKANT\\Desktop\\Node_Projects\\fundoo-app\\src\\controllers\\/user.controller.js","function":"_callee2$","line":20,"method":null,"native":false},{"column":17,"file":"C:\\Users\\SHREEKANT\\Desktop\\Node_Projects\\fundoo-app\\node_modules\\@babel\\runtime\\helpers\\regeneratorRuntime.js","function":"tryCatch","line":44,"method":null,"native":false},{"column":22,"file":"C:\\Users\\SHREEKANT\\Desktop\\Node_Projects\\fundoo-app\\node_modules\\@babel\\runtime\\helpers\\regeneratorRuntime.js","function":null,"line":125,"method":null,"native":false},{"column":21,"file":"C:\\Users\\SHREEKANT\\Desktop\\Node_Projects\\fundoo-app\\node_modules\\@babel\\runtime\\helpers\\regeneratorRuntime.js","function":"Generator.next","line":69,"method":"next","native":false},{"column":24,"file":"C:\\Users\\SHREEKANT\\Desktop\\Node_Projects\\fundoo-app\\node_modules\\@babel\\runtime\\helpers\\asyncToGenerator.js","function":"asyncGeneratorStep","line":3,"method":null,"native":false},{"column":9,"file":"C:\\Users\\SHREEKANT\\Desktop\\Node_Projects\\fundoo-app\\node_modules\\@babel\\runtime\\helpers\\asyncToGenerator.js","function":"_next","line":22,"method":null,"native":false},{"column":5,"file":"node:internal/process/task_queues","function":"processTicksAndRejections","line":96,"method":null,"native":false}]}
info: ::1 - - [16/Feb/2023:15:56:44 +0000] "POST /api/v1/users HTTP/1.1" 400 87 "-" "PostmanRuntime/7.31.0"

info: ::1 - - [16/Feb/2023:16:05:19 +0000] "POST /api/v1/users HTTP/1.1" - - "-" "PostmanRuntime/7.31.0"

info: ::1 - - [16/Feb/2023:16:06:39 +0000] "POST /api/v1/users HTTP/1.1" - - "-" "PostmanRuntime/7.31.0"

info: ::1 - - [16/Feb/2023:16:06:48 +0000] "POST /api/v1/users HTTP/1.1" - - "-" "PostmanRuntime/7.31.0"

info: ::1 - - [16/Feb/2023:16:09:44 +0000] "POST /api/v1/users HTTP/1.1" 400 87 "-" "PostmanRuntime/7.31.0"

info: ::1 - - [16/Feb/2023:16:09:53 +0000] "POST /api/v1/users HTTP/1.1" 201 307 "-" "PostmanRuntime/7.31.0"

info: ::1 - - [16/Feb/2023:16:10:00 +0000] "POST /api/v1/users HTTP/1.1" 400 87 "-" "PostmanRuntime/7.31.0"

info: ::1 - - [16/Feb/2023:16:11:46 +0000] "POST /api/v1/users HTTP/1.1" 400 87 "-" "PostmanRuntime/7.31.0"

info: ::1 - - [16/Feb/2023:16:19:13 +0000] "POST /api/v1/users HTTP/1.1" 201 307 "-" "PostmanRuntime/7.31.0"

error: uncaughtException: req is not defined
ReferenceError: req is not defined
    at map (C:\Users\SHREEKANT\Desktop\Node_Projects\fundoo-app\src\controllers\/user.controller.js:7:14)
    at Array.map (<anonymous>)
    at _callee3$ (C:\Users\SHREEKANT\Desktop\Node_Projects\fundoo-app\src\controllers\/user.controller.js:7:6)
    at tryCatch (C:\Users\SHREEKANT\Desktop\Node_Projects\fundoo-app\node_modules\@babel\runtime\helpers\regeneratorRuntime.js:44:17)
    at Generator.<anonymous> (C:\Users\SHREEKANT\Desktop\Node_Projects\fundoo-app\node_modules\@babel\runtime\helpers\regeneratorRuntime.js:125:22)
    at Generator.next (C:\Users\SHREEKANT\Desktop\Node_Projects\fundoo-app\node_modules\@babel\runtime\helpers\regeneratorRuntime.js:69:21)
    at asyncGeneratorStep (C:\Users\SHREEKANT\Desktop\Node_Projects\fundoo-app\node_modules\@babel\runtime\helpers\asyncToGenerator.js:3:24)
    at _next (C:\Users\SHREEKANT\Desktop\Node_Projects\fundoo-app\node_modules\@babel\runtime\helpers\asyncToGenerator.js:22:9)
    at processTicksAndRejections (node:internal/process/task_queues:96:5) {"date":"Thu Feb 16 2023 21:49:13 GMT+0530 (India Standard Time)","error":{},"exception":true,"os":{"loadavg":[0,0,0],"uptime":45843},"process":{"argv":["node","C:\\Users\\SHREEKANT\\Desktop\\Node_Projects\\fundoo-app\\src\\index.js"],"cwd":"C:\\Users\\SHREEKANT\\Desktop\\Node_Projects\\fundoo-app","execPath":"C:\\Program Files\\nodejs\\node.exe","gid":null,"memoryUsage":{"arrayBuffers":18967352,"external":29228815,"heapTotal":81592320,"heapUsed":53306256,"rss":115625984},"pid":11948,"uid":null,"version":"v16.15.0"},"stack":"ReferenceError: req is not defined\n    at map (C:\\Users\\SHREEKANT\\Desktop\\Node_Projects\\fundoo-app\\src\\controllers\\/user.controller.js:7:14)\n    at Array.map (<anonymous>)\n    at _callee3$ (C:\\Users\\SHREEKANT\\Desktop\\Node_Projects\\fundoo-app\\src\\controllers\\/user.controller.js:7:6)\n    at tryCatch (C:\\Users\\SHREEKANT\\Desktop\\Node_Projects\\fundoo-app\\node_modules\\@babel\\runtime\\helpers\\regeneratorRuntime.js:44:17)\n    at Generator.<anonymous> (C:\\Users\\SHREEKANT\\Desktop\\Node_Projects\\fundoo-app\\node_modules\\@babel\\runtime\\helpers\\regeneratorRuntime.js:125:22)\n    at Generator.next (C:\\Users\\SHREEKANT\\Desktop\\Node_Projects\\fundoo-app\\node_modules\\@babel\\runtime\\helpers\\regeneratorRuntime.js:69:21)\n    at asyncGeneratorStep (C:\\Users\\SHREEKANT\\Desktop\\Node_Projects\\fundoo-app\\node_modules\\@babel\\runtime\\helpers\\asyncToGenerator.js:3:24)\n    at _next (C:\\Users\\SHREEKANT\\Desktop\\Node_Projects\\fundoo-app\\node_modules\\@babel\\runtime\\helpers\\asyncToGenerator.js:22:9)\n    at processTicksAndRejections (node:internal/process/task_queues:96:5)","trace":[{"column":14,"file":"C:\\Users\\SHREEKANT\\Desktop\\Node_Projects\\fundoo-app\\src\\controllers\\/user.controller.js","function":"map","line":7,"method":null,"native":false},{"column":null,"file":null,"function":"Array.map","line":null,"method":"map","native":false},{"column":6,"file":"C:\\Users\\SHREEKANT\\Desktop\\Node_Projects\\fundoo-app\\src\\controllers\\/user.controller.js","function":"_callee3$","line":7,"method":null,"native":false},{"column":17,"file":"C:\\Users\\SHREEKANT\\Desktop\\Node_Projects\\fundoo-app\\node_modules\\@babel\\runtime\\helpers\\regeneratorRuntime.js","function":"tryCatch","line":44,"method":null,"native":false},{"column":22,"file":"C:\\Users\\SHREEKANT\\Desktop\\Node_Projects\\fundoo-app\\node_modules\\@babel\\runtime\\helpers\\regeneratorRuntime.js","function":null,"line":125,"method":null,"native":false},{"column":21,"file":"C:\\Users\\SHREEKANT\\Desktop\\Node_Projects\\fundoo-app\\node_modules\\@babel\\runtime\\helpers\\regeneratorRuntime.js","function":"Generator.next","line":69,"method":"next","native":false},{"column":24,"file":"C:\\Users\\SHREEKANT\\Desktop\\Node_Projects\\fundoo-app\\node_modules\\@babel\\runtime\\helpers\\asyncToGenerator.js","function":"asyncGeneratorStep","line":3,"method":null,"native":false},{"column":9,"file":"C:\\Users\\SHREEKANT\\Desktop\\Node_Projects\\fundoo-app\\node_modules\\@babel\\runtime\\helpers\\asyncToGenerator.js","function":"_next","line":22,"method":null,"native":false},{"column":5,"file":"node:internal/process/task_queues","function":"processTicksAndRejections","line":96,"method":null,"native":false}]}
info: ::1 - - [16/Feb/2023:16:20:47 +0000] "POST /api/v1/users HTTP/1.1" 201 307 "-" "PostmanRuntime/7.31.0"

info: ::1 - - [16/Feb/2023:16:20:54 +0000] "POST /api/v1/users HTTP/1.1" 201 307 "-" "PostmanRuntime/7.31.0"

info: ::1 - - [16/Feb/2023:16:21:44 +0000] "POST /api/v1/users HTTP/1.1" 400 87 "-" "PostmanRuntime/7.31.0"

info: ::1 - - [16/Feb/2023:16:21:52 +0000] "POST /api/v1/users HTTP/1.1" 201 308 "-" "PostmanRuntime/7.31.0"

info: ::1 - - [16/Feb/2023:16:21:56 +0000] "POST /api/v1/users HTTP/1.1" 400 87 "-" "PostmanRuntime/7.31.0"

info: ::1 - - [16/Feb/2023:16:26:38 +0000] "POST /api/v1/users HTTP/1.1" 400 87 "-" "PostmanRuntime/7.31.0"

info: ::1 - - [16/Feb/2023:16:26:49 +0000] "POST /api/v1/users HTTP/1.1" 201 307 "-" "PostmanRuntime/7.31.0"
=======
info: ::1 - - [16/Feb/2023:17:32:03 +0000] "POST /api/v1/users/login HTTP/1.1" 500 76 "-" "PostmanRuntime/7.31.0"

info: ::1 - - [16/Feb/2023:17:34:55 +0000] "POST /api/v1/users/login HTTP/1.1" 400 87 "-" "PostmanRuntime/7.31.0"

info: ::1 - - [16/Feb/2023:17:39:17 +0000] "POST /api/v1/users/login HTTP/1.1" 400 87 "-" "PostmanRuntime/7.31.0"

info: ::1 - - [16/Feb/2023:17:44:39 +0000] "POST /api/v1/users/login HTTP/1.1" 200 75 "-" "PostmanRuntime/7.31.0"

info: ::1 - - [16/Feb/2023:17:44:47 +0000] "POST /api/v1/users/login HTTP/1.1" 400 68 "-" "PostmanRuntime/7.31.0"

info: ::1 - - [16/Feb/2023:17:44:53 +0000] "POST /api/v1/users/login HTTP/1.1" 400 64 "-" "PostmanRuntime/7.31.0"

info: ::1 - - [16/Feb/2023:17:45:52 +0000] "POST /api/v1/users/login HTTP/1.1" 400 64 "-" "PostmanRuntime/7.31.0"

info: ::1 - - [16/Feb/2023:17:46:28 +0000] "POST /api/v1/users/login HTTP/1.1" 400 68 "-" "PostmanRuntime/7.31.0"

info: ::1 - - [16/Feb/2023:17:46:40 +0000] "POST /api/v1/users/login HTTP/1.1" 200 72 "-" "PostmanRuntime/7.31.0"
>>>>>>> Login

